2018-06-27 23:48:38.554 [main] INFO  com.log.log.LogApplication Line:50 ----------------> Starting LogApplication on lgj-Lenovo-G470 with PID 23303 (/home/lgj/aProject/SpringBootStudy/ch2/target/classes started by lgj in /home/lgj/aProject/SpringBootStudy/ch2)
2018-06-27 23:48:38.556 [main] INFO  com.log.log.LogApplication Line:659 ----------------> No active profile set, falling back to default profiles: default
2018-06-27 23:48:38.623 [main] INFO  o.s.b.w.s.c.AnnotationConfigServletWebServerApplicationContext Line:590 ----------------> Refreshing org.springframework.boot.web.servlet.context.AnnotationConfigServletWebServerApplicationContext@2eced48b: startup date [Wed Jun 27 23:48:38 CST 2018]; root of context hierarchy
2018-06-27 23:48:39.833 [main] INFO  o.s.boot.web.embedded.tomcat.TomcatWebServer Line:91 ----------------> Tomcat initialized with port(s): 8081 (http)
2018-06-27 23:48:39.850 [main] INFO  org.apache.coyote.http11.Http11NioProtocol Line:180 ----------------> Initializing ProtocolHandler ["http-nio-8081"]
2018-06-27 23:48:39.860 [main] INFO  org.apache.catalina.core.StandardService Line:180 ----------------> Starting service [Tomcat]
2018-06-27 23:48:39.861 [main] INFO  org.apache.catalina.core.StandardEngine Line:180 ----------------> Starting Servlet Engine: Apache Tomcat/8.5.31
2018-06-27 23:48:39.866 [localhost-startStop-1] INFO  org.apache.catalina.core.AprLifecycleListener Line:180 ----------------> The APR based Apache Tomcat Native library which allows optimal performance in production environments was not found on the java.library.path: [/usr/java/packages/lib:/usr/lib64:/lib64:/lib:/usr/lib]
2018-06-27 23:48:39.935 [localhost-startStop-1] INFO  o.a.c.core.ContainerBase.[Tomcat].[localhost].[/] Line:180 ----------------> Initializing Spring embedded WebApplicationContext
2018-06-27 23:48:39.935 [localhost-startStop-1] INFO  org.springframework.web.context.ContextLoader Line:285 ----------------> Root WebApplicationContext: initialization completed in 1313 ms
2018-06-27 23:48:40.054 [localhost-startStop-1] INFO  o.s.boot.web.servlet.ServletRegistrationBean Line:186 ----------------> Servlet dispatcherServlet mapped to [/]
2018-06-27 23:48:40.061 [localhost-startStop-1] INFO  o.s.boot.web.servlet.FilterRegistrationBean Line:245 ----------------> Mapping filter: 'characterEncodingFilter' to: [/*]
2018-06-27 23:48:40.062 [localhost-startStop-1] INFO  o.s.boot.web.servlet.FilterRegistrationBean Line:245 ----------------> Mapping filter: 'hiddenHttpMethodFilter' to: [/*]
2018-06-27 23:48:40.063 [localhost-startStop-1] INFO  o.s.boot.web.servlet.FilterRegistrationBean Line:245 ----------------> Mapping filter: 'httpPutFormContentFilter' to: [/*]
2018-06-27 23:48:40.063 [localhost-startStop-1] INFO  o.s.boot.web.servlet.FilterRegistrationBean Line:245 ----------------> Mapping filter: 'requestContextFilter' to: [/*]
2018-06-27 23:48:40.179 [main] INFO  o.s.web.servlet.handler.SimpleUrlHandlerMapping Line:373 ----------------> Mapped URL path [/**/favicon.ico] onto handler of type [class org.springframework.web.servlet.resource.ResourceHttpRequestHandler]
2018-06-27 23:48:40.411 [main] INFO  o.s.w.s.m.m.a.RequestMappingHandlerAdapter Line:574 ----------------> Looking for @ControllerAdvice: org.springframework.boot.web.servlet.context.AnnotationConfigServletWebServerApplicationContext@2eced48b: startup date [Wed Jun 27 23:48:38 CST 2018]; root of context hierarchy
2018-06-27 23:48:40.467 [main] INFO  o.s.w.s.m.m.a.RequestMappingHandlerMapping Line:547 ----------------> Mapped "{[/error]}" onto public org.springframework.http.ResponseEntity<java.util.Map<java.lang.String, java.lang.Object>> org.springframework.boot.autoconfigure.web.servlet.error.BasicErrorController.error(javax.servlet.http.HttpServletRequest)
2018-06-27 23:48:40.469 [main] INFO  o.s.w.s.m.m.a.RequestMappingHandlerMapping Line:547 ----------------> Mapped "{[/error],produces=[text/html]}" onto public org.springframework.web.servlet.ModelAndView org.springframework.boot.autoconfigure.web.servlet.error.BasicErrorController.errorHtml(javax.servlet.http.HttpServletRequest,javax.servlet.http.HttpServletResponse)
2018-06-27 23:48:40.495 [main] INFO  o.s.web.servlet.handler.SimpleUrlHandlerMapping Line:373 ----------------> Mapped URL path [/webjars/**] onto handler of type [class org.springframework.web.servlet.resource.ResourceHttpRequestHandler]
2018-06-27 23:48:40.495 [main] INFO  o.s.web.servlet.handler.SimpleUrlHandlerMapping Line:373 ----------------> Mapped URL path [/**] onto handler of type [class org.springframework.web.servlet.resource.ResourceHttpRequestHandler]
2018-06-27 23:48:40.688 [main] INFO  o.s.jmx.export.annotation.AnnotationMBeanExporter Line:433 ----------------> Registering beans for JMX exposure on startup
2018-06-27 23:48:40.717 [main] INFO  org.apache.coyote.http11.Http11NioProtocol Line:180 ----------------> Starting ProtocolHandler ["http-nio-8081"]
2018-06-27 23:48:40.721 [main] INFO  org.apache.tomcat.util.net.NioSelectorPool Line:180 ----------------> Using a shared selector for servlet write/read
2018-06-27 23:48:40.737 [main] INFO  o.s.boot.web.embedded.tomcat.TomcatWebServer Line:206 ----------------> Tomcat started on port(s): 8081 (http) with context path ''
2018-06-27 23:48:40.745 [main] INFO  com.log.log.LogApplication Line:59 ----------------> Started LogApplication in 2.991 seconds (JVM running for 4.364)
2018-06-27 23:48:56.801 [Thread-2] INFO  o.s.b.w.s.c.AnnotationConfigServletWebServerApplicationContext Line:993 ----------------> Closing org.springframework.boot.web.servlet.context.AnnotationConfigServletWebServerApplicationContext@2eced48b: startup date [Wed Jun 27 23:48:38 CST 2018]; root of context hierarchy
2018-06-27 23:48:56.804 [Thread-2] INFO  o.s.jmx.export.annotation.AnnotationMBeanExporter Line:451 ----------------> Unregistering JMX-exposed beans on shutdown
2018-06-27 23:48:59.976 [main] INFO  o.s.b.w.s.c.AnnotationConfigServletWebServerApplicationContext Line:590 ----------------> Refreshing org.springframework.boot.web.servlet.context.AnnotationConfigServletWebServerApplicationContext@62f68dff: startup date [Wed Jun 27 23:48:59 CST 2018]; root of context hierarchy
2018-06-27 23:49:01.202 [main] INFO  o.s.boot.web.embedded.tomcat.TomcatWebServer Line:91 ----------------> Tomcat initialized with port(s): 8081 (http)
2018-06-27 23:49:01.217 [main] INFO  org.apache.coyote.http11.Http11NioProtocol Line:180 ----------------> Initializing ProtocolHandler ["http-nio-8081"]
2018-06-27 23:49:01.228 [main] INFO  org.apache.catalina.core.StandardService Line:180 ----------------> Starting service [Tomcat]
2018-06-27 23:49:01.229 [main] INFO  org.apache.catalina.core.StandardEngine Line:180 ----------------> Starting Servlet Engine: Apache Tomcat/8.5.31
2018-06-27 23:49:01.234 [localhost-startStop-1] INFO  org.apache.catalina.core.AprLifecycleListener Line:180 ----------------> The APR based Apache Tomcat Native library which allows optimal performance in production environments was not found on the java.library.path: [/usr/java/packages/lib:/usr/lib64:/lib64:/lib:/usr/lib]
2018-06-27 23:49:01.325 [localhost-startStop-1] INFO  o.a.c.core.ContainerBase.[Tomcat].[localhost].[/] Line:180 ----------------> Initializing Spring embedded WebApplicationContext
2018-06-27 23:49:01.326 [localhost-startStop-1] INFO  org.springframework.web.context.ContextLoader Line:285 ----------------> Root WebApplicationContext: initialization completed in 1350 ms
2018-06-27 23:49:01.427 [localhost-startStop-1] INFO  o.s.boot.web.servlet.ServletRegistrationBean Line:186 ----------------> Servlet dispatcherServlet mapped to [/]
2018-06-27 23:49:01.432 [localhost-startStop-1] INFO  o.s.boot.web.servlet.FilterRegistrationBean Line:245 ----------------> Mapping filter: 'characterEncodingFilter' to: [/*]
2018-06-27 23:49:01.432 [localhost-startStop-1] INFO  o.s.boot.web.servlet.FilterRegistrationBean Line:245 ----------------> Mapping filter: 'hiddenHttpMethodFilter' to: [/*]
2018-06-27 23:49:01.433 [localhost-startStop-1] INFO  o.s.boot.web.servlet.FilterRegistrationBean Line:245 ----------------> Mapping filter: 'httpPutFormContentFilter' to: [/*]
2018-06-27 23:49:01.433 [localhost-startStop-1] INFO  o.s.boot.web.servlet.FilterRegistrationBean Line:245 ----------------> Mapping filter: 'requestContextFilter' to: [/*]
2018-06-27 23:49:01.540 [main] INFO  o.s.web.servlet.handler.SimpleUrlHandlerMapping Line:373 ----------------> Mapped URL path [/**/favicon.ico] onto handler of type [class org.springframework.web.servlet.resource.ResourceHttpRequestHandler]
2018-06-27 23:49:01.721 [main] INFO  o.s.w.s.m.m.a.RequestMappingHandlerAdapter Line:574 ----------------> Looking for @ControllerAdvice: org.springframework.boot.web.servlet.context.AnnotationConfigServletWebServerApplicationContext@62f68dff: startup date [Wed Jun 27 23:48:59 CST 2018]; root of context hierarchy
2018-06-27 23:49:01.770 [main] INFO  o.s.w.s.m.m.a.RequestMappingHandlerMapping Line:547 ----------------> Mapped "{[/error]}" onto public org.springframework.http.ResponseEntity<java.util.Map<java.lang.String, java.lang.Object>> org.springframework.boot.autoconfigure.web.servlet.error.BasicErrorController.error(javax.servlet.http.HttpServletRequest)
2018-06-27 23:49:01.771 [main] INFO  o.s.w.s.m.m.a.RequestMappingHandlerMapping Line:547 ----------------> Mapped "{[/error],produces=[text/html]}" onto public org.springframework.web.servlet.ModelAndView org.springframework.boot.autoconfigure.web.servlet.error.BasicErrorController.errorHtml(javax.servlet.http.HttpServletRequest,javax.servlet.http.HttpServletResponse)
2018-06-27 23:49:01.792 [main] INFO  o.s.web.servlet.handler.SimpleUrlHandlerMapping Line:373 ----------------> Mapped URL path [/webjars/**] onto handler of type [class org.springframework.web.servlet.resource.ResourceHttpRequestHandler]
2018-06-27 23:49:01.792 [main] INFO  o.s.web.servlet.handler.SimpleUrlHandlerMapping Line:373 ----------------> Mapped URL path [/**] onto handler of type [class org.springframework.web.servlet.resource.ResourceHttpRequestHandler]
2018-06-27 23:49:01.919 [main] INFO  o.s.jmx.export.annotation.AnnotationMBeanExporter Line:433 ----------------> Registering beans for JMX exposure on startup
2018-06-27 23:49:01.936 [main] INFO  org.apache.coyote.http11.Http11NioProtocol Line:180 ----------------> Starting ProtocolHandler ["http-nio-8081"]
2018-06-27 23:49:01.941 [main] INFO  org.apache.tomcat.util.net.NioSelectorPool Line:180 ----------------> Using a shared selector for servlet write/read
2018-06-27 23:49:01.955 [main] INFO  o.s.boot.web.embedded.tomcat.TomcatWebServer Line:206 ----------------> Tomcat started on port(s): 8081 (http) with context path ''
2018-06-27 23:50:27.771 [Thread-2] INFO  o.s.b.w.s.c.AnnotationConfigServletWebServerApplicationContext Line:993 ----------------> Closing org.springframework.boot.web.servlet.context.AnnotationConfigServletWebServerApplicationContext@62f68dff: startup date [Wed Jun 27 23:48:59 CST 2018]; root of context hierarchy
2018-06-27 23:50:27.778 [Thread-2] INFO  o.s.jmx.export.annotation.AnnotationMBeanExporter Line:451 ----------------> Unregistering JMX-exposed beans on shutdown
2018-06-27 23:50:30.977 [main] INFO  com.log.log.LogApplication Line:50 ----------------> Starting LogApplication on lgj-Lenovo-G470 with PID 23626 (/home/lgj/aProject/SpringBootStudy/ch2/target/classes started by lgj in /home/lgj/aProject/SpringBootStudy/ch2)
2018-06-27 23:50:30.982 [main] INFO  com.log.log.LogApplication Line:659 ----------------> No active profile set, falling back to default profiles: default
2018-06-27 23:50:31.054 [main] INFO  o.s.b.w.s.c.AnnotationConfigServletWebServerApplicationContext Line:590 ----------------> Refreshing org.springframework.boot.web.servlet.context.AnnotationConfigServletWebServerApplicationContext@f001896: startup date [Wed Jun 27 23:50:31 CST 2018]; root of context hierarchy
2018-06-27 23:50:32.390 [main] INFO  o.s.boot.web.embedded.tomcat.TomcatWebServer Line:91 ----------------> Tomcat initialized with port(s): 8081 (http)
2018-06-27 23:50:32.408 [main] INFO  org.apache.coyote.http11.Http11NioProtocol Line:180 ----------------> Initializing ProtocolHandler ["http-nio-8081"]
2018-06-27 23:50:32.425 [main] INFO  org.apache.catalina.core.StandardService Line:180 ----------------> Starting service [Tomcat]
2018-06-27 23:50:32.426 [main] INFO  org.apache.catalina.core.StandardEngine Line:180 ----------------> Starting Servlet Engine: Apache Tomcat/8.5.31
2018-06-27 23:50:32.434 [localhost-startStop-1] INFO  org.apache.catalina.core.AprLifecycleListener Line:180 ----------------> The APR based Apache Tomcat Native library which allows optimal performance in production environments was not found on the java.library.path: [/usr/java/packages/lib:/usr/lib64:/lib64:/lib:/usr/lib]
2018-06-27 23:50:32.539 [localhost-startStop-1] INFO  o.a.c.core.ContainerBase.[Tomcat].[localhost].[/] Line:180 ----------------> Initializing Spring embedded WebApplicationContext
2018-06-27 23:50:32.540 [localhost-startStop-1] INFO  org.springframework.web.context.ContextLoader Line:285 ----------------> Root WebApplicationContext: initialization completed in 1486 ms
2018-06-27 23:50:32.701 [localhost-startStop-1] INFO  o.s.boot.web.servlet.ServletRegistrationBean Line:186 ----------------> Servlet dispatcherServlet mapped to [/]
2018-06-27 23:50:32.707 [localhost-startStop-1] INFO  o.s.boot.web.servlet.FilterRegistrationBean Line:245 ----------------> Mapping filter: 'characterEncodingFilter' to: [/*]
2018-06-27 23:50:32.708 [localhost-startStop-1] INFO  o.s.boot.web.servlet.FilterRegistrationBean Line:245 ----------------> Mapping filter: 'hiddenHttpMethodFilter' to: [/*]
2018-06-27 23:50:32.709 [localhost-startStop-1] INFO  o.s.boot.web.servlet.FilterRegistrationBean Line:245 ----------------> Mapping filter: 'httpPutFormContentFilter' to: [/*]
2018-06-27 23:50:32.710 [localhost-startStop-1] INFO  o.s.boot.web.servlet.FilterRegistrationBean Line:245 ----------------> Mapping filter: 'requestContextFilter' to: [/*]
2018-06-27 23:50:32.831 [main] INFO  o.s.web.servlet.handler.SimpleUrlHandlerMapping Line:373 ----------------> Mapped URL path [/**/favicon.ico] onto handler of type [class org.springframework.web.servlet.resource.ResourceHttpRequestHandler]
2018-06-27 23:50:33.112 [main] INFO  o.s.w.s.m.m.a.RequestMappingHandlerAdapter Line:574 ----------------> Looking for @ControllerAdvice: org.springframework.boot.web.servlet.context.AnnotationConfigServletWebServerApplicationContext@f001896: startup date [Wed Jun 27 23:50:31 CST 2018]; root of context hierarchy
2018-06-27 23:50:33.180 [main] INFO  o.s.w.s.m.m.a.RequestMappingHandlerMapping Line:547 ----------------> Mapped "{[/error]}" onto public org.springframework.http.ResponseEntity<java.util.Map<java.lang.String, java.lang.Object>> org.springframework.boot.autoconfigure.web.servlet.error.BasicErrorController.error(javax.servlet.http.HttpServletRequest)
2018-06-27 23:50:33.182 [main] INFO  o.s.w.s.m.m.a.RequestMappingHandlerMapping Line:547 ----------------> Mapped "{[/error],produces=[text/html]}" onto public org.springframework.web.servlet.ModelAndView org.springframework.boot.autoconfigure.web.servlet.error.BasicErrorController.errorHtml(javax.servlet.http.HttpServletRequest,javax.servlet.http.HttpServletResponse)
2018-06-27 23:50:33.212 [main] INFO  o.s.web.servlet.handler.SimpleUrlHandlerMapping Line:373 ----------------> Mapped URL path [/webjars/**] onto handler of type [class org.springframework.web.servlet.resource.ResourceHttpRequestHandler]
2018-06-27 23:50:33.213 [main] INFO  o.s.web.servlet.handler.SimpleUrlHandlerMapping Line:373 ----------------> Mapped URL path [/**] onto handler of type [class org.springframework.web.servlet.resource.ResourceHttpRequestHandler]
2018-06-27 23:50:33.419 [main] INFO  o.s.jmx.export.annotation.AnnotationMBeanExporter Line:433 ----------------> Registering beans for JMX exposure on startup
2018-06-27 23:50:33.439 [main] INFO  org.apache.coyote.http11.Http11NioProtocol Line:180 ----------------> Starting ProtocolHandler ["http-nio-8081"]
2018-06-27 23:50:33.445 [main] INFO  org.apache.tomcat.util.net.NioSelectorPool Line:180 ----------------> Using a shared selector for servlet write/read
2018-06-27 23:50:33.457 [main] INFO  o.s.boot.web.embedded.tomcat.TomcatWebServer Line:206 ----------------> Tomcat started on port(s): 8081 (http) with context path ''
2018-06-27 23:50:33.463 [main] INFO  com.log.log.LogApplication Line:59 ----------------> Started LogApplication in 3.252 seconds (JVM running for 4.642)
2018-06-27 23:51:14.176 [Thread-2] INFO  o.s.b.w.s.c.AnnotationConfigServletWebServerApplicationContext Line:993 ----------------> Closing org.springframework.boot.web.servlet.context.AnnotationConfigServletWebServerApplicationContext@f001896: startup date [Wed Jun 27 23:50:31 CST 2018]; root of context hierarchy
2018-06-27 23:51:14.179 [Thread-2] INFO  o.s.jmx.export.annotation.AnnotationMBeanExporter Line:451 ----------------> Unregistering JMX-exposed beans on shutdown
2018-06-27 23:51:17.362 [main] INFO  com.log.log.LogApplication Line:50 ----------------> Starting LogApplication on lgj-Lenovo-G470 with PID 23771 (/home/lgj/aProject/SpringBootStudy/ch2/target/classes started by lgj in /home/lgj/aProject/SpringBootStudy/ch2)
2018-06-27 23:51:17.365 [main] INFO  com.log.log.LogApplication Line:659 ----------------> No active profile set, falling back to default profiles: default
2018-06-27 23:51:17.441 [main] INFO  o.s.b.w.s.c.AnnotationConfigServletWebServerApplicationContext Line:590 ----------------> Refreshing org.springframework.boot.web.servlet.context.AnnotationConfigServletWebServerApplicationContext@62f68dff: startup date [Wed Jun 27 23:51:17 CST 2018]; root of context hierarchy
2018-06-27 23:51:18.597 [main] INFO  o.s.boot.web.embedded.tomcat.TomcatWebServer Line:91 ----------------> Tomcat initialized with port(s): 8081 (http)
2018-06-27 23:51:18.613 [main] INFO  org.apache.coyote.http11.Http11NioProtocol Line:180 ----------------> Initializing ProtocolHandler ["http-nio-8081"]
2018-06-27 23:51:18.624 [main] INFO  org.apache.catalina.core.StandardService Line:180 ----------------> Starting service [Tomcat]
2018-06-27 23:51:18.624 [main] INFO  org.apache.catalina.core.StandardEngine Line:180 ----------------> Starting Servlet Engine: Apache Tomcat/8.5.31
2018-06-27 23:51:18.648 [localhost-startStop-1] INFO  org.apache.catalina.core.AprLifecycleListener Line:180 ----------------> The APR based Apache Tomcat Native library which allows optimal performance in production environments was not found on the java.library.path: [/usr/java/packages/lib:/usr/lib64:/lib64:/lib:/usr/lib]
2018-06-27 23:51:18.715 [localhost-startStop-1] INFO  o.a.c.core.ContainerBase.[Tomcat].[localhost].[/] Line:180 ----------------> Initializing Spring embedded WebApplicationContext
2018-06-27 23:51:18.715 [localhost-startStop-1] INFO  org.springframework.web.context.ContextLoader Line:285 ----------------> Root WebApplicationContext: initialization completed in 1274 ms
2018-06-27 23:51:18.820 [localhost-startStop-1] INFO  o.s.boot.web.servlet.ServletRegistrationBean Line:186 ----------------> Servlet dispatcherServlet mapped to [/]
2018-06-27 23:51:18.826 [localhost-startStop-1] INFO  o.s.boot.web.servlet.FilterRegistrationBean Line:245 ----------------> Mapping filter: 'characterEncodingFilter' to: [/*]
2018-06-27 23:51:18.827 [localhost-startStop-1] INFO  o.s.boot.web.servlet.FilterRegistrationBean Line:245 ----------------> Mapping filter: 'hiddenHttpMethodFilter' to: [/*]
2018-06-27 23:51:18.827 [localhost-startStop-1] INFO  o.s.boot.web.servlet.FilterRegistrationBean Line:245 ----------------> Mapping filter: 'httpPutFormContentFilter' to: [/*]
2018-06-27 23:51:18.828 [localhost-startStop-1] INFO  o.s.boot.web.servlet.FilterRegistrationBean Line:245 ----------------> Mapping filter: 'requestContextFilter' to: [/*]
2018-06-27 23:51:18.966 [main] INFO  o.s.web.servlet.handler.SimpleUrlHandlerMapping Line:373 ----------------> Mapped URL path [/**/favicon.ico] onto handler of type [class org.springframework.web.servlet.resource.ResourceHttpRequestHandler]
2018-06-27 23:51:19.180 [main] INFO  o.s.w.s.m.m.a.RequestMappingHandlerAdapter Line:574 ----------------> Looking for @ControllerAdvice: org.springframework.boot.web.servlet.context.AnnotationConfigServletWebServerApplicationContext@62f68dff: startup date [Wed Jun 27 23:51:17 CST 2018]; root of context hierarchy
2018-06-27 23:51:19.276 [main] INFO  o.s.w.s.m.m.a.RequestMappingHandlerMapping Line:547 ----------------> Mapped "{[/error]}" onto public org.springframework.http.ResponseEntity<java.util.Map<java.lang.String, java.lang.Object>> org.springframework.boot.autoconfigure.web.servlet.error.BasicErrorController.error(javax.servlet.http.HttpServletRequest)
2018-06-27 23:51:19.278 [main] INFO  o.s.w.s.m.m.a.RequestMappingHandlerMapping Line:547 ----------------> Mapped "{[/error],produces=[text/html]}" onto public org.springframework.web.servlet.ModelAndView org.springframework.boot.autoconfigure.web.servlet.error.BasicErrorController.errorHtml(javax.servlet.http.HttpServletRequest,javax.servlet.http.HttpServletResponse)
2018-06-27 23:51:19.322 [main] INFO  o.s.web.servlet.handler.SimpleUrlHandlerMapping Line:373 ----------------> Mapped URL path [/webjars/**] onto handler of type [class org.springframework.web.servlet.resource.ResourceHttpRequestHandler]
2018-06-27 23:51:19.322 [main] INFO  o.s.web.servlet.handler.SimpleUrlHandlerMapping Line:373 ----------------> Mapped URL path [/**] onto handler of type [class org.springframework.web.servlet.resource.ResourceHttpRequestHandler]
2018-06-27 23:51:19.474 [main] INFO  o.s.jmx.export.annotation.AnnotationMBeanExporter Line:433 ----------------> Registering beans for JMX exposure on startup
2018-06-27 23:51:19.494 [main] INFO  org.apache.coyote.http11.Http11NioProtocol Line:180 ----------------> Starting ProtocolHandler ["http-nio-8081"]
2018-06-27 23:51:19.500 [main] INFO  org.apache.tomcat.util.net.NioSelectorPool Line:180 ----------------> Using a shared selector for servlet write/read
2018-06-27 23:51:19.512 [main] INFO  o.s.boot.web.embedded.tomcat.TomcatWebServer Line:206 ----------------> Tomcat started on port(s): 8081 (http) with context path ''
2018-06-27 23:51:19.521 [main] INFO  com.log.log.LogApplication Line:59 ----------------> Started LogApplication in 2.971 seconds (JVM running for 4.398)
2018-06-27 23:53:30.045 [Thread-2] INFO  o.s.b.w.s.c.AnnotationConfigServletWebServerApplicationContext Line:993 ----------------> Closing org.springframework.boot.web.servlet.context.AnnotationConfigServletWebServerApplicationContext@62f68dff: startup date [Wed Jun 27 23:51:17 CST 2018]; root of context hierarchy
2018-06-27 23:53:30.048 [Thread-2] INFO  o.s.jmx.export.annotation.AnnotationMBeanExporter Line:451 ----------------> Unregistering JMX-exposed beans on shutdown
2018-06-27 23:53:33.283 [main] INFO  o.s.b.w.s.c.AnnotationConfigServletWebServerApplicationContext Line:590 ----------------> Refreshing org.springframework.boot.web.servlet.context.AnnotationConfigServletWebServerApplicationContext@696f0212: startup date [Wed Jun 27 23:53:33 CST 2018]; root of context hierarchy
2018-06-27 23:53:34.384 [main] INFO  o.s.boot.web.embedded.tomcat.TomcatWebServer Line:91 ----------------> Tomcat initialized with port(s): 8081 (http)
2018-06-27 23:53:34.404 [main] INFO  org.apache.coyote.http11.Http11NioProtocol Line:180 ----------------> Initializing ProtocolHandler ["http-nio-8081"]
2018-06-27 23:53:34.416 [main] INFO  org.apache.catalina.core.StandardService Line:180 ----------------> Starting service [Tomcat]
2018-06-27 23:53:34.417 [main] INFO  org.apache.catalina.core.StandardEngine Line:180 ----------------> Starting Servlet Engine: Apache Tomcat/8.5.31
2018-06-27 23:53:34.422 [localhost-startStop-1] INFO  org.apache.catalina.core.AprLifecycleListener Line:180 ----------------> The APR based Apache Tomcat Native library which allows optimal performance in production environments was not found on the java.library.path: [/usr/java/packages/lib:/usr/lib64:/lib64:/lib:/usr/lib]
2018-06-27 23:53:34.509 [localhost-startStop-1] INFO  o.a.c.core.ContainerBase.[Tomcat].[localhost].[/] Line:180 ----------------> Initializing Spring embedded WebApplicationContext
2018-06-27 23:53:34.509 [localhost-startStop-1] INFO  org.springframework.web.context.ContextLoader Line:285 ----------------> Root WebApplicationContext: initialization completed in 1226 ms
2018-06-27 23:53:34.631 [localhost-startStop-1] INFO  o.s.boot.web.servlet.ServletRegistrationBean Line:186 ----------------> Servlet dispatcherServlet mapped to [/]
2018-06-27 23:53:34.635 [localhost-startStop-1] INFO  o.s.boot.web.servlet.FilterRegistrationBean Line:245 ----------------> Mapping filter: 'characterEncodingFilter' to: [/*]
2018-06-27 23:53:34.636 [localhost-startStop-1] INFO  o.s.boot.web.servlet.FilterRegistrationBean Line:245 ----------------> Mapping filter: 'hiddenHttpMethodFilter' to: [/*]
2018-06-27 23:53:34.636 [localhost-startStop-1] INFO  o.s.boot.web.servlet.FilterRegistrationBean Line:245 ----------------> Mapping filter: 'httpPutFormContentFilter' to: [/*]
2018-06-27 23:53:34.637 [localhost-startStop-1] INFO  o.s.boot.web.servlet.FilterRegistrationBean Line:245 ----------------> Mapping filter: 'requestContextFilter' to: [/*]
2018-06-27 23:53:34.741 [main] INFO  o.s.web.servlet.handler.SimpleUrlHandlerMapping Line:373 ----------------> Mapped URL path [/**/favicon.ico] onto handler of type [class org.springframework.web.servlet.resource.ResourceHttpRequestHandler]
2018-06-27 23:53:34.952 [main] INFO  o.s.w.s.m.m.a.RequestMappingHandlerAdapter Line:574 ----------------> Looking for @ControllerAdvice: org.springframework.boot.web.servlet.context.AnnotationConfigServletWebServerApplicationContext@696f0212: startup date [Wed Jun 27 23:53:33 CST 2018]; root of context hierarchy
2018-06-27 23:53:35.007 [main] INFO  o.s.w.s.m.m.a.RequestMappingHandlerMapping Line:547 ----------------> Mapped "{[/error]}" onto public org.springframework.http.ResponseEntity<java.util.Map<java.lang.String, java.lang.Object>> org.springframework.boot.autoconfigure.web.servlet.error.BasicErrorController.error(javax.servlet.http.HttpServletRequest)
2018-06-27 23:53:35.009 [main] INFO  o.s.w.s.m.m.a.RequestMappingHandlerMapping Line:547 ----------------> Mapped "{[/error],produces=[text/html]}" onto public org.springframework.web.servlet.ModelAndView org.springframework.boot.autoconfigure.web.servlet.error.BasicErrorController.errorHtml(javax.servlet.http.HttpServletRequest,javax.servlet.http.HttpServletResponse)
2018-06-27 23:53:35.060 [main] INFO  o.s.web.servlet.handler.SimpleUrlHandlerMapping Line:373 ----------------> Mapped URL path [/webjars/**] onto handler of type [class org.springframework.web.servlet.resource.ResourceHttpRequestHandler]
2018-06-27 23:53:35.060 [main] INFO  o.s.web.servlet.handler.SimpleUrlHandlerMapping Line:373 ----------------> Mapped URL path [/**] onto handler of type [class org.springframework.web.servlet.resource.ResourceHttpRequestHandler]
2018-06-27 23:53:35.217 [main] INFO  o.s.jmx.export.annotation.AnnotationMBeanExporter Line:433 ----------------> Registering beans for JMX exposure on startup
2018-06-27 23:53:35.233 [main] INFO  org.apache.coyote.http11.Http11NioProtocol Line:180 ----------------> Starting ProtocolHandler ["http-nio-8081"]
2018-06-27 23:53:35.240 [main] INFO  org.apache.tomcat.util.net.NioSelectorPool Line:180 ----------------> Using a shared selector for servlet write/read
2018-06-27 23:53:35.254 [main] INFO  o.s.boot.web.embedded.tomcat.TomcatWebServer Line:206 ----------------> Tomcat started on port(s): 8081 (http) with context path ''
2018-06-27 23:57:28.291 [Thread-2] INFO  o.s.b.w.s.c.AnnotationConfigServletWebServerApplicationContext Line:993 ----------------> Closing org.springframework.boot.web.servlet.context.AnnotationConfigServletWebServerApplicationContext@696f0212: startup date [Wed Jun 27 23:53:33 CST 2018]; root of context hierarchy
2018-06-27 23:57:28.295 [Thread-2] INFO  o.s.jmx.export.annotation.AnnotationMBeanExporter Line:451 ----------------> Unregistering JMX-exposed beans on shutdown
2018-06-27 23:58:02.308 [main] INFO  o.s.b.w.s.c.AnnotationConfigServletWebServerApplicationContext Line:590 ----------------> Refreshing org.springframework.boot.web.servlet.context.AnnotationConfigServletWebServerApplicationContext@f001896: startup date [Wed Jun 27 23:58:02 CST 2018]; root of context hierarchy
2018-06-27 23:58:03.554 [main] INFO  o.s.boot.web.embedded.tomcat.TomcatWebServer Line:91 ----------------> Tomcat initialized with port(s): 8081 (http)
2018-06-27 23:58:03.579 [main] INFO  org.apache.coyote.http11.Http11NioProtocol Line:180 ----------------> Initializing ProtocolHandler ["http-nio-8081"]
2018-06-27 23:58:03.619 [main] INFO  org.apache.catalina.core.StandardService Line:180 ----------------> Starting service [Tomcat]
2018-06-27 23:58:03.619 [main] INFO  org.apache.catalina.core.StandardEngine Line:180 ----------------> Starting Servlet Engine: Apache Tomcat/8.5.31
2018-06-27 23:58:03.634 [localhost-startStop-1] INFO  org.apache.catalina.core.AprLifecycleListener Line:180 ----------------> The APR based Apache Tomcat Native library which allows optimal performance in production environments was not found on the java.library.path: [/usr/java/packages/lib:/usr/lib64:/lib64:/lib:/usr/lib]
2018-06-27 23:58:03.705 [localhost-startStop-1] INFO  o.a.c.core.ContainerBase.[Tomcat].[localhost].[/] Line:180 ----------------> Initializing Spring embedded WebApplicationContext
2018-06-27 23:58:03.705 [localhost-startStop-1] INFO  org.springframework.web.context.ContextLoader Line:285 ----------------> Root WebApplicationContext: initialization completed in 1397 ms
2018-06-27 23:58:03.845 [localhost-startStop-1] INFO  o.s.boot.web.servlet.ServletRegistrationBean Line:186 ----------------> Servlet dispatcherServlet mapped to [/]
2018-06-27 23:58:03.852 [localhost-startStop-1] INFO  o.s.boot.web.servlet.FilterRegistrationBean Line:245 ----------------> Mapping filter: 'characterEncodingFilter' to: [/*]
2018-06-27 23:58:03.853 [localhost-startStop-1] INFO  o.s.boot.web.servlet.FilterRegistrationBean Line:245 ----------------> Mapping filter: 'hiddenHttpMethodFilter' to: [/*]
2018-06-27 23:58:03.853 [localhost-startStop-1] INFO  o.s.boot.web.servlet.FilterRegistrationBean Line:245 ----------------> Mapping filter: 'httpPutFormContentFilter' to: [/*]
2018-06-27 23:58:03.853 [localhost-startStop-1] INFO  o.s.boot.web.servlet.FilterRegistrationBean Line:245 ----------------> Mapping filter: 'requestContextFilter' to: [/*]
2018-06-27 23:58:04.008 [main] INFO  o.s.web.servlet.handler.SimpleUrlHandlerMapping Line:373 ----------------> Mapped URL path [/**/favicon.ico] onto handler of type [class org.springframework.web.servlet.resource.ResourceHttpRequestHandler]
2018-06-27 23:58:04.319 [main] INFO  o.s.w.s.m.m.a.RequestMappingHandlerAdapter Line:574 ----------------> Looking for @ControllerAdvice: org.springframework.boot.web.servlet.context.AnnotationConfigServletWebServerApplicationContext@f001896: startup date [Wed Jun 27 23:58:02 CST 2018]; root of context hierarchy
2018-06-27 23:58:04.364 [main] INFO  o.s.w.s.m.m.a.RequestMappingHandlerMapping Line:547 ----------------> Mapped "{[/log]}" onto public java.lang.String com.log.log.LogController.log()
2018-06-27 23:58:04.371 [main] INFO  o.s.w.s.m.m.a.RequestMappingHandlerMapping Line:547 ----------------> Mapped "{[/error]}" onto public org.springframework.http.ResponseEntity<java.util.Map<java.lang.String, java.lang.Object>> org.springframework.boot.autoconfigure.web.servlet.error.BasicErrorController.error(javax.servlet.http.HttpServletRequest)
2018-06-27 23:58:04.373 [main] INFO  o.s.w.s.m.m.a.RequestMappingHandlerMapping Line:547 ----------------> Mapped "{[/error],produces=[text/html]}" onto public org.springframework.web.servlet.ModelAndView org.springframework.boot.autoconfigure.web.servlet.error.BasicErrorController.errorHtml(javax.servlet.http.HttpServletRequest,javax.servlet.http.HttpServletResponse)
2018-06-27 23:58:04.400 [main] INFO  o.s.web.servlet.handler.SimpleUrlHandlerMapping Line:373 ----------------> Mapped URL path [/webjars/**] onto handler of type [class org.springframework.web.servlet.resource.ResourceHttpRequestHandler]
2018-06-27 23:58:04.400 [main] INFO  o.s.web.servlet.handler.SimpleUrlHandlerMapping Line:373 ----------------> Mapped URL path [/**] onto handler of type [class org.springframework.web.servlet.resource.ResourceHttpRequestHandler]
2018-06-27 23:58:04.555 [main] INFO  o.s.jmx.export.annotation.AnnotationMBeanExporter Line:433 ----------------> Registering beans for JMX exposure on startup
2018-06-27 23:58:04.579 [main] INFO  org.apache.coyote.http11.Http11NioProtocol Line:180 ----------------> Starting ProtocolHandler ["http-nio-8081"]
2018-06-27 23:58:04.586 [main] INFO  org.apache.tomcat.util.net.NioSelectorPool Line:180 ----------------> Using a shared selector for servlet write/read
2018-06-27 23:58:04.604 [main] INFO  o.s.boot.web.embedded.tomcat.TomcatWebServer Line:206 ----------------> Tomcat started on port(s): 8081 (http) with context path ''
2018-06-27 23:58:16.725 [http-nio-8081-exec-1] INFO  o.a.c.core.ContainerBase.[Tomcat].[localhost].[/] Line:180 ----------------> Initializing Spring FrameworkServlet 'dispatcherServlet'
2018-06-27 23:58:16.725 [http-nio-8081-exec-1] INFO  org.springframework.web.servlet.DispatcherServlet Line:494 ----------------> FrameworkServlet 'dispatcherServlet': initialization started
2018-06-27 23:58:16.756 [http-nio-8081-exec-1] INFO  org.springframework.web.servlet.DispatcherServlet Line:509 ----------------> FrameworkServlet 'dispatcherServlet': initialization completed in 31 ms
2018-06-27 23:58:16.806 [http-nio-8081-exec-1] WARN  com.log.log.LogController Line:16 ----------------> LogController======warn
2018-06-27 23:58:16.806 [http-nio-8081-exec-1] ERROR com.log.log.LogController Line:17 ----------------> LogController======error
2018-06-27 23:59:32.052 [Thread-2] INFO  o.s.b.w.s.c.AnnotationConfigServletWebServerApplicationContext Line:993 ----------------> Closing org.springframework.boot.web.servlet.context.AnnotationConfigServletWebServerApplicationContext@f001896: startup date [Wed Jun 27 23:58:02 CST 2018]; root of context hierarchy
2018-06-27 23:59:32.057 [Thread-2] INFO  o.s.jmx.export.annotation.AnnotationMBeanExporter Line:451 ----------------> Unregistering JMX-exposed beans on shutdown
