2018-08-30 00:02:42.269 [main] INFO  com.redis.sort.SortDemoTest Line:50 ----------------> Starting SortDemoTest on lgj-Lenovo-G470 with PID 31877 (started by lgj in /home/lgj/aProject/Redis/Redis)
2018-08-30 00:02:42.272 [main] INFO  com.redis.sort.SortDemoTest Line:659 ----------------> No active profile set, falling back to default profiles: default
2018-08-30 00:02:42.319 [main] INFO  o.s.w.context.support.GenericWebApplicationContext Line:590 ----------------> Refreshing org.springframework.web.context.support.GenericWebApplicationContext@2d83c5a5: startup date [Thu Aug 30 00:02:42 CST 2018]; root of context hierarchy
2018-08-30 00:02:47.928 [main] WARN  org.mybatis.spring.mapper.ClassPathMapperScanner Line:166 ----------------> No MyBatis mapper was found in '[com]' package. Please check your configuration.
2018-08-30 00:02:47.980 [main] INFO  o.s.d.r.config.RepositoryConfigurationDelegate Line:163 ----------------> Multiple Spring Data modules found, entering strict repository configuration mode!
2018-08-30 00:02:49.201 [main] INFO  o.s.c.s.PostProcessorRegistrationDelegate$BeanPostProcessorChecker Line:328 ----------------> Bean 'org.springframework.transaction.annotation.ProxyTransactionManagementConfiguration' of type [org.springframework.transaction.annotation.ProxyTransactionManagementConfiguration$$EnhancerBySpringCGLIB$$1c6f89fb] is not eligible for getting processed by all BeanPostProcessors (for example: not eligible for auto-proxying)
2018-08-30 00:02:50.801 [main] INFO  o.s.w.s.m.m.a.RequestMappingHandlerMapping Line:547 ----------------> Mapped "{[/swagger-resources/configuration/security]}" onto public org.springframework.http.ResponseEntity<springfox.documentation.swagger.web.SecurityConfiguration> springfox.documentation.swagger.web.ApiResourceController.securityConfiguration()
2018-08-30 00:02:50.805 [main] INFO  o.s.w.s.m.m.a.RequestMappingHandlerMapping Line:547 ----------------> Mapped "{[/swagger-resources]}" onto public org.springframework.http.ResponseEntity<java.util.List<springfox.documentation.swagger.web.SwaggerResource>> springfox.documentation.swagger.web.ApiResourceController.swaggerResources()
2018-08-30 00:02:50.808 [main] INFO  o.s.w.s.m.m.a.RequestMappingHandlerMapping Line:547 ----------------> Mapped "{[/swagger-resources/configuration/ui]}" onto public org.springframework.http.ResponseEntity<springfox.documentation.swagger.web.UiConfiguration> springfox.documentation.swagger.web.ApiResourceController.uiConfiguration()
2018-08-30 00:02:50.822 [main] INFO  o.s.w.s.m.m.a.RequestMappingHandlerMapping Line:547 ----------------> Mapped "{[/error]}" onto public org.springframework.http.ResponseEntity<java.util.Map<java.lang.String, java.lang.Object>> org.springframework.boot.autoconfigure.web.servlet.error.BasicErrorController.error(javax.servlet.http.HttpServletRequest)
2018-08-30 00:02:50.824 [main] INFO  o.s.w.s.m.m.a.RequestMappingHandlerMapping Line:547 ----------------> Mapped "{[/error],produces=[text/html]}" onto public org.springframework.web.servlet.ModelAndView org.springframework.boot.autoconfigure.web.servlet.error.BasicErrorController.errorHtml(javax.servlet.http.HttpServletRequest,javax.servlet.http.HttpServletResponse)
2018-08-30 00:02:51.174 [main] INFO  s.d.s.w.PropertySourcedRequestMappingHandlerMapping Line:69 ----------------> Mapped URL path [/v2/api-docs] onto method [public org.springframework.http.ResponseEntity<springfox.documentation.spring.web.json.Json> springfox.documentation.swagger2.web.Swagger2Controller.getDocumentation(java.lang.String,javax.servlet.http.HttpServletRequest)]
2018-08-30 00:02:51.784 [main] INFO  o.s.web.servlet.handler.SimpleUrlHandlerMapping Line:373 ----------------> Mapped URL path [/**/favicon.ico] onto handler of type [class org.springframework.web.servlet.resource.ResourceHttpRequestHandler]
2018-08-30 00:02:52.357 [main] INFO  o.s.w.s.m.m.a.RequestMappingHandlerAdapter Line:574 ----------------> Looking for @ControllerAdvice: org.springframework.web.context.support.GenericWebApplicationContext@2d83c5a5: startup date [Thu Aug 30 00:02:42 CST 2018]; root of context hierarchy
2018-08-30 00:02:52.839 [main] INFO  o.s.web.servlet.handler.SimpleUrlHandlerMapping Line:373 ----------------> Mapped URL path [/webjars/**] onto handler of type [class org.springframework.web.servlet.resource.ResourceHttpRequestHandler]
2018-08-30 00:02:52.840 [main] INFO  o.s.web.servlet.handler.SimpleUrlHandlerMapping Line:373 ----------------> Mapped URL path [/**] onto handler of type [class org.springframework.web.servlet.resource.ResourceHttpRequestHandler]
2018-08-30 00:02:54.672 [main] INFO  o.s.context.support.DefaultLifecycleProcessor Line:351 ----------------> Starting beans in phase 2147483647
2018-08-30 00:02:54.674 [main] INFO  s.d.s.web.plugins.DocumentationPluginsBootstrapper Line:160 ----------------> Context refreshed
2018-08-30 00:02:54.731 [main] INFO  s.d.s.web.plugins.DocumentationPluginsBootstrapper Line:163 ----------------> Found 1 custom documentation plugin(s)
2018-08-30 00:02:54.884 [main] INFO  s.d.spring.web.scanners.ApiListingReferenceScanner Line:41 ----------------> Scanning for api listing references
2018-08-30 00:02:55.009 [main] INFO  com.redis.sort.SortDemoTest Line:59 ----------------> Started SortDemoTest in 14.138 seconds (JVM running for 16.887)
2018-08-30 00:02:55.428 [Thread-3] INFO  o.s.w.context.support.GenericWebApplicationContext Line:993 ----------------> Closing org.springframework.web.context.support.GenericWebApplicationContext@2d83c5a5: startup date [Thu Aug 30 00:02:42 CST 2018]; root of context hierarchy
2018-08-30 00:02:55.432 [Thread-3] INFO  o.s.context.support.DefaultLifecycleProcessor Line:366 ----------------> Stopping beans in phase 2147483647
2018-08-30 00:04:40.797 [main] INFO  com.redis.sort.SortDemoTest Line:50 ----------------> Starting SortDemoTest on lgj-Lenovo-G470 with PID 31993 (started by lgj in /home/lgj/aProject/Redis/Redis)
2018-08-30 00:04:40.803 [main] INFO  com.redis.sort.SortDemoTest Line:659 ----------------> No active profile set, falling back to default profiles: default
2018-08-30 00:04:40.920 [main] INFO  o.s.w.context.support.GenericWebApplicationContext Line:590 ----------------> Refreshing org.springframework.web.context.support.GenericWebApplicationContext@2d83c5a5: startup date [Thu Aug 30 00:04:40 CST 2018]; root of context hierarchy
2018-08-30 00:04:45.987 [main] WARN  org.mybatis.spring.mapper.ClassPathMapperScanner Line:166 ----------------> No MyBatis mapper was found in '[com]' package. Please check your configuration.
2018-08-30 00:04:46.032 [main] INFO  o.s.d.r.config.RepositoryConfigurationDelegate Line:163 ----------------> Multiple Spring Data modules found, entering strict repository configuration mode!
2018-08-30 00:04:47.247 [main] INFO  o.s.c.s.PostProcessorRegistrationDelegate$BeanPostProcessorChecker Line:328 ----------------> Bean 'org.springframework.transaction.annotation.ProxyTransactionManagementConfiguration' of type [org.springframework.transaction.annotation.ProxyTransactionManagementConfiguration$$EnhancerBySpringCGLIB$$1a72ca58] is not eligible for getting processed by all BeanPostProcessors (for example: not eligible for auto-proxying)
2018-08-30 00:04:48.637 [main] INFO  o.s.w.s.m.m.a.RequestMappingHandlerMapping Line:547 ----------------> Mapped "{[/swagger-resources/configuration/security]}" onto public org.springframework.http.ResponseEntity<springfox.documentation.swagger.web.SecurityConfiguration> springfox.documentation.swagger.web.ApiResourceController.securityConfiguration()
2018-08-30 00:04:48.640 [main] INFO  o.s.w.s.m.m.a.RequestMappingHandlerMapping Line:547 ----------------> Mapped "{[/swagger-resources]}" onto public org.springframework.http.ResponseEntity<java.util.List<springfox.documentation.swagger.web.SwaggerResource>> springfox.documentation.swagger.web.ApiResourceController.swaggerResources()
2018-08-30 00:04:48.641 [main] INFO  o.s.w.s.m.m.a.RequestMappingHandlerMapping Line:547 ----------------> Mapped "{[/swagger-resources/configuration/ui]}" onto public org.springframework.http.ResponseEntity<springfox.documentation.swagger.web.UiConfiguration> springfox.documentation.swagger.web.ApiResourceController.uiConfiguration()
2018-08-30 00:04:48.657 [main] INFO  o.s.w.s.m.m.a.RequestMappingHandlerMapping Line:547 ----------------> Mapped "{[/error]}" onto public org.springframework.http.ResponseEntity<java.util.Map<java.lang.String, java.lang.Object>> org.springframework.boot.autoconfigure.web.servlet.error.BasicErrorController.error(javax.servlet.http.HttpServletRequest)
2018-08-30 00:04:48.660 [main] INFO  o.s.w.s.m.m.a.RequestMappingHandlerMapping Line:547 ----------------> Mapped "{[/error],produces=[text/html]}" onto public org.springframework.web.servlet.ModelAndView org.springframework.boot.autoconfigure.web.servlet.error.BasicErrorController.errorHtml(javax.servlet.http.HttpServletRequest,javax.servlet.http.HttpServletResponse)
2018-08-30 00:04:48.953 [main] INFO  s.d.s.w.PropertySourcedRequestMappingHandlerMapping Line:69 ----------------> Mapped URL path [/v2/api-docs] onto method [public org.springframework.http.ResponseEntity<springfox.documentation.spring.web.json.Json> springfox.documentation.swagger2.web.Swagger2Controller.getDocumentation(java.lang.String,javax.servlet.http.HttpServletRequest)]
2018-08-30 00:04:49.395 [main] INFO  o.s.web.servlet.handler.SimpleUrlHandlerMapping Line:373 ----------------> Mapped URL path [/**/favicon.ico] onto handler of type [class org.springframework.web.servlet.resource.ResourceHttpRequestHandler]
2018-08-30 00:04:49.726 [main] INFO  o.s.w.s.m.m.a.RequestMappingHandlerAdapter Line:574 ----------------> Looking for @ControllerAdvice: org.springframework.web.context.support.GenericWebApplicationContext@2d83c5a5: startup date [Thu Aug 30 00:04:40 CST 2018]; root of context hierarchy
2018-08-30 00:04:49.823 [main] INFO  o.s.web.servlet.handler.SimpleUrlHandlerMapping Line:373 ----------------> Mapped URL path [/webjars/**] onto handler of type [class org.springframework.web.servlet.resource.ResourceHttpRequestHandler]
2018-08-30 00:04:49.824 [main] INFO  o.s.web.servlet.handler.SimpleUrlHandlerMapping Line:373 ----------------> Mapped URL path [/**] onto handler of type [class org.springframework.web.servlet.resource.ResourceHttpRequestHandler]
2018-08-30 00:04:51.171 [main] INFO  o.s.context.support.DefaultLifecycleProcessor Line:351 ----------------> Starting beans in phase 2147483647
2018-08-30 00:04:51.172 [main] INFO  s.d.s.web.plugins.DocumentationPluginsBootstrapper Line:160 ----------------> Context refreshed
2018-08-30 00:04:51.219 [main] INFO  s.d.s.web.plugins.DocumentationPluginsBootstrapper Line:163 ----------------> Found 1 custom documentation plugin(s)
2018-08-30 00:04:51.276 [main] INFO  s.d.spring.web.scanners.ApiListingReferenceScanner Line:41 ----------------> Scanning for api listing references
2018-08-30 00:04:51.416 [main] INFO  com.redis.sort.SortDemoTest Line:59 ----------------> Started SortDemoTest in 12.346 seconds (JVM running for 15.265)
2018-08-30 00:04:51.773 [Thread-3] INFO  o.s.w.context.support.GenericWebApplicationContext Line:993 ----------------> Closing org.springframework.web.context.support.GenericWebApplicationContext@2d83c5a5: startup date [Thu Aug 30 00:04:40 CST 2018]; root of context hierarchy
2018-08-30 00:04:51.788 [Thread-3] INFO  o.s.context.support.DefaultLifecycleProcessor Line:366 ----------------> Stopping beans in phase 2147483647
2018-08-30 00:09:01.174 [main] INFO  com.redis.sort.SortDemoTest Line:50 ----------------> Starting SortDemoTest on lgj-Lenovo-G470 with PID 32147 (started by lgj in /home/lgj/aProject/Redis/Redis)
2018-08-30 00:09:01.177 [main] INFO  com.redis.sort.SortDemoTest Line:659 ----------------> No active profile set, falling back to default profiles: default
2018-08-30 00:09:01.228 [main] INFO  o.s.w.context.support.GenericWebApplicationContext Line:590 ----------------> Refreshing org.springframework.web.context.support.GenericWebApplicationContext@48d7ad8b: startup date [Thu Aug 30 00:09:01 CST 2018]; root of context hierarchy
2018-08-30 00:09:06.743 [main] WARN  org.mybatis.spring.mapper.ClassPathMapperScanner Line:166 ----------------> No MyBatis mapper was found in '[com]' package. Please check your configuration.
2018-08-30 00:09:06.863 [main] INFO  o.s.d.r.config.RepositoryConfigurationDelegate Line:163 ----------------> Multiple Spring Data modules found, entering strict repository configuration mode!
2018-08-30 00:09:08.654 [main] INFO  o.s.c.s.PostProcessorRegistrationDelegate$BeanPostProcessorChecker Line:328 ----------------> Bean 'org.springframework.transaction.annotation.ProxyTransactionManagementConfiguration' of type [org.springframework.transaction.annotation.ProxyTransactionManagementConfiguration$$EnhancerBySpringCGLIB$$fa8ac037] is not eligible for getting processed by all BeanPostProcessors (for example: not eligible for auto-proxying)
2018-08-30 00:09:10.016 [main] INFO  o.s.w.s.m.m.a.RequestMappingHandlerMapping Line:547 ----------------> Mapped "{[/swagger-resources/configuration/security]}" onto public org.springframework.http.ResponseEntity<springfox.documentation.swagger.web.SecurityConfiguration> springfox.documentation.swagger.web.ApiResourceController.securityConfiguration()
2018-08-30 00:09:10.019 [main] INFO  o.s.w.s.m.m.a.RequestMappingHandlerMapping Line:547 ----------------> Mapped "{[/swagger-resources]}" onto public org.springframework.http.ResponseEntity<java.util.List<springfox.documentation.swagger.web.SwaggerResource>> springfox.documentation.swagger.web.ApiResourceController.swaggerResources()
2018-08-30 00:09:10.020 [main] INFO  o.s.w.s.m.m.a.RequestMappingHandlerMapping Line:547 ----------------> Mapped "{[/swagger-resources/configuration/ui]}" onto public org.springframework.http.ResponseEntity<springfox.documentation.swagger.web.UiConfiguration> springfox.documentation.swagger.web.ApiResourceController.uiConfiguration()
2018-08-30 00:09:10.030 [main] INFO  o.s.w.s.m.m.a.RequestMappingHandlerMapping Line:547 ----------------> Mapped "{[/error]}" onto public org.springframework.http.ResponseEntity<java.util.Map<java.lang.String, java.lang.Object>> org.springframework.boot.autoconfigure.web.servlet.error.BasicErrorController.error(javax.servlet.http.HttpServletRequest)
2018-08-30 00:09:10.032 [main] INFO  o.s.w.s.m.m.a.RequestMappingHandlerMapping Line:547 ----------------> Mapped "{[/error],produces=[text/html]}" onto public org.springframework.web.servlet.ModelAndView org.springframework.boot.autoconfigure.web.servlet.error.BasicErrorController.errorHtml(javax.servlet.http.HttpServletRequest,javax.servlet.http.HttpServletResponse)
2018-08-30 00:09:10.354 [main] INFO  s.d.s.w.PropertySourcedRequestMappingHandlerMapping Line:69 ----------------> Mapped URL path [/v2/api-docs] onto method [public org.springframework.http.ResponseEntity<springfox.documentation.spring.web.json.Json> springfox.documentation.swagger2.web.Swagger2Controller.getDocumentation(java.lang.String,javax.servlet.http.HttpServletRequest)]
2018-08-30 00:09:10.710 [main] INFO  o.s.web.servlet.handler.SimpleUrlHandlerMapping Line:373 ----------------> Mapped URL path [/**/favicon.ico] onto handler of type [class org.springframework.web.servlet.resource.ResourceHttpRequestHandler]
2018-08-30 00:09:11.037 [main] INFO  o.s.w.s.m.m.a.RequestMappingHandlerAdapter Line:574 ----------------> Looking for @ControllerAdvice: org.springframework.web.context.support.GenericWebApplicationContext@48d7ad8b: startup date [Thu Aug 30 00:09:01 CST 2018]; root of context hierarchy
2018-08-30 00:09:11.168 [main] INFO  o.s.web.servlet.handler.SimpleUrlHandlerMapping Line:373 ----------------> Mapped URL path [/webjars/**] onto handler of type [class org.springframework.web.servlet.resource.ResourceHttpRequestHandler]
2018-08-30 00:09:11.168 [main] INFO  o.s.web.servlet.handler.SimpleUrlHandlerMapping Line:373 ----------------> Mapped URL path [/**] onto handler of type [class org.springframework.web.servlet.resource.ResourceHttpRequestHandler]
2018-08-30 00:09:12.340 [main] INFO  o.s.context.support.DefaultLifecycleProcessor Line:351 ----------------> Starting beans in phase 2147483647
2018-08-30 00:09:12.343 [main] INFO  s.d.s.web.plugins.DocumentationPluginsBootstrapper Line:160 ----------------> Context refreshed
2018-08-30 00:09:12.381 [main] INFO  s.d.s.web.plugins.DocumentationPluginsBootstrapper Line:163 ----------------> Found 1 custom documentation plugin(s)
2018-08-30 00:09:12.426 [main] INFO  s.d.spring.web.scanners.ApiListingReferenceScanner Line:41 ----------------> Scanning for api listing references
2018-08-30 00:09:12.495 [main] INFO  com.redis.sort.SortDemoTest Line:59 ----------------> Started SortDemoTest in 12.614 seconds (JVM running for 15.435)
2018-08-30 00:09:12.780 [Thread-3] INFO  o.s.w.context.support.GenericWebApplicationContext Line:993 ----------------> Closing org.springframework.web.context.support.GenericWebApplicationContext@48d7ad8b: startup date [Thu Aug 30 00:09:01 CST 2018]; root of context hierarchy
2018-08-30 00:09:12.784 [Thread-3] INFO  o.s.context.support.DefaultLifecycleProcessor Line:366 ----------------> Stopping beans in phase 2147483647
2018-08-30 00:11:25.036 [main] INFO  com.redis.sort.SortDemoTest Line:50 ----------------> Starting SortDemoTest on lgj-Lenovo-G470 with PID 32269 (started by lgj in /home/lgj/aProject/Redis/Redis)
2018-08-30 00:11:25.045 [main] INFO  com.redis.sort.SortDemoTest Line:659 ----------------> No active profile set, falling back to default profiles: default
2018-08-30 00:11:25.133 [main] INFO  o.s.w.context.support.GenericWebApplicationContext Line:590 ----------------> Refreshing org.springframework.web.context.support.GenericWebApplicationContext@2d83c5a5: startup date [Thu Aug 30 00:11:25 CST 2018]; root of context hierarchy
2018-08-30 00:11:30.317 [main] WARN  org.mybatis.spring.mapper.ClassPathMapperScanner Line:166 ----------------> No MyBatis mapper was found in '[com]' package. Please check your configuration.
2018-08-30 00:11:30.367 [main] INFO  o.s.d.r.config.RepositoryConfigurationDelegate Line:163 ----------------> Multiple Spring Data modules found, entering strict repository configuration mode!
2018-08-30 00:11:31.462 [main] INFO  o.s.c.s.PostProcessorRegistrationDelegate$BeanPostProcessorChecker Line:328 ----------------> Bean 'org.springframework.transaction.annotation.ProxyTransactionManagementConfiguration' of type [org.springframework.transaction.annotation.ProxyTransactionManagementConfiguration$$EnhancerBySpringCGLIB$$2dd719e7] is not eligible for getting processed by all BeanPostProcessors (for example: not eligible for auto-proxying)
2018-08-30 00:11:32.728 [main] INFO  o.s.w.s.m.m.a.RequestMappingHandlerMapping Line:547 ----------------> Mapped "{[/swagger-resources]}" onto public org.springframework.http.ResponseEntity<java.util.List<springfox.documentation.swagger.web.SwaggerResource>> springfox.documentation.swagger.web.ApiResourceController.swaggerResources()
2018-08-30 00:11:32.730 [main] INFO  o.s.w.s.m.m.a.RequestMappingHandlerMapping Line:547 ----------------> Mapped "{[/swagger-resources/configuration/ui]}" onto public org.springframework.http.ResponseEntity<springfox.documentation.swagger.web.UiConfiguration> springfox.documentation.swagger.web.ApiResourceController.uiConfiguration()
2018-08-30 00:11:32.731 [main] INFO  o.s.w.s.m.m.a.RequestMappingHandlerMapping Line:547 ----------------> Mapped "{[/swagger-resources/configuration/security]}" onto public org.springframework.http.ResponseEntity<springfox.documentation.swagger.web.SecurityConfiguration> springfox.documentation.swagger.web.ApiResourceController.securityConfiguration()
2018-08-30 00:11:32.740 [main] INFO  o.s.w.s.m.m.a.RequestMappingHandlerMapping Line:547 ----------------> Mapped "{[/error]}" onto public org.springframework.http.ResponseEntity<java.util.Map<java.lang.String, java.lang.Object>> org.springframework.boot.autoconfigure.web.servlet.error.BasicErrorController.error(javax.servlet.http.HttpServletRequest)
2018-08-30 00:11:32.742 [main] INFO  o.s.w.s.m.m.a.RequestMappingHandlerMapping Line:547 ----------------> Mapped "{[/error],produces=[text/html]}" onto public org.springframework.web.servlet.ModelAndView org.springframework.boot.autoconfigure.web.servlet.error.BasicErrorController.errorHtml(javax.servlet.http.HttpServletRequest,javax.servlet.http.HttpServletResponse)
2018-08-30 00:11:33.079 [main] INFO  s.d.s.w.PropertySourcedRequestMappingHandlerMapping Line:69 ----------------> Mapped URL path [/v2/api-docs] onto method [public org.springframework.http.ResponseEntity<springfox.documentation.spring.web.json.Json> springfox.documentation.swagger2.web.Swagger2Controller.getDocumentation(java.lang.String,javax.servlet.http.HttpServletRequest)]
2018-08-30 00:11:33.497 [main] INFO  o.s.web.servlet.handler.SimpleUrlHandlerMapping Line:373 ----------------> Mapped URL path [/**/favicon.ico] onto handler of type [class org.springframework.web.servlet.resource.ResourceHttpRequestHandler]
2018-08-30 00:11:33.873 [main] INFO  o.s.w.s.m.m.a.RequestMappingHandlerAdapter Line:574 ----------------> Looking for @ControllerAdvice: org.springframework.web.context.support.GenericWebApplicationContext@2d83c5a5: startup date [Thu Aug 30 00:11:25 CST 2018]; root of context hierarchy
2018-08-30 00:11:33.966 [main] INFO  o.s.web.servlet.handler.SimpleUrlHandlerMapping Line:373 ----------------> Mapped URL path [/webjars/**] onto handler of type [class org.springframework.web.servlet.resource.ResourceHttpRequestHandler]
2018-08-30 00:11:33.967 [main] INFO  o.s.web.servlet.handler.SimpleUrlHandlerMapping Line:373 ----------------> Mapped URL path [/**] onto handler of type [class org.springframework.web.servlet.resource.ResourceHttpRequestHandler]
2018-08-30 00:11:35.216 [main] INFO  o.s.context.support.DefaultLifecycleProcessor Line:351 ----------------> Starting beans in phase 2147483647
2018-08-30 00:11:35.217 [main] INFO  s.d.s.web.plugins.DocumentationPluginsBootstrapper Line:160 ----------------> Context refreshed
2018-08-30 00:11:35.253 [main] INFO  s.d.s.web.plugins.DocumentationPluginsBootstrapper Line:163 ----------------> Found 1 custom documentation plugin(s)
2018-08-30 00:11:35.304 [main] INFO  s.d.spring.web.scanners.ApiListingReferenceScanner Line:41 ----------------> Scanning for api listing references
2018-08-30 00:11:35.403 [main] INFO  com.redis.sort.SortDemoTest Line:59 ----------------> Started SortDemoTest in 11.999 seconds (JVM running for 14.907)
2018-08-30 00:11:35.903 [Thread-3] INFO  o.s.w.context.support.GenericWebApplicationContext Line:993 ----------------> Closing org.springframework.web.context.support.GenericWebApplicationContext@2d83c5a5: startup date [Thu Aug 30 00:11:25 CST 2018]; root of context hierarchy
2018-08-30 00:11:35.913 [Thread-3] INFO  o.s.context.support.DefaultLifecycleProcessor Line:366 ----------------> Stopping beans in phase 2147483647
2018-08-30 00:18:27.288 [main] INFO  com.redis.sort.SortDemoTest Line:50 ----------------> Starting SortDemoTest on lgj-Lenovo-G470 with PID 32570 (started by lgj in /home/lgj/aProject/Redis/Redis)
2018-08-30 00:18:27.292 [main] INFO  com.redis.sort.SortDemoTest Line:659 ----------------> No active profile set, falling back to default profiles: default
2018-08-30 00:18:27.348 [main] INFO  o.s.w.context.support.GenericWebApplicationContext Line:590 ----------------> Refreshing org.springframework.web.context.support.GenericWebApplicationContext@48d7ad8b: startup date [Thu Aug 30 00:18:27 CST 2018]; root of context hierarchy
2018-08-30 00:18:33.581 [main] WARN  org.mybatis.spring.mapper.ClassPathMapperScanner Line:166 ----------------> No MyBatis mapper was found in '[com]' package. Please check your configuration.
2018-08-30 00:18:33.688 [main] INFO  o.s.d.r.config.RepositoryConfigurationDelegate Line:163 ----------------> Multiple Spring Data modules found, entering strict repository configuration mode!
2018-08-30 00:18:35.059 [main] INFO  o.s.c.s.PostProcessorRegistrationDelegate$BeanPostProcessorChecker Line:328 ----------------> Bean 'org.springframework.transaction.annotation.ProxyTransactionManagementConfiguration' of type [org.springframework.transaction.annotation.ProxyTransactionManagementConfiguration$$EnhancerBySpringCGLIB$$2cde7b60] is not eligible for getting processed by all BeanPostProcessors (for example: not eligible for auto-proxying)
2018-08-30 00:18:35.578 [main] WARN  o.s.w.context.support.GenericWebApplicationContext Line:558 ----------------> Exception encountered during context initialization - cancelling refresh attempt: org.springframework.beans.factory.UnsatisfiedDependencyException: Error creating bean with name 'sortDemo': Unsatisfied dependency expressed through field 'redisListUtil'; nested exception is org.springframework.beans.factory.NoSuchBeanDefinitionException: No qualifying bean of type 'com.Utils.RedisListUtil<java.lang.String, java.lang.String>' available: expected at least 1 bean which qualifies as autowire candidate. Dependency annotations: {@org.springframework.beans.factory.annotation.Autowired(required=true)}
2018-08-30 00:18:35.595 [main] INFO  o.s.b.a.l.ConditionEvaluationReportLoggingListener Line:101 ----------------> 

Error starting ApplicationContext. To display the conditions report re-run your application with 'debug' enabled.
2018-08-30 00:18:35.775 [main] ERROR o.s.b.diagnostics.LoggingFailureAnalysisReporter Line:42 ----------------> 

***************************
APPLICATION FAILED TO START
***************************

Description:

Field redisListUtil in com.redis.sort.SortDemo required a bean of type 'com.Utils.RedisListUtil' that could not be found.


Action:

Consider defining a bean of type 'com.Utils.RedisListUtil' in your configuration.

2018-08-30 00:18:35.779 [main] ERROR o.springframework.test.context.TestContextManager Line:250 ----------------> Caught exception while allowing TestExecutionListener [org.springframework.test.context.web.ServletTestExecutionListener@253d9f73] to prepare test instance [com.redis.sort.SortDemoTest@2044a11b]
java.lang.IllegalStateException: Failed to load ApplicationContext
	at org.springframework.test.context.cache.DefaultCacheAwareContextLoaderDelegate.loadContext(DefaultCacheAwareContextLoaderDelegate.java:125)
	at org.springframework.test.context.support.DefaultTestContext.getApplicationContext(DefaultTestContext.java:108)
	at org.springframework.test.context.web.ServletTestExecutionListener.setUpRequestContextIfNecessary(ServletTestExecutionListener.java:190)
	at org.springframework.test.context.web.ServletTestExecutionListener.prepareTestInstance(ServletTestExecutionListener.java:132)
	at org.springframework.test.context.TestContextManager.prepareTestInstance(TestContextManager.java:246)
	at org.springframework.test.context.junit4.SpringJUnit4ClassRunner.createTest(SpringJUnit4ClassRunner.java:227)
	at org.springframework.test.context.junit4.SpringJUnit4ClassRunner$1.runReflectiveCall(SpringJUnit4ClassRunner.java:289)
	at org.junit.internal.runners.model.ReflectiveCallable.run(ReflectiveCallable.java:12)
	at org.springframework.test.context.junit4.SpringJUnit4ClassRunner.methodBlock(SpringJUnit4ClassRunner.java:291)
	at org.springframework.test.context.junit4.SpringJUnit4ClassRunner.runChild(SpringJUnit4ClassRunner.java:246)
	at org.springframework.test.context.junit4.SpringJUnit4ClassRunner.runChild(SpringJUnit4ClassRunner.java:97)
	at org.junit.runners.ParentRunner$3.run(ParentRunner.java:290)
	at org.junit.runners.ParentRunner$1.schedule(ParentRunner.java:71)
	at org.junit.runners.ParentRunner.runChildren(ParentRunner.java:288)
	at org.junit.runners.ParentRunner.access$000(ParentRunner.java:58)
	at org.junit.runners.ParentRunner$2.evaluate(ParentRunner.java:268)
	at org.springframework.test.context.junit4.statements.RunBeforeTestClassCallbacks.evaluate(RunBeforeTestClassCallbacks.java:61)
	at org.springframework.test.context.junit4.statements.RunAfterTestClassCallbacks.evaluate(RunAfterTestClassCallbacks.java:70)
	at org.junit.runners.ParentRunner.run(ParentRunner.java:363)
	at org.springframework.test.context.junit4.SpringJUnit4ClassRunner.run(SpringJUnit4ClassRunner.java:190)
	at org.junit.runner.JUnitCore.run(JUnitCore.java:137)
	at com.intellij.junit4.JUnit4IdeaTestRunner.startRunnerWithArgs(JUnit4IdeaTestRunner.java:68)
	at com.intellij.rt.execution.junit.IdeaTestRunner$Repeater.startRunnerWithArgs(IdeaTestRunner.java:47)
	at com.intellij.rt.execution.junit.JUnitStarter.prepareStreamsAndStart(JUnitStarter.java:242)
	at com.intellij.rt.execution.junit.JUnitStarter.main(JUnitStarter.java:70)
Caused by: org.springframework.beans.factory.UnsatisfiedDependencyException: Error creating bean with name 'sortDemo': Unsatisfied dependency expressed through field 'redisListUtil'; nested exception is org.springframework.beans.factory.NoSuchBeanDefinitionException: No qualifying bean of type 'com.Utils.RedisListUtil<java.lang.String, java.lang.String>' available: expected at least 1 bean which qualifies as autowire candidate. Dependency annotations: {@org.springframework.beans.factory.annotation.Autowired(required=true)}
	at org.springframework.beans.factory.annotation.AutowiredAnnotationBeanPostProcessor$AutowiredFieldElement.inject(AutowiredAnnotationBeanPostProcessor.java:587)
	at org.springframework.beans.factory.annotation.InjectionMetadata.inject(InjectionMetadata.java:91)
	at org.springframework.beans.factory.annotation.AutowiredAnnotationBeanPostProcessor.postProcessPropertyValues(AutowiredAnnotationBeanPostProcessor.java:373)
	at org.springframework.beans.factory.support.AbstractAutowireCapableBeanFactory.populateBean(AbstractAutowireCapableBeanFactory.java:1350)
	at org.springframework.beans.factory.support.AbstractAutowireCapableBeanFactory.doCreateBean(AbstractAutowireCapableBeanFactory.java:580)
	at org.springframework.beans.factory.support.AbstractAutowireCapableBeanFactory.createBean(AbstractAutowireCapableBeanFactory.java:503)
	at org.springframework.beans.factory.support.AbstractBeanFactory.lambda$doGetBean$0(AbstractBeanFactory.java:317)
	at org.springframework.beans.factory.support.DefaultSingletonBeanRegistry.getSingleton(DefaultSingletonBeanRegistry.java:222)
	at org.springframework.beans.factory.support.AbstractBeanFactory.doGetBean(AbstractBeanFactory.java:315)
	at org.springframework.beans.factory.support.AbstractBeanFactory.getBean(AbstractBeanFactory.java:199)
	at org.springframework.beans.factory.support.DefaultListableBeanFactory.preInstantiateSingletons(DefaultListableBeanFactory.java:760)
	at org.springframework.context.support.AbstractApplicationContext.finishBeanFactoryInitialization(AbstractApplicationContext.java:869)
	at org.springframework.context.support.AbstractApplicationContext.refresh(AbstractApplicationContext.java:550)
	at org.springframework.boot.SpringApplication.refresh(SpringApplication.java:759)
	at org.springframework.boot.SpringApplication.refreshContext(SpringApplication.java:395)
	at org.springframework.boot.SpringApplication.run(SpringApplication.java:327)
	at org.springframework.boot.test.context.SpringBootContextLoader.loadContext(SpringBootContextLoader.java:139)
	at org.springframework.test.context.cache.DefaultCacheAwareContextLoaderDelegate.loadContextInternal(DefaultCacheAwareContextLoaderDelegate.java:99)
	at org.springframework.test.context.cache.DefaultCacheAwareContextLoaderDelegate.loadContext(DefaultCacheAwareContextLoaderDelegate.java:117)
	... 24 common frames omitted
Caused by: org.springframework.beans.factory.NoSuchBeanDefinitionException: No qualifying bean of type 'com.Utils.RedisListUtil<java.lang.String, java.lang.String>' available: expected at least 1 bean which qualifies as autowire candidate. Dependency annotations: {@org.springframework.beans.factory.annotation.Autowired(required=true)}
	at org.springframework.beans.factory.support.DefaultListableBeanFactory.raiseNoMatchingBeanFound(DefaultListableBeanFactory.java:1509)
	at org.springframework.beans.factory.support.DefaultListableBeanFactory.doResolveDependency(DefaultListableBeanFactory.java:1104)
	at org.springframework.beans.factory.support.DefaultListableBeanFactory.resolveDependency(DefaultListableBeanFactory.java:1065)
	at org.springframework.beans.factory.annotation.AutowiredAnnotationBeanPostProcessor$AutowiredFieldElement.inject(AutowiredAnnotationBeanPostProcessor.java:584)
	... 42 common frames omitted
2018-08-30 00:20:12.722 [main] INFO  com.redis.sort.SortDemoTest Line:50 ----------------> Starting SortDemoTest on lgj-Lenovo-G470 with PID 32680 (started by lgj in /home/lgj/aProject/Redis/Redis)
2018-08-30 00:20:12.729 [main] INFO  com.redis.sort.SortDemoTest Line:659 ----------------> No active profile set, falling back to default profiles: default
2018-08-30 00:20:12.823 [main] INFO  o.s.w.context.support.GenericWebApplicationContext Line:590 ----------------> Refreshing org.springframework.web.context.support.GenericWebApplicationContext@53bf7094: startup date [Thu Aug 30 00:20:12 CST 2018]; root of context hierarchy
2018-08-30 00:20:18.510 [main] WARN  org.mybatis.spring.mapper.ClassPathMapperScanner Line:166 ----------------> No MyBatis mapper was found in '[com]' package. Please check your configuration.
2018-08-30 00:20:18.569 [main] INFO  o.s.d.r.config.RepositoryConfigurationDelegate Line:163 ----------------> Multiple Spring Data modules found, entering strict repository configuration mode!
2018-08-30 00:20:19.783 [main] INFO  o.s.c.s.PostProcessorRegistrationDelegate$BeanPostProcessorChecker Line:328 ----------------> Bean 'org.springframework.transaction.annotation.ProxyTransactionManagementConfiguration' of type [org.springframework.transaction.annotation.ProxyTransactionManagementConfiguration$$EnhancerBySpringCGLIB$$2dd719e7] is not eligible for getting processed by all BeanPostProcessors (for example: not eligible for auto-proxying)
2018-08-30 00:20:21.110 [main] INFO  o.s.w.s.m.m.a.RequestMappingHandlerMapping Line:547 ----------------> Mapped "{[/swagger-resources/configuration/security]}" onto public org.springframework.http.ResponseEntity<springfox.documentation.swagger.web.SecurityConfiguration> springfox.documentation.swagger.web.ApiResourceController.securityConfiguration()
2018-08-30 00:20:21.112 [main] INFO  o.s.w.s.m.m.a.RequestMappingHandlerMapping Line:547 ----------------> Mapped "{[/swagger-resources]}" onto public org.springframework.http.ResponseEntity<java.util.List<springfox.documentation.swagger.web.SwaggerResource>> springfox.documentation.swagger.web.ApiResourceController.swaggerResources()
2018-08-30 00:20:21.113 [main] INFO  o.s.w.s.m.m.a.RequestMappingHandlerMapping Line:547 ----------------> Mapped "{[/swagger-resources/configuration/ui]}" onto public org.springframework.http.ResponseEntity<springfox.documentation.swagger.web.UiConfiguration> springfox.documentation.swagger.web.ApiResourceController.uiConfiguration()
2018-08-30 00:20:21.121 [main] INFO  o.s.w.s.m.m.a.RequestMappingHandlerMapping Line:547 ----------------> Mapped "{[/error]}" onto public org.springframework.http.ResponseEntity<java.util.Map<java.lang.String, java.lang.Object>> org.springframework.boot.autoconfigure.web.servlet.error.BasicErrorController.error(javax.servlet.http.HttpServletRequest)
2018-08-30 00:20:21.123 [main] INFO  o.s.w.s.m.m.a.RequestMappingHandlerMapping Line:547 ----------------> Mapped "{[/error],produces=[text/html]}" onto public org.springframework.web.servlet.ModelAndView org.springframework.boot.autoconfigure.web.servlet.error.BasicErrorController.errorHtml(javax.servlet.http.HttpServletRequest,javax.servlet.http.HttpServletResponse)
2018-08-30 00:20:21.369 [main] INFO  s.d.s.w.PropertySourcedRequestMappingHandlerMapping Line:69 ----------------> Mapped URL path [/v2/api-docs] onto method [public org.springframework.http.ResponseEntity<springfox.documentation.spring.web.json.Json> springfox.documentation.swagger2.web.Swagger2Controller.getDocumentation(java.lang.String,javax.servlet.http.HttpServletRequest)]
2018-08-30 00:20:21.733 [main] INFO  o.s.web.servlet.handler.SimpleUrlHandlerMapping Line:373 ----------------> Mapped URL path [/**/favicon.ico] onto handler of type [class org.springframework.web.servlet.resource.ResourceHttpRequestHandler]
2018-08-30 00:20:22.105 [main] INFO  o.s.w.s.m.m.a.RequestMappingHandlerAdapter Line:574 ----------------> Looking for @ControllerAdvice: org.springframework.web.context.support.GenericWebApplicationContext@53bf7094: startup date [Thu Aug 30 00:20:12 CST 2018]; root of context hierarchy
2018-08-30 00:20:22.205 [main] INFO  o.s.web.servlet.handler.SimpleUrlHandlerMapping Line:373 ----------------> Mapped URL path [/webjars/**] onto handler of type [class org.springframework.web.servlet.resource.ResourceHttpRequestHandler]
2018-08-30 00:20:22.206 [main] INFO  o.s.web.servlet.handler.SimpleUrlHandlerMapping Line:373 ----------------> Mapped URL path [/**] onto handler of type [class org.springframework.web.servlet.resource.ResourceHttpRequestHandler]
2018-08-30 00:20:23.606 [main] INFO  o.s.context.support.DefaultLifecycleProcessor Line:351 ----------------> Starting beans in phase 2147483647
2018-08-30 00:20:23.608 [main] INFO  s.d.s.web.plugins.DocumentationPluginsBootstrapper Line:160 ----------------> Context refreshed
2018-08-30 00:20:23.651 [main] INFO  s.d.s.web.plugins.DocumentationPluginsBootstrapper Line:163 ----------------> Found 1 custom documentation plugin(s)
2018-08-30 00:20:23.723 [main] INFO  s.d.spring.web.scanners.ApiListingReferenceScanner Line:41 ----------------> Scanning for api listing references
2018-08-30 00:20:23.825 [main] INFO  com.redis.sort.SortDemoTest Line:59 ----------------> Started SortDemoTest in 12.777 seconds (JVM running for 15.548)
2018-08-30 00:20:24.075 [Thread-3] INFO  o.s.w.context.support.GenericWebApplicationContext Line:993 ----------------> Closing org.springframework.web.context.support.GenericWebApplicationContext@53bf7094: startup date [Thu Aug 30 00:20:12 CST 2018]; root of context hierarchy
2018-08-30 00:20:24.082 [Thread-3] INFO  o.s.context.support.DefaultLifecycleProcessor Line:366 ----------------> Stopping beans in phase 2147483647
2018-08-30 00:21:14.473 [main] INFO  com.redis.sort.SortDemoTest Line:50 ----------------> Starting SortDemoTest on lgj-Lenovo-G470 with PID 362 (started by lgj in /home/lgj/aProject/Redis/Redis)
2018-08-30 00:21:14.477 [main] INFO  com.redis.sort.SortDemoTest Line:659 ----------------> No active profile set, falling back to default profiles: default
2018-08-30 00:21:14.539 [main] INFO  o.s.w.context.support.GenericWebApplicationContext Line:590 ----------------> Refreshing org.springframework.web.context.support.GenericWebApplicationContext@2d83c5a5: startup date [Thu Aug 30 00:21:14 CST 2018]; root of context hierarchy
2018-08-30 00:21:20.682 [main] WARN  org.mybatis.spring.mapper.ClassPathMapperScanner Line:166 ----------------> No MyBatis mapper was found in '[com]' package. Please check your configuration.
2018-08-30 00:21:20.783 [main] INFO  o.s.d.r.config.RepositoryConfigurationDelegate Line:163 ----------------> Multiple Spring Data modules found, entering strict repository configuration mode!
2018-08-30 00:21:22.828 [main] INFO  o.s.c.s.PostProcessorRegistrationDelegate$BeanPostProcessorChecker Line:328 ----------------> Bean 'org.springframework.transaction.annotation.ProxyTransactionManagementConfiguration' of type [org.springframework.transaction.annotation.ProxyTransactionManagementConfiguration$$EnhancerBySpringCGLIB$$47887f4c] is not eligible for getting processed by all BeanPostProcessors (for example: not eligible for auto-proxying)
2018-08-30 00:21:24.854 [main] INFO  o.s.w.s.m.m.a.RequestMappingHandlerMapping Line:547 ----------------> Mapped "{[/swagger-resources/configuration/security]}" onto public org.springframework.http.ResponseEntity<springfox.documentation.swagger.web.SecurityConfiguration> springfox.documentation.swagger.web.ApiResourceController.securityConfiguration()
2018-08-30 00:21:24.859 [main] INFO  o.s.w.s.m.m.a.RequestMappingHandlerMapping Line:547 ----------------> Mapped "{[/swagger-resources]}" onto public org.springframework.http.ResponseEntity<java.util.List<springfox.documentation.swagger.web.SwaggerResource>> springfox.documentation.swagger.web.ApiResourceController.swaggerResources()
2018-08-30 00:21:24.862 [main] INFO  o.s.w.s.m.m.a.RequestMappingHandlerMapping Line:547 ----------------> Mapped "{[/swagger-resources/configuration/ui]}" onto public org.springframework.http.ResponseEntity<springfox.documentation.swagger.web.UiConfiguration> springfox.documentation.swagger.web.ApiResourceController.uiConfiguration()
2018-08-30 00:21:24.878 [main] INFO  o.s.w.s.m.m.a.RequestMappingHandlerMapping Line:547 ----------------> Mapped "{[/error]}" onto public org.springframework.http.ResponseEntity<java.util.Map<java.lang.String, java.lang.Object>> org.springframework.boot.autoconfigure.web.servlet.error.BasicErrorController.error(javax.servlet.http.HttpServletRequest)
2018-08-30 00:21:24.881 [main] INFO  o.s.w.s.m.m.a.RequestMappingHandlerMapping Line:547 ----------------> Mapped "{[/error],produces=[text/html]}" onto public org.springframework.web.servlet.ModelAndView org.springframework.boot.autoconfigure.web.servlet.error.BasicErrorController.errorHtml(javax.servlet.http.HttpServletRequest,javax.servlet.http.HttpServletResponse)
2018-08-30 00:21:25.439 [main] INFO  s.d.s.w.PropertySourcedRequestMappingHandlerMapping Line:69 ----------------> Mapped URL path [/v2/api-docs] onto method [public org.springframework.http.ResponseEntity<springfox.documentation.spring.web.json.Json> springfox.documentation.swagger2.web.Swagger2Controller.getDocumentation(java.lang.String,javax.servlet.http.HttpServletRequest)]
2018-08-30 00:21:26.196 [main] INFO  o.s.web.servlet.handler.SimpleUrlHandlerMapping Line:373 ----------------> Mapped URL path [/**/favicon.ico] onto handler of type [class org.springframework.web.servlet.resource.ResourceHttpRequestHandler]
2018-08-30 00:21:26.726 [main] INFO  o.s.w.s.m.m.a.RequestMappingHandlerAdapter Line:574 ----------------> Looking for @ControllerAdvice: org.springframework.web.context.support.GenericWebApplicationContext@2d83c5a5: startup date [Thu Aug 30 00:21:14 CST 2018]; root of context hierarchy
2018-08-30 00:21:26.888 [main] INFO  o.s.web.servlet.handler.SimpleUrlHandlerMapping Line:373 ----------------> Mapped URL path [/webjars/**] onto handler of type [class org.springframework.web.servlet.resource.ResourceHttpRequestHandler]
2018-08-30 00:21:26.889 [main] INFO  o.s.web.servlet.handler.SimpleUrlHandlerMapping Line:373 ----------------> Mapped URL path [/**] onto handler of type [class org.springframework.web.servlet.resource.ResourceHttpRequestHandler]
2018-08-30 00:21:28.809 [main] INFO  o.s.context.support.DefaultLifecycleProcessor Line:351 ----------------> Starting beans in phase 2147483647
2018-08-30 00:21:28.811 [main] INFO  s.d.s.web.plugins.DocumentationPluginsBootstrapper Line:160 ----------------> Context refreshed
2018-08-30 00:21:28.852 [main] INFO  s.d.s.web.plugins.DocumentationPluginsBootstrapper Line:163 ----------------> Found 1 custom documentation plugin(s)
2018-08-30 00:21:28.906 [main] INFO  s.d.spring.web.scanners.ApiListingReferenceScanner Line:41 ----------------> Scanning for api listing references
2018-08-30 00:21:28.992 [main] INFO  com.redis.sort.SortDemoTest Line:59 ----------------> Started SortDemoTest in 15.639 seconds (JVM running for 18.522)
2018-08-30 00:21:29.322 [Thread-3] INFO  o.s.w.context.support.GenericWebApplicationContext Line:993 ----------------> Closing org.springframework.web.context.support.GenericWebApplicationContext@2d83c5a5: startup date [Thu Aug 30 00:21:14 CST 2018]; root of context hierarchy
2018-08-30 00:21:29.328 [Thread-3] INFO  o.s.context.support.DefaultLifecycleProcessor Line:366 ----------------> Stopping beans in phase 2147483647
2018-08-30 00:24:49.789 [main] INFO  com.redis.sort.SortDemoTest Line:50 ----------------> Starting SortDemoTest on lgj-Lenovo-G470 with PID 515 (started by lgj in /home/lgj/aProject/Redis/Redis)
2018-08-30 00:24:49.793 [main] INFO  com.redis.sort.SortDemoTest Line:659 ----------------> No active profile set, falling back to default profiles: default
2018-08-30 00:24:49.843 [main] INFO  o.s.w.context.support.GenericWebApplicationContext Line:590 ----------------> Refreshing org.springframework.web.context.support.GenericWebApplicationContext@2d83c5a5: startup date [Thu Aug 30 00:24:49 CST 2018]; root of context hierarchy
2018-08-30 00:24:55.083 [main] WARN  org.mybatis.spring.mapper.ClassPathMapperScanner Line:166 ----------------> No MyBatis mapper was found in '[com]' package. Please check your configuration.
2018-08-30 00:24:55.161 [main] INFO  o.s.d.r.config.RepositoryConfigurationDelegate Line:163 ----------------> Multiple Spring Data modules found, entering strict repository configuration mode!
2018-08-30 00:24:57.144 [main] INFO  o.s.c.s.PostProcessorRegistrationDelegate$BeanPostProcessorChecker Line:328 ----------------> Bean 'org.springframework.transaction.annotation.ProxyTransactionManagementConfiguration' of type [org.springframework.transaction.annotation.ProxyTransactionManagementConfiguration$$EnhancerBySpringCGLIB$$1a72ca58] is not eligible for getting processed by all BeanPostProcessors (for example: not eligible for auto-proxying)
2018-08-30 00:24:58.345 [main] INFO  o.s.w.s.m.m.a.RequestMappingHandlerMapping Line:547 ----------------> Mapped "{[/swagger-resources/configuration/security]}" onto public org.springframework.http.ResponseEntity<springfox.documentation.swagger.web.SecurityConfiguration> springfox.documentation.swagger.web.ApiResourceController.securityConfiguration()
2018-08-30 00:24:58.347 [main] INFO  o.s.w.s.m.m.a.RequestMappingHandlerMapping Line:547 ----------------> Mapped "{[/swagger-resources]}" onto public org.springframework.http.ResponseEntity<java.util.List<springfox.documentation.swagger.web.SwaggerResource>> springfox.documentation.swagger.web.ApiResourceController.swaggerResources()
2018-08-30 00:24:58.348 [main] INFO  o.s.w.s.m.m.a.RequestMappingHandlerMapping Line:547 ----------------> Mapped "{[/swagger-resources/configuration/ui]}" onto public org.springframework.http.ResponseEntity<springfox.documentation.swagger.web.UiConfiguration> springfox.documentation.swagger.web.ApiResourceController.uiConfiguration()
2018-08-30 00:24:58.355 [main] INFO  o.s.w.s.m.m.a.RequestMappingHandlerMapping Line:547 ----------------> Mapped "{[/error]}" onto public org.springframework.http.ResponseEntity<java.util.Map<java.lang.String, java.lang.Object>> org.springframework.boot.autoconfigure.web.servlet.error.BasicErrorController.error(javax.servlet.http.HttpServletRequest)
2018-08-30 00:24:58.356 [main] INFO  o.s.w.s.m.m.a.RequestMappingHandlerMapping Line:547 ----------------> Mapped "{[/error],produces=[text/html]}" onto public org.springframework.web.servlet.ModelAndView org.springframework.boot.autoconfigure.web.servlet.error.BasicErrorController.errorHtml(javax.servlet.http.HttpServletRequest,javax.servlet.http.HttpServletResponse)
2018-08-30 00:24:58.679 [main] INFO  s.d.s.w.PropertySourcedRequestMappingHandlerMapping Line:69 ----------------> Mapped URL path [/v2/api-docs] onto method [public org.springframework.http.ResponseEntity<springfox.documentation.spring.web.json.Json> springfox.documentation.swagger2.web.Swagger2Controller.getDocumentation(java.lang.String,javax.servlet.http.HttpServletRequest)]
2018-08-30 00:24:59.120 [main] INFO  o.s.web.servlet.handler.SimpleUrlHandlerMapping Line:373 ----------------> Mapped URL path [/**/favicon.ico] onto handler of type [class org.springframework.web.servlet.resource.ResourceHttpRequestHandler]
2018-08-30 00:24:59.479 [main] INFO  o.s.w.s.m.m.a.RequestMappingHandlerAdapter Line:574 ----------------> Looking for @ControllerAdvice: org.springframework.web.context.support.GenericWebApplicationContext@2d83c5a5: startup date [Thu Aug 30 00:24:49 CST 2018]; root of context hierarchy
2018-08-30 00:24:59.564 [main] INFO  o.s.web.servlet.handler.SimpleUrlHandlerMapping Line:373 ----------------> Mapped URL path [/webjars/**] onto handler of type [class org.springframework.web.servlet.resource.ResourceHttpRequestHandler]
2018-08-30 00:24:59.565 [main] INFO  o.s.web.servlet.handler.SimpleUrlHandlerMapping Line:373 ----------------> Mapped URL path [/**] onto handler of type [class org.springframework.web.servlet.resource.ResourceHttpRequestHandler]
2018-08-30 00:25:00.731 [main] INFO  o.s.context.support.DefaultLifecycleProcessor Line:351 ----------------> Starting beans in phase 2147483647
2018-08-30 00:25:00.733 [main] INFO  s.d.s.web.plugins.DocumentationPluginsBootstrapper Line:160 ----------------> Context refreshed
2018-08-30 00:25:00.761 [main] INFO  s.d.s.web.plugins.DocumentationPluginsBootstrapper Line:163 ----------------> Found 1 custom documentation plugin(s)
2018-08-30 00:25:00.803 [main] INFO  s.d.spring.web.scanners.ApiListingReferenceScanner Line:41 ----------------> Scanning for api listing references
2018-08-30 00:25:00.942 [main] INFO  com.redis.sort.SortDemoTest Line:59 ----------------> Started SortDemoTest in 12.491 seconds (JVM running for 15.145)
2018-08-30 00:25:01.201 [Thread-3] INFO  o.s.w.context.support.GenericWebApplicationContext Line:993 ----------------> Closing org.springframework.web.context.support.GenericWebApplicationContext@2d83c5a5: startup date [Thu Aug 30 00:24:49 CST 2018]; root of context hierarchy
2018-08-30 00:25:01.210 [Thread-3] INFO  o.s.context.support.DefaultLifecycleProcessor Line:366 ----------------> Stopping beans in phase 2147483647
2018-08-30 00:27:35.525 [main] INFO  com.redis.sort.SortDemoTest Line:50 ----------------> Starting SortDemoTest on lgj-Lenovo-G470 with PID 709 (started by lgj in /home/lgj/aProject/Redis/Redis)
2018-08-30 00:27:35.530 [main] INFO  com.redis.sort.SortDemoTest Line:659 ----------------> No active profile set, falling back to default profiles: default
2018-08-30 00:27:35.594 [main] INFO  o.s.w.context.support.GenericWebApplicationContext Line:590 ----------------> Refreshing org.springframework.web.context.support.GenericWebApplicationContext@2d83c5a5: startup date [Thu Aug 30 00:27:35 CST 2018]; root of context hierarchy
2018-08-30 00:27:41.247 [main] WARN  org.mybatis.spring.mapper.ClassPathMapperScanner Line:166 ----------------> No MyBatis mapper was found in '[com]' package. Please check your configuration.
2018-08-30 00:27:41.312 [main] INFO  o.s.d.r.config.RepositoryConfigurationDelegate Line:163 ----------------> Multiple Spring Data modules found, entering strict repository configuration mode!
2018-08-30 00:27:42.617 [main] INFO  o.s.c.s.PostProcessorRegistrationDelegate$BeanPostProcessorChecker Line:328 ----------------> Bean 'org.springframework.transaction.annotation.ProxyTransactionManagementConfiguration' of type [org.springframework.transaction.annotation.ProxyTransactionManagementConfiguration$$EnhancerBySpringCGLIB$$1c6f89fb] is not eligible for getting processed by all BeanPostProcessors (for example: not eligible for auto-proxying)
2018-08-30 00:27:44.078 [main] INFO  o.s.w.s.m.m.a.RequestMappingHandlerMapping Line:547 ----------------> Mapped "{[/swagger-resources/configuration/security]}" onto public org.springframework.http.ResponseEntity<springfox.documentation.swagger.web.SecurityConfiguration> springfox.documentation.swagger.web.ApiResourceController.securityConfiguration()
2018-08-30 00:27:44.080 [main] INFO  o.s.w.s.m.m.a.RequestMappingHandlerMapping Line:547 ----------------> Mapped "{[/swagger-resources]}" onto public org.springframework.http.ResponseEntity<java.util.List<springfox.documentation.swagger.web.SwaggerResource>> springfox.documentation.swagger.web.ApiResourceController.swaggerResources()
2018-08-30 00:27:44.082 [main] INFO  o.s.w.s.m.m.a.RequestMappingHandlerMapping Line:547 ----------------> Mapped "{[/swagger-resources/configuration/ui]}" onto public org.springframework.http.ResponseEntity<springfox.documentation.swagger.web.UiConfiguration> springfox.documentation.swagger.web.ApiResourceController.uiConfiguration()
2018-08-30 00:27:44.093 [main] INFO  o.s.w.s.m.m.a.RequestMappingHandlerMapping Line:547 ----------------> Mapped "{[/error]}" onto public org.springframework.http.ResponseEntity<java.util.Map<java.lang.String, java.lang.Object>> org.springframework.boot.autoconfigure.web.servlet.error.BasicErrorController.error(javax.servlet.http.HttpServletRequest)
2018-08-30 00:27:44.095 [main] INFO  o.s.w.s.m.m.a.RequestMappingHandlerMapping Line:547 ----------------> Mapped "{[/error],produces=[text/html]}" onto public org.springframework.web.servlet.ModelAndView org.springframework.boot.autoconfigure.web.servlet.error.BasicErrorController.errorHtml(javax.servlet.http.HttpServletRequest,javax.servlet.http.HttpServletResponse)
2018-08-30 00:27:44.411 [main] INFO  s.d.s.w.PropertySourcedRequestMappingHandlerMapping Line:69 ----------------> Mapped URL path [/v2/api-docs] onto method [public org.springframework.http.ResponseEntity<springfox.documentation.spring.web.json.Json> springfox.documentation.swagger2.web.Swagger2Controller.getDocumentation(java.lang.String,javax.servlet.http.HttpServletRequest)]
2018-08-30 00:27:44.852 [main] INFO  o.s.web.servlet.handler.SimpleUrlHandlerMapping Line:373 ----------------> Mapped URL path [/**/favicon.ico] onto handler of type [class org.springframework.web.servlet.resource.ResourceHttpRequestHandler]
2018-08-30 00:27:45.156 [main] INFO  o.s.w.s.m.m.a.RequestMappingHandlerAdapter Line:574 ----------------> Looking for @ControllerAdvice: org.springframework.web.context.support.GenericWebApplicationContext@2d83c5a5: startup date [Thu Aug 30 00:27:35 CST 2018]; root of context hierarchy
2018-08-30 00:27:45.256 [main] INFO  o.s.web.servlet.handler.SimpleUrlHandlerMapping Line:373 ----------------> Mapped URL path [/webjars/**] onto handler of type [class org.springframework.web.servlet.resource.ResourceHttpRequestHandler]
2018-08-30 00:27:45.257 [main] INFO  o.s.web.servlet.handler.SimpleUrlHandlerMapping Line:373 ----------------> Mapped URL path [/**] onto handler of type [class org.springframework.web.servlet.resource.ResourceHttpRequestHandler]
2018-08-30 00:27:46.634 [main] INFO  o.s.context.support.DefaultLifecycleProcessor Line:351 ----------------> Starting beans in phase 2147483647
2018-08-30 00:27:46.635 [main] INFO  s.d.s.web.plugins.DocumentationPluginsBootstrapper Line:160 ----------------> Context refreshed
2018-08-30 00:27:46.663 [main] INFO  s.d.s.web.plugins.DocumentationPluginsBootstrapper Line:163 ----------------> Found 1 custom documentation plugin(s)
2018-08-30 00:27:46.727 [main] INFO  s.d.spring.web.scanners.ApiListingReferenceScanner Line:41 ----------------> Scanning for api listing references
2018-08-30 00:27:46.887 [main] INFO  com.redis.sort.SortDemoTest Line:59 ----------------> Started SortDemoTest in 12.654 seconds (JVM running for 15.449)
2018-08-30 00:27:47.133 [Thread-3] INFO  o.s.w.context.support.GenericWebApplicationContext Line:993 ----------------> Closing org.springframework.web.context.support.GenericWebApplicationContext@2d83c5a5: startup date [Thu Aug 30 00:27:35 CST 2018]; root of context hierarchy
2018-08-30 00:27:47.141 [Thread-3] INFO  o.s.context.support.DefaultLifecycleProcessor Line:366 ----------------> Stopping beans in phase 2147483647
2018-08-30 00:28:51.901 [main] INFO  com.redis.sort.SortDemoTest Line:50 ----------------> Starting SortDemoTest on lgj-Lenovo-G470 with PID 823 (started by lgj in /home/lgj/aProject/Redis/Redis)
2018-08-30 00:28:51.903 [main] INFO  com.redis.sort.SortDemoTest Line:659 ----------------> No active profile set, falling back to default profiles: default
2018-08-30 00:28:51.953 [main] INFO  o.s.w.context.support.GenericWebApplicationContext Line:590 ----------------> Refreshing org.springframework.web.context.support.GenericWebApplicationContext@2d83c5a5: startup date [Thu Aug 30 00:28:51 CST 2018]; root of context hierarchy
2018-08-30 00:28:57.563 [main] WARN  org.mybatis.spring.mapper.ClassPathMapperScanner Line:166 ----------------> No MyBatis mapper was found in '[com]' package. Please check your configuration.
2018-08-30 00:28:57.624 [main] INFO  o.s.d.r.config.RepositoryConfigurationDelegate Line:163 ----------------> Multiple Spring Data modules found, entering strict repository configuration mode!
2018-08-30 00:28:59.053 [main] INFO  o.s.c.s.PostProcessorRegistrationDelegate$BeanPostProcessorChecker Line:328 ----------------> Bean 'org.springframework.transaction.annotation.ProxyTransactionManagementConfiguration' of type [org.springframework.transaction.annotation.ProxyTransactionManagementConfiguration$$EnhancerBySpringCGLIB$$1a72ca58] is not eligible for getting processed by all BeanPostProcessors (for example: not eligible for auto-proxying)
2018-08-30 00:29:00.980 [main] INFO  o.s.w.s.m.m.a.RequestMappingHandlerMapping Line:547 ----------------> Mapped "{[/swagger-resources/configuration/security]}" onto public org.springframework.http.ResponseEntity<springfox.documentation.swagger.web.SecurityConfiguration> springfox.documentation.swagger.web.ApiResourceController.securityConfiguration()
2018-08-30 00:29:00.983 [main] INFO  o.s.w.s.m.m.a.RequestMappingHandlerMapping Line:547 ----------------> Mapped "{[/swagger-resources]}" onto public org.springframework.http.ResponseEntity<java.util.List<springfox.documentation.swagger.web.SwaggerResource>> springfox.documentation.swagger.web.ApiResourceController.swaggerResources()
2018-08-30 00:29:00.984 [main] INFO  o.s.w.s.m.m.a.RequestMappingHandlerMapping Line:547 ----------------> Mapped "{[/swagger-resources/configuration/ui]}" onto public org.springframework.http.ResponseEntity<springfox.documentation.swagger.web.UiConfiguration> springfox.documentation.swagger.web.ApiResourceController.uiConfiguration()
2018-08-30 00:29:00.995 [main] INFO  o.s.w.s.m.m.a.RequestMappingHandlerMapping Line:547 ----------------> Mapped "{[/error]}" onto public org.springframework.http.ResponseEntity<java.util.Map<java.lang.String, java.lang.Object>> org.springframework.boot.autoconfigure.web.servlet.error.BasicErrorController.error(javax.servlet.http.HttpServletRequest)
2018-08-30 00:29:00.998 [main] INFO  o.s.w.s.m.m.a.RequestMappingHandlerMapping Line:547 ----------------> Mapped "{[/error],produces=[text/html]}" onto public org.springframework.web.servlet.ModelAndView org.springframework.boot.autoconfigure.web.servlet.error.BasicErrorController.errorHtml(javax.servlet.http.HttpServletRequest,javax.servlet.http.HttpServletResponse)
2018-08-30 00:29:01.572 [main] INFO  s.d.s.w.PropertySourcedRequestMappingHandlerMapping Line:69 ----------------> Mapped URL path [/v2/api-docs] onto method [public org.springframework.http.ResponseEntity<springfox.documentation.spring.web.json.Json> springfox.documentation.swagger2.web.Swagger2Controller.getDocumentation(java.lang.String,javax.servlet.http.HttpServletRequest)]
2018-08-30 00:29:02.270 [main] INFO  o.s.web.servlet.handler.SimpleUrlHandlerMapping Line:373 ----------------> Mapped URL path [/**/favicon.ico] onto handler of type [class org.springframework.web.servlet.resource.ResourceHttpRequestHandler]
2018-08-30 00:29:02.719 [main] INFO  o.s.w.s.m.m.a.RequestMappingHandlerAdapter Line:574 ----------------> Looking for @ControllerAdvice: org.springframework.web.context.support.GenericWebApplicationContext@2d83c5a5: startup date [Thu Aug 30 00:28:51 CST 2018]; root of context hierarchy
2018-08-30 00:29:02.852 [main] INFO  o.s.web.servlet.handler.SimpleUrlHandlerMapping Line:373 ----------------> Mapped URL path [/webjars/**] onto handler of type [class org.springframework.web.servlet.resource.ResourceHttpRequestHandler]
2018-08-30 00:29:02.853 [main] INFO  o.s.web.servlet.handler.SimpleUrlHandlerMapping Line:373 ----------------> Mapped URL path [/**] onto handler of type [class org.springframework.web.servlet.resource.ResourceHttpRequestHandler]
2018-08-30 00:29:04.720 [main] INFO  o.s.context.support.DefaultLifecycleProcessor Line:351 ----------------> Starting beans in phase 2147483647
2018-08-30 00:29:04.721 [main] INFO  s.d.s.web.plugins.DocumentationPluginsBootstrapper Line:160 ----------------> Context refreshed
2018-08-30 00:29:04.771 [main] INFO  s.d.s.web.plugins.DocumentationPluginsBootstrapper Line:163 ----------------> Found 1 custom documentation plugin(s)
2018-08-30 00:29:04.833 [main] INFO  s.d.spring.web.scanners.ApiListingReferenceScanner Line:41 ----------------> Scanning for api listing references
2018-08-30 00:29:04.945 [main] INFO  com.redis.sort.SortDemoTest Line:59 ----------------> Started SortDemoTest in 14.227 seconds (JVM running for 17.095)
2018-08-30 00:29:05.218 [Thread-3] INFO  o.s.w.context.support.GenericWebApplicationContext Line:993 ----------------> Closing org.springframework.web.context.support.GenericWebApplicationContext@2d83c5a5: startup date [Thu Aug 30 00:28:51 CST 2018]; root of context hierarchy
2018-08-30 00:29:05.224 [Thread-3] INFO  o.s.context.support.DefaultLifecycleProcessor Line:366 ----------------> Stopping beans in phase 2147483647
2018-08-30 00:31:04.597 [main] INFO  com.redis.sort.SortDemoTest Line:50 ----------------> Starting SortDemoTest on lgj-Lenovo-G470 with PID 996 (started by lgj in /home/lgj/aProject/Redis/Redis)
2018-08-30 00:31:04.601 [main] INFO  com.redis.sort.SortDemoTest Line:659 ----------------> No active profile set, falling back to default profiles: default
2018-08-30 00:31:04.663 [main] INFO  o.s.w.context.support.GenericWebApplicationContext Line:590 ----------------> Refreshing org.springframework.web.context.support.GenericWebApplicationContext@2d83c5a5: startup date [Thu Aug 30 00:31:04 CST 2018]; root of context hierarchy
2018-08-30 00:31:10.250 [main] WARN  org.mybatis.spring.mapper.ClassPathMapperScanner Line:166 ----------------> No MyBatis mapper was found in '[com]' package. Please check your configuration.
2018-08-30 00:31:10.325 [main] INFO  o.s.d.r.config.RepositoryConfigurationDelegate Line:163 ----------------> Multiple Spring Data modules found, entering strict repository configuration mode!
2018-08-30 00:31:11.778 [main] INFO  o.s.c.s.PostProcessorRegistrationDelegate$BeanPostProcessorChecker Line:328 ----------------> Bean 'org.springframework.transaction.annotation.ProxyTransactionManagementConfiguration' of type [org.springframework.transaction.annotation.ProxyTransactionManagementConfiguration$$EnhancerBySpringCGLIB$$1a72ca58] is not eligible for getting processed by all BeanPostProcessors (for example: not eligible for auto-proxying)
2018-08-30 00:31:13.449 [main] INFO  o.s.w.s.m.m.a.RequestMappingHandlerMapping Line:547 ----------------> Mapped "{[/swagger-resources/configuration/security]}" onto public org.springframework.http.ResponseEntity<springfox.documentation.swagger.web.SecurityConfiguration> springfox.documentation.swagger.web.ApiResourceController.securityConfiguration()
2018-08-30 00:31:13.453 [main] INFO  o.s.w.s.m.m.a.RequestMappingHandlerMapping Line:547 ----------------> Mapped "{[/swagger-resources]}" onto public org.springframework.http.ResponseEntity<java.util.List<springfox.documentation.swagger.web.SwaggerResource>> springfox.documentation.swagger.web.ApiResourceController.swaggerResources()
2018-08-30 00:31:13.455 [main] INFO  o.s.w.s.m.m.a.RequestMappingHandlerMapping Line:547 ----------------> Mapped "{[/swagger-resources/configuration/ui]}" onto public org.springframework.http.ResponseEntity<springfox.documentation.swagger.web.UiConfiguration> springfox.documentation.swagger.web.ApiResourceController.uiConfiguration()
2018-08-30 00:31:13.476 [main] INFO  o.s.w.s.m.m.a.RequestMappingHandlerMapping Line:547 ----------------> Mapped "{[/error]}" onto public org.springframework.http.ResponseEntity<java.util.Map<java.lang.String, java.lang.Object>> org.springframework.boot.autoconfigure.web.servlet.error.BasicErrorController.error(javax.servlet.http.HttpServletRequest)
2018-08-30 00:31:13.479 [main] INFO  o.s.w.s.m.m.a.RequestMappingHandlerMapping Line:547 ----------------> Mapped "{[/error],produces=[text/html]}" onto public org.springframework.web.servlet.ModelAndView org.springframework.boot.autoconfigure.web.servlet.error.BasicErrorController.errorHtml(javax.servlet.http.HttpServletRequest,javax.servlet.http.HttpServletResponse)
2018-08-30 00:31:13.915 [main] INFO  s.d.s.w.PropertySourcedRequestMappingHandlerMapping Line:69 ----------------> Mapped URL path [/v2/api-docs] onto method [public org.springframework.http.ResponseEntity<springfox.documentation.spring.web.json.Json> springfox.documentation.swagger2.web.Swagger2Controller.getDocumentation(java.lang.String,javax.servlet.http.HttpServletRequest)]
2018-08-30 00:31:14.528 [main] INFO  o.s.web.servlet.handler.SimpleUrlHandlerMapping Line:373 ----------------> Mapped URL path [/**/favicon.ico] onto handler of type [class org.springframework.web.servlet.resource.ResourceHttpRequestHandler]
2018-08-30 00:31:14.962 [main] INFO  o.s.w.s.m.m.a.RequestMappingHandlerAdapter Line:574 ----------------> Looking for @ControllerAdvice: org.springframework.web.context.support.GenericWebApplicationContext@2d83c5a5: startup date [Thu Aug 30 00:31:04 CST 2018]; root of context hierarchy
2018-08-30 00:31:15.119 [main] INFO  o.s.web.servlet.handler.SimpleUrlHandlerMapping Line:373 ----------------> Mapped URL path [/webjars/**] onto handler of type [class org.springframework.web.servlet.resource.ResourceHttpRequestHandler]
2018-08-30 00:31:15.120 [main] INFO  o.s.web.servlet.handler.SimpleUrlHandlerMapping Line:373 ----------------> Mapped URL path [/**] onto handler of type [class org.springframework.web.servlet.resource.ResourceHttpRequestHandler]
2018-08-30 00:31:17.085 [main] INFO  o.s.context.support.DefaultLifecycleProcessor Line:351 ----------------> Starting beans in phase 2147483647
2018-08-30 00:31:17.086 [main] INFO  s.d.s.web.plugins.DocumentationPluginsBootstrapper Line:160 ----------------> Context refreshed
2018-08-30 00:31:17.125 [main] INFO  s.d.s.web.plugins.DocumentationPluginsBootstrapper Line:163 ----------------> Found 1 custom documentation plugin(s)
2018-08-30 00:31:17.181 [main] INFO  s.d.spring.web.scanners.ApiListingReferenceScanner Line:41 ----------------> Scanning for api listing references
2018-08-30 00:31:17.274 [main] INFO  com.redis.sort.SortDemoTest Line:59 ----------------> Started SortDemoTest in 13.898 seconds (JVM running for 17.443)
2018-08-30 00:31:17.515 [Thread-3] INFO  o.s.w.context.support.GenericWebApplicationContext Line:993 ----------------> Closing org.springframework.web.context.support.GenericWebApplicationContext@2d83c5a5: startup date [Thu Aug 30 00:31:04 CST 2018]; root of context hierarchy
2018-08-30 00:31:17.521 [Thread-3] INFO  o.s.context.support.DefaultLifecycleProcessor Line:366 ----------------> Stopping beans in phase 2147483647
2018-08-30 00:31:32.623 [main] INFO  com.redis.sort.SortDemoTest Line:50 ----------------> Starting SortDemoTest on lgj-Lenovo-G470 with PID 1097 (started by lgj in /home/lgj/aProject/Redis/Redis)
2018-08-30 00:31:32.629 [main] INFO  com.redis.sort.SortDemoTest Line:659 ----------------> No active profile set, falling back to default profiles: default
2018-08-30 00:31:32.721 [main] INFO  o.s.w.context.support.GenericWebApplicationContext Line:590 ----------------> Refreshing org.springframework.web.context.support.GenericWebApplicationContext@2d83c5a5: startup date [Thu Aug 30 00:31:32 CST 2018]; root of context hierarchy
2018-08-30 00:31:38.452 [main] WARN  org.mybatis.spring.mapper.ClassPathMapperScanner Line:166 ----------------> No MyBatis mapper was found in '[com]' package. Please check your configuration.
2018-08-30 00:31:38.538 [main] INFO  o.s.d.r.config.RepositoryConfigurationDelegate Line:163 ----------------> Multiple Spring Data modules found, entering strict repository configuration mode!
2018-08-30 00:31:39.878 [main] INFO  o.s.c.s.PostProcessorRegistrationDelegate$BeanPostProcessorChecker Line:328 ----------------> Bean 'org.springframework.transaction.annotation.ProxyTransactionManagementConfiguration' of type [org.springframework.transaction.annotation.ProxyTransactionManagementConfiguration$$EnhancerBySpringCGLIB$$47887f4c] is not eligible for getting processed by all BeanPostProcessors (for example: not eligible for auto-proxying)
2018-08-30 00:31:41.992 [main] INFO  o.s.w.s.m.m.a.RequestMappingHandlerMapping Line:547 ----------------> Mapped "{[/swagger-resources/configuration/security]}" onto public org.springframework.http.ResponseEntity<springfox.documentation.swagger.web.SecurityConfiguration> springfox.documentation.swagger.web.ApiResourceController.securityConfiguration()
2018-08-30 00:31:41.996 [main] INFO  o.s.w.s.m.m.a.RequestMappingHandlerMapping Line:547 ----------------> Mapped "{[/swagger-resources]}" onto public org.springframework.http.ResponseEntity<java.util.List<springfox.documentation.swagger.web.SwaggerResource>> springfox.documentation.swagger.web.ApiResourceController.swaggerResources()
2018-08-30 00:31:41.998 [main] INFO  o.s.w.s.m.m.a.RequestMappingHandlerMapping Line:547 ----------------> Mapped "{[/swagger-resources/configuration/ui]}" onto public org.springframework.http.ResponseEntity<springfox.documentation.swagger.web.UiConfiguration> springfox.documentation.swagger.web.ApiResourceController.uiConfiguration()
2018-08-30 00:31:42.018 [main] INFO  o.s.w.s.m.m.a.RequestMappingHandlerMapping Line:547 ----------------> Mapped "{[/error]}" onto public org.springframework.http.ResponseEntity<java.util.Map<java.lang.String, java.lang.Object>> org.springframework.boot.autoconfigure.web.servlet.error.BasicErrorController.error(javax.servlet.http.HttpServletRequest)
2018-08-30 00:31:42.021 [main] INFO  o.s.w.s.m.m.a.RequestMappingHandlerMapping Line:547 ----------------> Mapped "{[/error],produces=[text/html]}" onto public org.springframework.web.servlet.ModelAndView org.springframework.boot.autoconfigure.web.servlet.error.BasicErrorController.errorHtml(javax.servlet.http.HttpServletRequest,javax.servlet.http.HttpServletResponse)
2018-08-30 00:31:42.815 [main] INFO  s.d.s.w.PropertySourcedRequestMappingHandlerMapping Line:69 ----------------> Mapped URL path [/v2/api-docs] onto method [public org.springframework.http.ResponseEntity<springfox.documentation.spring.web.json.Json> springfox.documentation.swagger2.web.Swagger2Controller.getDocumentation(java.lang.String,javax.servlet.http.HttpServletRequest)]
2018-08-30 00:31:43.633 [main] INFO  o.s.web.servlet.handler.SimpleUrlHandlerMapping Line:373 ----------------> Mapped URL path [/**/favicon.ico] onto handler of type [class org.springframework.web.servlet.resource.ResourceHttpRequestHandler]
2018-08-30 00:31:44.172 [main] INFO  o.s.w.s.m.m.a.RequestMappingHandlerAdapter Line:574 ----------------> Looking for @ControllerAdvice: org.springframework.web.context.support.GenericWebApplicationContext@2d83c5a5: startup date [Thu Aug 30 00:31:32 CST 2018]; root of context hierarchy
2018-08-30 00:31:44.293 [main] INFO  o.s.web.servlet.handler.SimpleUrlHandlerMapping Line:373 ----------------> Mapped URL path [/webjars/**] onto handler of type [class org.springframework.web.servlet.resource.ResourceHttpRequestHandler]
2018-08-30 00:31:44.294 [main] INFO  o.s.web.servlet.handler.SimpleUrlHandlerMapping Line:373 ----------------> Mapped URL path [/**] onto handler of type [class org.springframework.web.servlet.resource.ResourceHttpRequestHandler]
2018-08-30 00:31:45.842 [main] INFO  o.s.context.support.DefaultLifecycleProcessor Line:351 ----------------> Starting beans in phase 2147483647
2018-08-30 00:31:45.843 [main] INFO  s.d.s.web.plugins.DocumentationPluginsBootstrapper Line:160 ----------------> Context refreshed
2018-08-30 00:31:45.878 [main] INFO  s.d.s.web.plugins.DocumentationPluginsBootstrapper Line:163 ----------------> Found 1 custom documentation plugin(s)
2018-08-30 00:31:46.003 [main] INFO  s.d.spring.web.scanners.ApiListingReferenceScanner Line:41 ----------------> Scanning for api listing references
2018-08-30 00:31:46.102 [main] INFO  com.redis.sort.SortDemoTest Line:59 ----------------> Started SortDemoTest in 14.822 seconds (JVM running for 17.542)
2018-08-30 00:31:46.397 [Thread-3] INFO  o.s.w.context.support.GenericWebApplicationContext Line:993 ----------------> Closing org.springframework.web.context.support.GenericWebApplicationContext@2d83c5a5: startup date [Thu Aug 30 00:31:32 CST 2018]; root of context hierarchy
2018-08-30 00:31:46.406 [Thread-3] INFO  o.s.context.support.DefaultLifecycleProcessor Line:366 ----------------> Stopping beans in phase 2147483647
2018-08-30 00:33:32.317 [main] INFO  com.redis.sort.SortDemoTest Line:50 ----------------> Starting SortDemoTest on lgj-Lenovo-G470 with PID 1228 (started by lgj in /home/lgj/aProject/Redis/Redis)
2018-08-30 00:33:32.320 [main] INFO  com.redis.sort.SortDemoTest Line:659 ----------------> No active profile set, falling back to default profiles: default
2018-08-30 00:33:32.368 [main] INFO  o.s.w.context.support.GenericWebApplicationContext Line:590 ----------------> Refreshing org.springframework.web.context.support.GenericWebApplicationContext@2d83c5a5: startup date [Thu Aug 30 00:33:32 CST 2018]; root of context hierarchy
2018-08-30 00:33:38.110 [main] WARN  org.mybatis.spring.mapper.ClassPathMapperScanner Line:166 ----------------> No MyBatis mapper was found in '[com]' package. Please check your configuration.
2018-08-30 00:33:38.169 [main] INFO  o.s.d.r.config.RepositoryConfigurationDelegate Line:163 ----------------> Multiple Spring Data modules found, entering strict repository configuration mode!
2018-08-30 00:33:39.460 [main] INFO  o.s.c.s.PostProcessorRegistrationDelegate$BeanPostProcessorChecker Line:328 ----------------> Bean 'org.springframework.transaction.annotation.ProxyTransactionManagementConfiguration' of type [org.springframework.transaction.annotation.ProxyTransactionManagementConfiguration$$EnhancerBySpringCGLIB$$fa8ac037] is not eligible for getting processed by all BeanPostProcessors (for example: not eligible for auto-proxying)
2018-08-30 00:33:40.990 [main] INFO  o.s.w.s.m.m.a.RequestMappingHandlerMapping Line:547 ----------------> Mapped "{[/swagger-resources/configuration/security]}" onto public org.springframework.http.ResponseEntity<springfox.documentation.swagger.web.SecurityConfiguration> springfox.documentation.swagger.web.ApiResourceController.securityConfiguration()
2018-08-30 00:33:40.994 [main] INFO  o.s.w.s.m.m.a.RequestMappingHandlerMapping Line:547 ----------------> Mapped "{[/swagger-resources]}" onto public org.springframework.http.ResponseEntity<java.util.List<springfox.documentation.swagger.web.SwaggerResource>> springfox.documentation.swagger.web.ApiResourceController.swaggerResources()
2018-08-30 00:33:40.996 [main] INFO  o.s.w.s.m.m.a.RequestMappingHandlerMapping Line:547 ----------------> Mapped "{[/swagger-resources/configuration/ui]}" onto public org.springframework.http.ResponseEntity<springfox.documentation.swagger.web.UiConfiguration> springfox.documentation.swagger.web.ApiResourceController.uiConfiguration()
2018-08-30 00:33:41.008 [main] INFO  o.s.w.s.m.m.a.RequestMappingHandlerMapping Line:547 ----------------> Mapped "{[/error]}" onto public org.springframework.http.ResponseEntity<java.util.Map<java.lang.String, java.lang.Object>> org.springframework.boot.autoconfigure.web.servlet.error.BasicErrorController.error(javax.servlet.http.HttpServletRequest)
2018-08-30 00:33:41.010 [main] INFO  o.s.w.s.m.m.a.RequestMappingHandlerMapping Line:547 ----------------> Mapped "{[/error],produces=[text/html]}" onto public org.springframework.web.servlet.ModelAndView org.springframework.boot.autoconfigure.web.servlet.error.BasicErrorController.errorHtml(javax.servlet.http.HttpServletRequest,javax.servlet.http.HttpServletResponse)
2018-08-30 00:33:41.518 [main] INFO  s.d.s.w.PropertySourcedRequestMappingHandlerMapping Line:69 ----------------> Mapped URL path [/v2/api-docs] onto method [public org.springframework.http.ResponseEntity<springfox.documentation.spring.web.json.Json> springfox.documentation.swagger2.web.Swagger2Controller.getDocumentation(java.lang.String,javax.servlet.http.HttpServletRequest)]
2018-08-30 00:33:42.145 [main] INFO  o.s.web.servlet.handler.SimpleUrlHandlerMapping Line:373 ----------------> Mapped URL path [/**/favicon.ico] onto handler of type [class org.springframework.web.servlet.resource.ResourceHttpRequestHandler]
2018-08-30 00:33:42.630 [main] INFO  o.s.w.s.m.m.a.RequestMappingHandlerAdapter Line:574 ----------------> Looking for @ControllerAdvice: org.springframework.web.context.support.GenericWebApplicationContext@2d83c5a5: startup date [Thu Aug 30 00:33:32 CST 2018]; root of context hierarchy
2018-08-30 00:33:42.808 [main] INFO  o.s.web.servlet.handler.SimpleUrlHandlerMapping Line:373 ----------------> Mapped URL path [/webjars/**] onto handler of type [class org.springframework.web.servlet.resource.ResourceHttpRequestHandler]
2018-08-30 00:33:42.809 [main] INFO  o.s.web.servlet.handler.SimpleUrlHandlerMapping Line:373 ----------------> Mapped URL path [/**] onto handler of type [class org.springframework.web.servlet.resource.ResourceHttpRequestHandler]
2018-08-30 00:33:44.670 [main] INFO  o.s.context.support.DefaultLifecycleProcessor Line:351 ----------------> Starting beans in phase 2147483647
2018-08-30 00:33:44.671 [main] INFO  s.d.s.web.plugins.DocumentationPluginsBootstrapper Line:160 ----------------> Context refreshed
2018-08-30 00:33:44.712 [main] INFO  s.d.s.web.plugins.DocumentationPluginsBootstrapper Line:163 ----------------> Found 1 custom documentation plugin(s)
2018-08-30 00:33:44.791 [main] INFO  s.d.spring.web.scanners.ApiListingReferenceScanner Line:41 ----------------> Scanning for api listing references
2018-08-30 00:33:44.897 [main] INFO  com.redis.sort.SortDemoTest Line:59 ----------------> Started SortDemoTest in 13.873 seconds (JVM running for 16.725)
2018-08-30 00:33:45.203 [Thread-3] INFO  o.s.w.context.support.GenericWebApplicationContext Line:993 ----------------> Closing org.springframework.web.context.support.GenericWebApplicationContext@2d83c5a5: startup date [Thu Aug 30 00:33:32 CST 2018]; root of context hierarchy
2018-08-30 00:33:45.211 [Thread-3] INFO  o.s.context.support.DefaultLifecycleProcessor Line:366 ----------------> Stopping beans in phase 2147483647
