2018-08-29 00:16:25.109 [main] INFO  com.redis.SaveObjectDemoTest Line:50 ----------------> Starting SaveObjectDemoTest on lgj-Lenovo-G470 with PID 23886 (started by lgj in /home/lgj/aProject/Redis/Redis)
2018-08-29 00:16:25.113 [main] INFO  com.redis.SaveObjectDemoTest Line:659 ----------------> No active profile set, falling back to default profiles: default
2018-08-29 00:16:25.192 [main] INFO  o.s.w.context.support.GenericWebApplicationContext Line:590 ----------------> Refreshing org.springframework.web.context.support.GenericWebApplicationContext@680bddf5: startup date [Wed Aug 29 00:16:25 CST 2018]; root of context hierarchy
2018-08-29 00:16:33.656 [main] WARN  org.mybatis.spring.mapper.ClassPathMapperScanner Line:166 ----------------> No MyBatis mapper was found in '[com]' package. Please check your configuration.
2018-08-29 00:16:33.893 [main] INFO  o.s.d.r.config.RepositoryConfigurationDelegate Line:163 ----------------> Multiple Spring Data modules found, entering strict repository configuration mode!
2018-08-29 00:16:36.191 [main] INFO  o.s.c.s.PostProcessorRegistrationDelegate$BeanPostProcessorChecker Line:328 ----------------> Bean 'org.springframework.transaction.annotation.ProxyTransactionManagementConfiguration' of type [org.springframework.transaction.annotation.ProxyTransactionManagementConfiguration$$EnhancerBySpringCGLIB$$826f3751] is not eligible for getting processed by all BeanPostProcessors (for example: not eligible for auto-proxying)
2018-08-29 00:16:38.578 [main] INFO  o.s.w.s.m.m.a.RequestMappingHandlerMapping Line:547 ----------------> Mapped "{[/swagger-resources/configuration/security]}" onto public org.springframework.http.ResponseEntity<springfox.documentation.swagger.web.SecurityConfiguration> springfox.documentation.swagger.web.ApiResourceController.securityConfiguration()
2018-08-29 00:16:38.581 [main] INFO  o.s.w.s.m.m.a.RequestMappingHandlerMapping Line:547 ----------------> Mapped "{[/swagger-resources]}" onto public org.springframework.http.ResponseEntity<java.util.List<springfox.documentation.swagger.web.SwaggerResource>> springfox.documentation.swagger.web.ApiResourceController.swaggerResources()
2018-08-29 00:16:38.583 [main] INFO  o.s.w.s.m.m.a.RequestMappingHandlerMapping Line:547 ----------------> Mapped "{[/swagger-resources/configuration/ui]}" onto public org.springframework.http.ResponseEntity<springfox.documentation.swagger.web.UiConfiguration> springfox.documentation.swagger.web.ApiResourceController.uiConfiguration()
2018-08-29 00:16:38.599 [main] INFO  o.s.w.s.m.m.a.RequestMappingHandlerMapping Line:547 ----------------> Mapped "{[/error]}" onto public org.springframework.http.ResponseEntity<java.util.Map<java.lang.String, java.lang.Object>> org.springframework.boot.autoconfigure.web.servlet.error.BasicErrorController.error(javax.servlet.http.HttpServletRequest)
2018-08-29 00:16:38.601 [main] INFO  o.s.w.s.m.m.a.RequestMappingHandlerMapping Line:547 ----------------> Mapped "{[/error],produces=[text/html]}" onto public org.springframework.web.servlet.ModelAndView org.springframework.boot.autoconfigure.web.servlet.error.BasicErrorController.errorHtml(javax.servlet.http.HttpServletRequest,javax.servlet.http.HttpServletResponse)
2018-08-29 00:16:39.204 [main] INFO  s.d.s.w.PropertySourcedRequestMappingHandlerMapping Line:69 ----------------> Mapped URL path [/v2/api-docs] onto method [public org.springframework.http.ResponseEntity<springfox.documentation.spring.web.json.Json> springfox.documentation.swagger2.web.Swagger2Controller.getDocumentation(java.lang.String,javax.servlet.http.HttpServletRequest)]
2018-08-29 00:16:40.232 [main] INFO  o.s.web.servlet.handler.SimpleUrlHandlerMapping Line:373 ----------------> Mapped URL path [/**/favicon.ico] onto handler of type [class org.springframework.web.servlet.resource.ResourceHttpRequestHandler]
2018-08-29 00:16:41.042 [main] INFO  o.s.w.s.m.m.a.RequestMappingHandlerAdapter Line:574 ----------------> Looking for @ControllerAdvice: org.springframework.web.context.support.GenericWebApplicationContext@680bddf5: startup date [Wed Aug 29 00:16:25 CST 2018]; root of context hierarchy
2018-08-29 00:16:41.213 [main] INFO  o.s.web.servlet.handler.SimpleUrlHandlerMapping Line:373 ----------------> Mapped URL path [/webjars/**] onto handler of type [class org.springframework.web.servlet.resource.ResourceHttpRequestHandler]
2018-08-29 00:16:41.214 [main] INFO  o.s.web.servlet.handler.SimpleUrlHandlerMapping Line:373 ----------------> Mapped URL path [/**] onto handler of type [class org.springframework.web.servlet.resource.ResourceHttpRequestHandler]
2018-08-29 00:16:44.131 [main] INFO  o.s.context.support.DefaultLifecycleProcessor Line:351 ----------------> Starting beans in phase 2147483647
2018-08-29 00:16:44.133 [main] INFO  s.d.s.web.plugins.DocumentationPluginsBootstrapper Line:160 ----------------> Context refreshed
2018-08-29 00:16:44.191 [main] INFO  s.d.s.web.plugins.DocumentationPluginsBootstrapper Line:163 ----------------> Found 1 custom documentation plugin(s)
2018-08-29 00:16:44.285 [main] INFO  s.d.spring.web.scanners.ApiListingReferenceScanner Line:41 ----------------> Scanning for api listing references
2018-08-29 00:16:44.794 [main] INFO  com.redis.SaveObjectDemoTest Line:59 ----------------> Started SaveObjectDemoTest in 22.748 seconds (JVM running for 26.494)
2018-08-29 00:16:45.775 [Thread-2] INFO  o.s.w.context.support.GenericWebApplicationContext Line:993 ----------------> Closing org.springframework.web.context.support.GenericWebApplicationContext@680bddf5: startup date [Wed Aug 29 00:16:25 CST 2018]; root of context hierarchy
2018-08-29 00:16:45.793 [Thread-2] INFO  o.s.context.support.DefaultLifecycleProcessor Line:366 ----------------> Stopping beans in phase 2147483647
2018-08-29 00:17:48.174 [main] INFO  com.redis.SaveObjectDemoTest Line:50 ----------------> Starting SaveObjectDemoTest on lgj-Lenovo-G470 with PID 23971 (started by lgj in /home/lgj/aProject/Redis/Redis)
2018-08-29 00:17:48.178 [main] INFO  com.redis.SaveObjectDemoTest Line:659 ----------------> No active profile set, falling back to default profiles: default
2018-08-29 00:17:48.235 [main] INFO  o.s.w.context.support.GenericWebApplicationContext Line:590 ----------------> Refreshing org.springframework.web.context.support.GenericWebApplicationContext@7e053511: startup date [Wed Aug 29 00:17:48 CST 2018]; root of context hierarchy
2018-08-29 00:17:53.387 [main] WARN  org.mybatis.spring.mapper.ClassPathMapperScanner Line:166 ----------------> No MyBatis mapper was found in '[com]' package. Please check your configuration.
2018-08-29 00:17:53.434 [main] INFO  o.s.d.r.config.RepositoryConfigurationDelegate Line:163 ----------------> Multiple Spring Data modules found, entering strict repository configuration mode!
2018-08-29 00:17:55.710 [main] INFO  o.s.c.s.PostProcessorRegistrationDelegate$BeanPostProcessorChecker Line:328 ----------------> Bean 'org.springframework.transaction.annotation.ProxyTransactionManagementConfiguration' of type [org.springframework.transaction.annotation.ProxyTransactionManagementConfiguration$$EnhancerBySpringCGLIB$$29226cdc] is not eligible for getting processed by all BeanPostProcessors (for example: not eligible for auto-proxying)
2018-08-29 00:17:58.771 [main] INFO  o.s.w.s.m.m.a.RequestMappingHandlerMapping Line:547 ----------------> Mapped "{[/swagger-resources/configuration/ui]}" onto public org.springframework.http.ResponseEntity<springfox.documentation.swagger.web.UiConfiguration> springfox.documentation.swagger.web.ApiResourceController.uiConfiguration()
2018-08-29 00:17:58.773 [main] INFO  o.s.w.s.m.m.a.RequestMappingHandlerMapping Line:547 ----------------> Mapped "{[/swagger-resources/configuration/security]}" onto public org.springframework.http.ResponseEntity<springfox.documentation.swagger.web.SecurityConfiguration> springfox.documentation.swagger.web.ApiResourceController.securityConfiguration()
2018-08-29 00:17:58.775 [main] INFO  o.s.w.s.m.m.a.RequestMappingHandlerMapping Line:547 ----------------> Mapped "{[/swagger-resources]}" onto public org.springframework.http.ResponseEntity<java.util.List<springfox.documentation.swagger.web.SwaggerResource>> springfox.documentation.swagger.web.ApiResourceController.swaggerResources()
2018-08-29 00:17:58.786 [main] INFO  o.s.w.s.m.m.a.RequestMappingHandlerMapping Line:547 ----------------> Mapped "{[/error]}" onto public org.springframework.http.ResponseEntity<java.util.Map<java.lang.String, java.lang.Object>> org.springframework.boot.autoconfigure.web.servlet.error.BasicErrorController.error(javax.servlet.http.HttpServletRequest)
2018-08-29 00:17:58.788 [main] INFO  o.s.w.s.m.m.a.RequestMappingHandlerMapping Line:547 ----------------> Mapped "{[/error],produces=[text/html]}" onto public org.springframework.web.servlet.ModelAndView org.springframework.boot.autoconfigure.web.servlet.error.BasicErrorController.errorHtml(javax.servlet.http.HttpServletRequest,javax.servlet.http.HttpServletResponse)
2018-08-29 00:17:59.093 [main] INFO  s.d.s.w.PropertySourcedRequestMappingHandlerMapping Line:69 ----------------> Mapped URL path [/v2/api-docs] onto method [public org.springframework.http.ResponseEntity<springfox.documentation.spring.web.json.Json> springfox.documentation.swagger2.web.Swagger2Controller.getDocumentation(java.lang.String,javax.servlet.http.HttpServletRequest)]
2018-08-29 00:17:59.822 [main] INFO  o.s.web.servlet.handler.SimpleUrlHandlerMapping Line:373 ----------------> Mapped URL path [/**/favicon.ico] onto handler of type [class org.springframework.web.servlet.resource.ResourceHttpRequestHandler]
2018-08-29 00:18:00.290 [main] INFO  o.s.w.s.m.m.a.RequestMappingHandlerAdapter Line:574 ----------------> Looking for @ControllerAdvice: org.springframework.web.context.support.GenericWebApplicationContext@7e053511: startup date [Wed Aug 29 00:17:48 CST 2018]; root of context hierarchy
2018-08-29 00:18:00.433 [main] INFO  o.s.web.servlet.handler.SimpleUrlHandlerMapping Line:373 ----------------> Mapped URL path [/webjars/**] onto handler of type [class org.springframework.web.servlet.resource.ResourceHttpRequestHandler]
2018-08-29 00:18:00.434 [main] INFO  o.s.web.servlet.handler.SimpleUrlHandlerMapping Line:373 ----------------> Mapped URL path [/**] onto handler of type [class org.springframework.web.servlet.resource.ResourceHttpRequestHandler]
2018-08-29 00:18:02.331 [main] INFO  o.s.context.support.DefaultLifecycleProcessor Line:351 ----------------> Starting beans in phase 2147483647
2018-08-29 00:18:02.333 [main] INFO  s.d.s.web.plugins.DocumentationPluginsBootstrapper Line:160 ----------------> Context refreshed
2018-08-29 00:18:02.379 [main] INFO  s.d.s.web.plugins.DocumentationPluginsBootstrapper Line:163 ----------------> Found 1 custom documentation plugin(s)
2018-08-29 00:18:02.534 [main] INFO  s.d.spring.web.scanners.ApiListingReferenceScanner Line:41 ----------------> Scanning for api listing references
2018-08-29 00:18:02.765 [main] INFO  com.redis.SaveObjectDemoTest Line:59 ----------------> Started SaveObjectDemoTest in 16.3 seconds (JVM running for 22.364)
2018-08-29 00:18:04.704 [main] INFO  TransactionDemo Line:34 ----------------> Student(name=wang, age=15)
2018-08-29 00:18:04.722 [Thread-2] INFO  o.s.w.context.support.GenericWebApplicationContext Line:993 ----------------> Closing org.springframework.web.context.support.GenericWebApplicationContext@7e053511: startup date [Wed Aug 29 00:17:48 CST 2018]; root of context hierarchy
2018-08-29 00:18:04.730 [Thread-2] INFO  o.s.context.support.DefaultLifecycleProcessor Line:366 ----------------> Stopping beans in phase 2147483647
2018-08-29 01:04:23.885 [main] INFO  com.redis.TransactionDemoTest Line:50 ----------------> Starting TransactionDemoTest on lgj-Lenovo-G470 with PID 24758 (started by lgj in /home/lgj/aProject/Redis/Redis)
2018-08-29 01:04:23.893 [main] INFO  com.redis.TransactionDemoTest Line:659 ----------------> No active profile set, falling back to default profiles: default
2018-08-29 01:04:23.982 [main] INFO  o.s.w.context.support.GenericWebApplicationContext Line:590 ----------------> Refreshing org.springframework.web.context.support.GenericWebApplicationContext@742d4e15: startup date [Wed Aug 29 01:04:23 CST 2018]; root of context hierarchy
2018-08-29 01:04:36.410 [main] WARN  org.mybatis.spring.mapper.ClassPathMapperScanner Line:166 ----------------> No MyBatis mapper was found in '[com]' package. Please check your configuration.
2018-08-29 01:04:36.608 [main] INFO  o.s.d.r.config.RepositoryConfigurationDelegate Line:163 ----------------> Multiple Spring Data modules found, entering strict repository configuration mode!
2018-08-29 01:04:38.760 [main] INFO  o.s.c.s.PostProcessorRegistrationDelegate$BeanPostProcessorChecker Line:328 ----------------> Bean 'org.springframework.transaction.annotation.ProxyTransactionManagementConfiguration' of type [org.springframework.transaction.annotation.ProxyTransactionManagementConfiguration$$EnhancerBySpringCGLIB$$f094f5c6] is not eligible for getting processed by all BeanPostProcessors (for example: not eligible for auto-proxying)
2018-08-29 01:04:41.932 [main] INFO  o.s.w.s.m.m.a.RequestMappingHandlerMapping Line:547 ----------------> Mapped "{[/swagger-resources/configuration/security]}" onto public org.springframework.http.ResponseEntity<springfox.documentation.swagger.web.SecurityConfiguration> springfox.documentation.swagger.web.ApiResourceController.securityConfiguration()
2018-08-29 01:04:41.936 [main] INFO  o.s.w.s.m.m.a.RequestMappingHandlerMapping Line:547 ----------------> Mapped "{[/swagger-resources]}" onto public org.springframework.http.ResponseEntity<java.util.List<springfox.documentation.swagger.web.SwaggerResource>> springfox.documentation.swagger.web.ApiResourceController.swaggerResources()
2018-08-29 01:04:41.938 [main] INFO  o.s.w.s.m.m.a.RequestMappingHandlerMapping Line:547 ----------------> Mapped "{[/swagger-resources/configuration/ui]}" onto public org.springframework.http.ResponseEntity<springfox.documentation.swagger.web.UiConfiguration> springfox.documentation.swagger.web.ApiResourceController.uiConfiguration()
2018-08-29 01:04:41.956 [main] INFO  o.s.w.s.m.m.a.RequestMappingHandlerMapping Line:547 ----------------> Mapped "{[/error]}" onto public org.springframework.http.ResponseEntity<java.util.Map<java.lang.String, java.lang.Object>> org.springframework.boot.autoconfigure.web.servlet.error.BasicErrorController.error(javax.servlet.http.HttpServletRequest)
2018-08-29 01:04:41.969 [main] INFO  o.s.w.s.m.m.a.RequestMappingHandlerMapping Line:547 ----------------> Mapped "{[/error],produces=[text/html]}" onto public org.springframework.web.servlet.ModelAndView org.springframework.boot.autoconfigure.web.servlet.error.BasicErrorController.errorHtml(javax.servlet.http.HttpServletRequest,javax.servlet.http.HttpServletResponse)
2018-08-29 01:04:42.659 [main] INFO  s.d.s.w.PropertySourcedRequestMappingHandlerMapping Line:69 ----------------> Mapped URL path [/v2/api-docs] onto method [public org.springframework.http.ResponseEntity<springfox.documentation.spring.web.json.Json> springfox.documentation.swagger2.web.Swagger2Controller.getDocumentation(java.lang.String,javax.servlet.http.HttpServletRequest)]
2018-08-29 01:04:43.663 [main] INFO  o.s.web.servlet.handler.SimpleUrlHandlerMapping Line:373 ----------------> Mapped URL path [/**/favicon.ico] onto handler of type [class org.springframework.web.servlet.resource.ResourceHttpRequestHandler]
2018-08-29 01:04:44.459 [main] INFO  o.s.w.s.m.m.a.RequestMappingHandlerAdapter Line:574 ----------------> Looking for @ControllerAdvice: org.springframework.web.context.support.GenericWebApplicationContext@742d4e15: startup date [Wed Aug 29 01:04:23 CST 2018]; root of context hierarchy
2018-08-29 01:04:44.611 [main] INFO  o.s.web.servlet.handler.SimpleUrlHandlerMapping Line:373 ----------------> Mapped URL path [/webjars/**] onto handler of type [class org.springframework.web.servlet.resource.ResourceHttpRequestHandler]
2018-08-29 01:04:44.612 [main] INFO  o.s.web.servlet.handler.SimpleUrlHandlerMapping Line:373 ----------------> Mapped URL path [/**] onto handler of type [class org.springframework.web.servlet.resource.ResourceHttpRequestHandler]
2018-08-29 01:04:46.782 [main] INFO  o.s.context.support.DefaultLifecycleProcessor Line:351 ----------------> Starting beans in phase 2147483647
2018-08-29 01:04:46.783 [main] INFO  s.d.s.web.plugins.DocumentationPluginsBootstrapper Line:160 ----------------> Context refreshed
2018-08-29 01:04:46.831 [main] INFO  s.d.s.web.plugins.DocumentationPluginsBootstrapper Line:163 ----------------> Found 1 custom documentation plugin(s)
2018-08-29 01:04:46.932 [main] INFO  s.d.spring.web.scanners.ApiListingReferenceScanner Line:41 ----------------> Scanning for api listing references
2018-08-29 01:04:47.145 [main] INFO  com.redis.TransactionDemoTest Line:59 ----------------> Started TransactionDemoTest in 26.525 seconds (JVM running for 33.974)
2018-08-29 01:04:47.733 [main] INFO  TransactionDemo Line:61 ----------------> The value of the key[name] is :null
2018-08-29 01:04:47.734 [main] INFO  TransactionDemo Line:62 ----------------> transaction 执行完毕．．．．．．
2018-08-29 01:04:47.737 [main] INFO  TransactionDemo Line:93 ----------------> The value of the key[name] is :null
2018-08-29 01:04:47.738 [main] INFO  TransactionDemo Line:94 ----------------> transaction 执行完毕．．．．．．
2018-08-29 01:04:47.751 [Thread-2] INFO  o.s.w.context.support.GenericWebApplicationContext Line:993 ----------------> Closing org.springframework.web.context.support.GenericWebApplicationContext@742d4e15: startup date [Wed Aug 29 01:04:23 CST 2018]; root of context hierarchy
2018-08-29 01:04:47.761 [Thread-2] INFO  o.s.context.support.DefaultLifecycleProcessor Line:366 ----------------> Stopping beans in phase 2147483647
2018-08-29 01:07:18.027 [main] INFO  com.redis.TransactionDemoTest Line:50 ----------------> Starting TransactionDemoTest on lgj-Lenovo-G470 with PID 24922 (started by lgj in /home/lgj/aProject/Redis/Redis)
2018-08-29 01:07:18.031 [main] INFO  com.redis.TransactionDemoTest Line:659 ----------------> No active profile set, falling back to default profiles: default
2018-08-29 01:07:18.117 [main] INFO  o.s.w.context.support.GenericWebApplicationContext Line:590 ----------------> Refreshing org.springframework.web.context.support.GenericWebApplicationContext@2c0f7678: startup date [Wed Aug 29 01:07:18 CST 2018]; root of context hierarchy
2018-08-29 01:07:23.106 [main] WARN  org.mybatis.spring.mapper.ClassPathMapperScanner Line:166 ----------------> No MyBatis mapper was found in '[com]' package. Please check your configuration.
2018-08-29 01:07:23.184 [main] INFO  o.s.d.r.config.RepositoryConfigurationDelegate Line:163 ----------------> Multiple Spring Data modules found, entering strict repository configuration mode!
2018-08-29 01:07:25.470 [main] INFO  o.s.c.s.PostProcessorRegistrationDelegate$BeanPostProcessorChecker Line:328 ----------------> Bean 'org.springframework.transaction.annotation.ProxyTransactionManagementConfiguration' of type [org.springframework.transaction.annotation.ProxyTransactionManagementConfiguration$$EnhancerBySpringCGLIB$$180c21c7] is not eligible for getting processed by all BeanPostProcessors (for example: not eligible for auto-proxying)
2018-08-29 01:07:26.895 [main] INFO  o.s.w.s.m.m.a.RequestMappingHandlerMapping Line:547 ----------------> Mapped "{[/swagger-resources/configuration/ui]}" onto public org.springframework.http.ResponseEntity<springfox.documentation.swagger.web.UiConfiguration> springfox.documentation.swagger.web.ApiResourceController.uiConfiguration()
2018-08-29 01:07:26.898 [main] INFO  o.s.w.s.m.m.a.RequestMappingHandlerMapping Line:547 ----------------> Mapped "{[/swagger-resources]}" onto public org.springframework.http.ResponseEntity<java.util.List<springfox.documentation.swagger.web.SwaggerResource>> springfox.documentation.swagger.web.ApiResourceController.swaggerResources()
2018-08-29 01:07:26.899 [main] INFO  o.s.w.s.m.m.a.RequestMappingHandlerMapping Line:547 ----------------> Mapped "{[/swagger-resources/configuration/security]}" onto public org.springframework.http.ResponseEntity<springfox.documentation.swagger.web.SecurityConfiguration> springfox.documentation.swagger.web.ApiResourceController.securityConfiguration()
2018-08-29 01:07:26.910 [main] INFO  o.s.w.s.m.m.a.RequestMappingHandlerMapping Line:547 ----------------> Mapped "{[/error]}" onto public org.springframework.http.ResponseEntity<java.util.Map<java.lang.String, java.lang.Object>> org.springframework.boot.autoconfigure.web.servlet.error.BasicErrorController.error(javax.servlet.http.HttpServletRequest)
2018-08-29 01:07:26.912 [main] INFO  o.s.w.s.m.m.a.RequestMappingHandlerMapping Line:547 ----------------> Mapped "{[/error],produces=[text/html]}" onto public org.springframework.web.servlet.ModelAndView org.springframework.boot.autoconfigure.web.servlet.error.BasicErrorController.errorHtml(javax.servlet.http.HttpServletRequest,javax.servlet.http.HttpServletResponse)
2018-08-29 01:07:27.254 [main] INFO  s.d.s.w.PropertySourcedRequestMappingHandlerMapping Line:69 ----------------> Mapped URL path [/v2/api-docs] onto method [public org.springframework.http.ResponseEntity<springfox.documentation.spring.web.json.Json> springfox.documentation.swagger2.web.Swagger2Controller.getDocumentation(java.lang.String,javax.servlet.http.HttpServletRequest)]
2018-08-29 01:07:27.694 [main] INFO  o.s.web.servlet.handler.SimpleUrlHandlerMapping Line:373 ----------------> Mapped URL path [/**/favicon.ico] onto handler of type [class org.springframework.web.servlet.resource.ResourceHttpRequestHandler]
2018-08-29 01:07:28.094 [main] INFO  o.s.w.s.m.m.a.RequestMappingHandlerAdapter Line:574 ----------------> Looking for @ControllerAdvice: org.springframework.web.context.support.GenericWebApplicationContext@2c0f7678: startup date [Wed Aug 29 01:07:18 CST 2018]; root of context hierarchy
2018-08-29 01:07:28.217 [main] INFO  o.s.web.servlet.handler.SimpleUrlHandlerMapping Line:373 ----------------> Mapped URL path [/webjars/**] onto handler of type [class org.springframework.web.servlet.resource.ResourceHttpRequestHandler]
2018-08-29 01:07:28.218 [main] INFO  o.s.web.servlet.handler.SimpleUrlHandlerMapping Line:373 ----------------> Mapped URL path [/**] onto handler of type [class org.springframework.web.servlet.resource.ResourceHttpRequestHandler]
2018-08-29 01:07:29.658 [main] INFO  o.s.context.support.DefaultLifecycleProcessor Line:351 ----------------> Starting beans in phase 2147483647
2018-08-29 01:07:29.659 [main] INFO  s.d.s.web.plugins.DocumentationPluginsBootstrapper Line:160 ----------------> Context refreshed
2018-08-29 01:07:29.743 [main] INFO  s.d.s.web.plugins.DocumentationPluginsBootstrapper Line:163 ----------------> Found 1 custom documentation plugin(s)
2018-08-29 01:07:29.799 [main] INFO  s.d.spring.web.scanners.ApiListingReferenceScanner Line:41 ----------------> Scanning for api listing references
2018-08-29 01:07:29.854 [main] INFO  com.redis.TransactionDemoTest Line:59 ----------------> Started TransactionDemoTest in 13.231 seconds (JVM running for 16.266)
2018-08-29 01:07:30.187 [main] INFO  TransactionDemo Line:61 ----------------> The value of the key[name] is :null
2018-08-29 01:07:30.188 [main] INFO  TransactionDemo Line:62 ----------------> transaction 执行完毕．．．．．．
2018-08-29 01:07:30.189 [main] INFO  TransactionDemo Line:76 ----------------> 执行　transaction1　.........
2018-08-29 01:07:30.194 [main] INFO  TransactionDemo Line:94 ----------------> The value of the key[name] is :null
2018-08-29 01:07:30.209 [main] INFO  TransactionDemo Line:95 ----------------> transaction 执行完毕．．．．．．
2018-08-29 01:07:30.220 [Thread-2] INFO  o.s.w.context.support.GenericWebApplicationContext Line:993 ----------------> Closing org.springframework.web.context.support.GenericWebApplicationContext@2c0f7678: startup date [Wed Aug 29 01:07:18 CST 2018]; root of context hierarchy
2018-08-29 01:07:30.225 [Thread-2] INFO  o.s.context.support.DefaultLifecycleProcessor Line:366 ----------------> Stopping beans in phase 2147483647
2018-08-29 01:12:35.592 [main] INFO  com.redis.TransactionDemoTest Line:50 ----------------> Starting TransactionDemoTest on lgj-Lenovo-G470 with PID 25223 (started by lgj in /home/lgj/aProject/Redis/Redis)
2018-08-29 01:12:35.596 [main] INFO  com.redis.TransactionDemoTest Line:659 ----------------> No active profile set, falling back to default profiles: default
2018-08-29 01:12:35.675 [main] INFO  o.s.w.context.support.GenericWebApplicationContext Line:590 ----------------> Refreshing org.springframework.web.context.support.GenericWebApplicationContext@2c0f7678: startup date [Wed Aug 29 01:12:35 CST 2018]; root of context hierarchy
2018-08-29 01:12:41.433 [main] WARN  org.mybatis.spring.mapper.ClassPathMapperScanner Line:166 ----------------> No MyBatis mapper was found in '[com]' package. Please check your configuration.
2018-08-29 01:12:41.533 [main] INFO  o.s.d.r.config.RepositoryConfigurationDelegate Line:163 ----------------> Multiple Spring Data modules found, entering strict repository configuration mode!
2018-08-29 01:12:43.175 [main] INFO  o.s.c.s.PostProcessorRegistrationDelegate$BeanPostProcessorChecker Line:328 ----------------> Bean 'org.springframework.transaction.annotation.ProxyTransactionManagementConfiguration' of type [org.springframework.transaction.annotation.ProxyTransactionManagementConfiguration$$EnhancerBySpringCGLIB$$b77223c7] is not eligible for getting processed by all BeanPostProcessors (for example: not eligible for auto-proxying)
2018-08-29 01:12:45.036 [main] INFO  o.s.w.s.m.m.a.RequestMappingHandlerMapping Line:547 ----------------> Mapped "{[/swagger-resources/configuration/ui]}" onto public org.springframework.http.ResponseEntity<springfox.documentation.swagger.web.UiConfiguration> springfox.documentation.swagger.web.ApiResourceController.uiConfiguration()
2018-08-29 01:12:45.038 [main] INFO  o.s.w.s.m.m.a.RequestMappingHandlerMapping Line:547 ----------------> Mapped "{[/swagger-resources]}" onto public org.springframework.http.ResponseEntity<java.util.List<springfox.documentation.swagger.web.SwaggerResource>> springfox.documentation.swagger.web.ApiResourceController.swaggerResources()
2018-08-29 01:12:45.040 [main] INFO  o.s.w.s.m.m.a.RequestMappingHandlerMapping Line:547 ----------------> Mapped "{[/swagger-resources/configuration/security]}" onto public org.springframework.http.ResponseEntity<springfox.documentation.swagger.web.SecurityConfiguration> springfox.documentation.swagger.web.ApiResourceController.securityConfiguration()
2018-08-29 01:12:45.053 [main] INFO  o.s.w.s.m.m.a.RequestMappingHandlerMapping Line:547 ----------------> Mapped "{[/error]}" onto public org.springframework.http.ResponseEntity<java.util.Map<java.lang.String, java.lang.Object>> org.springframework.boot.autoconfigure.web.servlet.error.BasicErrorController.error(javax.servlet.http.HttpServletRequest)
2018-08-29 01:12:45.055 [main] INFO  o.s.w.s.m.m.a.RequestMappingHandlerMapping Line:547 ----------------> Mapped "{[/error],produces=[text/html]}" onto public org.springframework.web.servlet.ModelAndView org.springframework.boot.autoconfigure.web.servlet.error.BasicErrorController.errorHtml(javax.servlet.http.HttpServletRequest,javax.servlet.http.HttpServletResponse)
2018-08-29 01:12:45.449 [main] INFO  s.d.s.w.PropertySourcedRequestMappingHandlerMapping Line:69 ----------------> Mapped URL path [/v2/api-docs] onto method [public org.springframework.http.ResponseEntity<springfox.documentation.spring.web.json.Json> springfox.documentation.swagger2.web.Swagger2Controller.getDocumentation(java.lang.String,javax.servlet.http.HttpServletRequest)]
2018-08-29 01:12:46.119 [main] INFO  o.s.web.servlet.handler.SimpleUrlHandlerMapping Line:373 ----------------> Mapped URL path [/**/favicon.ico] onto handler of type [class org.springframework.web.servlet.resource.ResourceHttpRequestHandler]
2018-08-29 01:12:46.653 [main] INFO  o.s.w.s.m.m.a.RequestMappingHandlerAdapter Line:574 ----------------> Looking for @ControllerAdvice: org.springframework.web.context.support.GenericWebApplicationContext@2c0f7678: startup date [Wed Aug 29 01:12:35 CST 2018]; root of context hierarchy
2018-08-29 01:12:46.811 [main] INFO  o.s.web.servlet.handler.SimpleUrlHandlerMapping Line:373 ----------------> Mapped URL path [/webjars/**] onto handler of type [class org.springframework.web.servlet.resource.ResourceHttpRequestHandler]
2018-08-29 01:12:46.813 [main] INFO  o.s.web.servlet.handler.SimpleUrlHandlerMapping Line:373 ----------------> Mapped URL path [/**] onto handler of type [class org.springframework.web.servlet.resource.ResourceHttpRequestHandler]
2018-08-29 01:12:51.793 [main] INFO  o.s.context.support.DefaultLifecycleProcessor Line:351 ----------------> Starting beans in phase 2147483647
2018-08-29 01:12:51.795 [main] INFO  s.d.s.web.plugins.DocumentationPluginsBootstrapper Line:160 ----------------> Context refreshed
2018-08-29 01:12:51.844 [main] INFO  s.d.s.web.plugins.DocumentationPluginsBootstrapper Line:163 ----------------> Found 1 custom documentation plugin(s)
2018-08-29 01:12:51.886 [main] INFO  s.d.spring.web.scanners.ApiListingReferenceScanner Line:41 ----------------> Scanning for api listing references
2018-08-29 01:12:52.087 [main] INFO  com.redis.TransactionDemoTest Line:59 ----------------> Started TransactionDemoTest in 17.709 seconds (JVM running for 20.768)
2018-08-29 01:12:52.623 [main] INFO  TransactionDemo Line:61 ----------------> The value of the key[name] is :null
2018-08-29 01:12:52.624 [main] INFO  TransactionDemo Line:62 ----------------> transaction 执行完毕．．．．．．
2018-08-29 01:12:52.624 [main] INFO  TransactionDemo Line:76 ----------------> 执行　transaction1　.........
2018-08-29 01:12:52.627 [main] INFO  TransactionDemo Line:96 ----------------> The value of the key[name] is :null
2018-08-29 01:12:52.628 [main] INFO  TransactionDemo Line:97 ----------------> transaction 执行完毕．．．．．．
2018-08-29 01:12:52.642 [Thread-2] INFO  o.s.w.context.support.GenericWebApplicationContext Line:993 ----------------> Closing org.springframework.web.context.support.GenericWebApplicationContext@2c0f7678: startup date [Wed Aug 29 01:12:35 CST 2018]; root of context hierarchy
2018-08-29 01:12:52.648 [Thread-2] INFO  o.s.context.support.DefaultLifecycleProcessor Line:366 ----------------> Stopping beans in phase 2147483647
2018-08-29 01:20:03.841 [main] INFO  com.redis.TransactionDemoTest Line:50 ----------------> Starting TransactionDemoTest on lgj-Lenovo-G470 with PID 25473 (started by lgj in /home/lgj/aProject/Redis/Redis)
2018-08-29 01:20:03.852 [main] INFO  com.redis.TransactionDemoTest Line:659 ----------------> No active profile set, falling back to default profiles: default
2018-08-29 01:20:04.028 [main] INFO  o.s.w.context.support.GenericWebApplicationContext Line:590 ----------------> Refreshing org.springframework.web.context.support.GenericWebApplicationContext@18ca3c62: startup date [Wed Aug 29 01:20:04 CST 2018]; root of context hierarchy
2018-08-29 01:20:19.592 [main] WARN  org.mybatis.spring.mapper.ClassPathMapperScanner Line:166 ----------------> No MyBatis mapper was found in '[com]' package. Please check your configuration.
2018-08-29 01:20:20.271 [main] INFO  o.s.d.r.config.RepositoryConfigurationDelegate Line:163 ----------------> Multiple Spring Data modules found, entering strict repository configuration mode!
2018-08-29 01:20:25.334 [main] INFO  o.s.c.s.PostProcessorRegistrationDelegate$BeanPostProcessorChecker Line:328 ----------------> Bean 'org.springframework.transaction.annotation.ProxyTransactionManagementConfiguration' of type [org.springframework.transaction.annotation.ProxyTransactionManagementConfiguration$$EnhancerBySpringCGLIB$$d707fd5e] is not eligible for getting processed by all BeanPostProcessors (for example: not eligible for auto-proxying)
2018-08-29 01:20:38.311 [main] INFO  o.s.w.s.m.m.a.RequestMappingHandlerMapping Line:547 ----------------> Mapped "{[/swagger-resources/configuration/ui]}" onto public org.springframework.http.ResponseEntity<springfox.documentation.swagger.web.UiConfiguration> springfox.documentation.swagger.web.ApiResourceController.uiConfiguration()
2018-08-29 01:20:38.347 [main] INFO  o.s.w.s.m.m.a.RequestMappingHandlerMapping Line:547 ----------------> Mapped "{[/swagger-resources]}" onto public org.springframework.http.ResponseEntity<java.util.List<springfox.documentation.swagger.web.SwaggerResource>> springfox.documentation.swagger.web.ApiResourceController.swaggerResources()
2018-08-29 01:20:38.348 [main] INFO  o.s.w.s.m.m.a.RequestMappingHandlerMapping Line:547 ----------------> Mapped "{[/swagger-resources/configuration/security]}" onto public org.springframework.http.ResponseEntity<springfox.documentation.swagger.web.SecurityConfiguration> springfox.documentation.swagger.web.ApiResourceController.securityConfiguration()
2018-08-29 01:20:38.474 [main] INFO  o.s.w.s.m.m.a.RequestMappingHandlerMapping Line:547 ----------------> Mapped "{[/error]}" onto public org.springframework.http.ResponseEntity<java.util.Map<java.lang.String, java.lang.Object>> org.springframework.boot.autoconfigure.web.servlet.error.BasicErrorController.error(javax.servlet.http.HttpServletRequest)
2018-08-29 01:20:38.476 [main] INFO  o.s.w.s.m.m.a.RequestMappingHandlerMapping Line:547 ----------------> Mapped "{[/error],produces=[text/html]}" onto public org.springframework.web.servlet.ModelAndView org.springframework.boot.autoconfigure.web.servlet.error.BasicErrorController.errorHtml(javax.servlet.http.HttpServletRequest,javax.servlet.http.HttpServletResponse)
2018-08-29 01:20:40.113 [main] INFO  s.d.s.w.PropertySourcedRequestMappingHandlerMapping Line:69 ----------------> Mapped URL path [/v2/api-docs] onto method [public org.springframework.http.ResponseEntity<springfox.documentation.spring.web.json.Json> springfox.documentation.swagger2.web.Swagger2Controller.getDocumentation(java.lang.String,javax.servlet.http.HttpServletRequest)]
2018-08-29 01:20:41.888 [main] INFO  o.s.web.servlet.handler.SimpleUrlHandlerMapping Line:373 ----------------> Mapped URL path [/**/favicon.ico] onto handler of type [class org.springframework.web.servlet.resource.ResourceHttpRequestHandler]
2018-08-29 01:20:45.398 [main] INFO  o.s.w.s.m.m.a.RequestMappingHandlerAdapter Line:574 ----------------> Looking for @ControllerAdvice: org.springframework.web.context.support.GenericWebApplicationContext@18ca3c62: startup date [Wed Aug 29 01:20:04 CST 2018]; root of context hierarchy
2018-08-29 01:20:46.677 [main] INFO  o.s.web.servlet.handler.SimpleUrlHandlerMapping Line:373 ----------------> Mapped URL path [/webjars/**] onto handler of type [class org.springframework.web.servlet.resource.ResourceHttpRequestHandler]
2018-08-29 01:20:46.678 [main] INFO  o.s.web.servlet.handler.SimpleUrlHandlerMapping Line:373 ----------------> Mapped URL path [/**] onto handler of type [class org.springframework.web.servlet.resource.ResourceHttpRequestHandler]
2018-08-29 01:20:51.138 [main] INFO  o.s.context.support.DefaultLifecycleProcessor Line:351 ----------------> Starting beans in phase 2147483647
2018-08-29 01:20:51.139 [main] INFO  s.d.s.web.plugins.DocumentationPluginsBootstrapper Line:160 ----------------> Context refreshed
2018-08-29 01:20:51.215 [main] INFO  s.d.s.web.plugins.DocumentationPluginsBootstrapper Line:163 ----------------> Found 1 custom documentation plugin(s)
2018-08-29 01:20:51.328 [main] INFO  s.d.spring.web.scanners.ApiListingReferenceScanner Line:41 ----------------> Scanning for api listing references
2018-08-29 01:20:51.518 [main] INFO  com.redis.TransactionDemoTest Line:59 ----------------> Started TransactionDemoTest in 49.895 seconds (JVM running for 52.918)
2018-08-29 01:20:53.669 [main] INFO  TransactionDemo Line:61 ----------------> The value of the key[name] is :null
2018-08-29 01:20:53.670 [main] INFO  TransactionDemo Line:62 ----------------> transaction 执行完毕．．．．．．
2018-08-29 01:20:53.671 [main] INFO  TransactionDemo Line:76 ----------------> 执行　transaction1　.........
2018-08-29 01:20:53.675 [main] INFO  TransactionDemo Line:96 ----------------> The value of the key[name] is :null
2018-08-29 01:20:53.676 [main] INFO  TransactionDemo Line:97 ----------------> transaction 执行完毕．．．．．．
2018-08-29 01:20:53.708 [Thread-2] INFO  o.s.w.context.support.GenericWebApplicationContext Line:993 ----------------> Closing org.springframework.web.context.support.GenericWebApplicationContext@18ca3c62: startup date [Wed Aug 29 01:20:04 CST 2018]; root of context hierarchy
2018-08-29 01:20:53.714 [Thread-2] INFO  o.s.context.support.DefaultLifecycleProcessor Line:366 ----------------> Stopping beans in phase 2147483647
2018-08-29 01:36:39.484 [main] INFO  com.redis.TransactionDemoTest Line:50 ----------------> Starting TransactionDemoTest on lgj-Lenovo-G470 with PID 27647 (started by lgj in /home/lgj/aProject/Redis/Redis)
2018-08-29 01:36:39.494 [main] INFO  com.redis.TransactionDemoTest Line:659 ----------------> No active profile set, falling back to default profiles: default
2018-08-29 01:36:39.730 [main] INFO  o.s.w.context.support.GenericWebApplicationContext Line:590 ----------------> Refreshing org.springframework.web.context.support.GenericWebApplicationContext@6aa648b9: startup date [Wed Aug 29 01:36:39 CST 2018]; root of context hierarchy
2018-08-29 01:36:50.659 [main] WARN  org.mybatis.spring.mapper.ClassPathMapperScanner Line:166 ----------------> No MyBatis mapper was found in '[com]' package. Please check your configuration.
2018-08-29 01:36:50.845 [main] INFO  o.s.d.r.config.RepositoryConfigurationDelegate Line:163 ----------------> Multiple Spring Data modules found, entering strict repository configuration mode!
2018-08-29 01:36:53.516 [main] INFO  o.s.c.s.PostProcessorRegistrationDelegate$BeanPostProcessorChecker Line:328 ----------------> Bean 'org.springframework.transaction.annotation.ProxyTransactionManagementConfiguration' of type [org.springframework.transaction.annotation.ProxyTransactionManagementConfiguration$$EnhancerBySpringCGLIB$$b3e08f2f] is not eligible for getting processed by all BeanPostProcessors (for example: not eligible for auto-proxying)
2018-08-29 01:36:55.558 [main] INFO  o.s.w.s.m.m.a.RequestMappingHandlerMapping Line:547 ----------------> Mapped "{[/swagger-resources/configuration/ui]}" onto public org.springframework.http.ResponseEntity<springfox.documentation.swagger.web.UiConfiguration> springfox.documentation.swagger.web.ApiResourceController.uiConfiguration()
2018-08-29 01:36:55.561 [main] INFO  o.s.w.s.m.m.a.RequestMappingHandlerMapping Line:547 ----------------> Mapped "{[/swagger-resources]}" onto public org.springframework.http.ResponseEntity<java.util.List<springfox.documentation.swagger.web.SwaggerResource>> springfox.documentation.swagger.web.ApiResourceController.swaggerResources()
2018-08-29 01:36:55.562 [main] INFO  o.s.w.s.m.m.a.RequestMappingHandlerMapping Line:547 ----------------> Mapped "{[/swagger-resources/configuration/security]}" onto public org.springframework.http.ResponseEntity<springfox.documentation.swagger.web.SecurityConfiguration> springfox.documentation.swagger.web.ApiResourceController.securityConfiguration()
2018-08-29 01:36:55.572 [main] INFO  o.s.w.s.m.m.a.RequestMappingHandlerMapping Line:547 ----------------> Mapped "{[/error]}" onto public org.springframework.http.ResponseEntity<java.util.Map<java.lang.String, java.lang.Object>> org.springframework.boot.autoconfigure.web.servlet.error.BasicErrorController.error(javax.servlet.http.HttpServletRequest)
2018-08-29 01:36:55.574 [main] INFO  o.s.w.s.m.m.a.RequestMappingHandlerMapping Line:547 ----------------> Mapped "{[/error],produces=[text/html]}" onto public org.springframework.web.servlet.ModelAndView org.springframework.boot.autoconfigure.web.servlet.error.BasicErrorController.errorHtml(javax.servlet.http.HttpServletRequest,javax.servlet.http.HttpServletResponse)
2018-08-29 01:36:55.992 [main] INFO  s.d.s.w.PropertySourcedRequestMappingHandlerMapping Line:69 ----------------> Mapped URL path [/v2/api-docs] onto method [public org.springframework.http.ResponseEntity<springfox.documentation.spring.web.json.Json> springfox.documentation.swagger2.web.Swagger2Controller.getDocumentation(java.lang.String,javax.servlet.http.HttpServletRequest)]
2018-08-29 01:36:56.595 [main] INFO  o.s.web.servlet.handler.SimpleUrlHandlerMapping Line:373 ----------------> Mapped URL path [/**/favicon.ico] onto handler of type [class org.springframework.web.servlet.resource.ResourceHttpRequestHandler]
2018-08-29 01:36:57.212 [main] INFO  o.s.w.s.m.m.a.RequestMappingHandlerAdapter Line:574 ----------------> Looking for @ControllerAdvice: org.springframework.web.context.support.GenericWebApplicationContext@6aa648b9: startup date [Wed Aug 29 01:36:39 CST 2018]; root of context hierarchy
2018-08-29 01:36:57.355 [main] INFO  o.s.web.servlet.handler.SimpleUrlHandlerMapping Line:373 ----------------> Mapped URL path [/webjars/**] onto handler of type [class org.springframework.web.servlet.resource.ResourceHttpRequestHandler]
2018-08-29 01:36:57.356 [main] INFO  o.s.web.servlet.handler.SimpleUrlHandlerMapping Line:373 ----------------> Mapped URL path [/**] onto handler of type [class org.springframework.web.servlet.resource.ResourceHttpRequestHandler]
2018-08-29 01:36:59.330 [main] INFO  o.s.context.support.DefaultLifecycleProcessor Line:351 ----------------> Starting beans in phase 2147483647
2018-08-29 01:36:59.332 [main] INFO  s.d.s.web.plugins.DocumentationPluginsBootstrapper Line:160 ----------------> Context refreshed
2018-08-29 01:36:59.385 [main] INFO  s.d.s.web.plugins.DocumentationPluginsBootstrapper Line:163 ----------------> Found 1 custom documentation plugin(s)
2018-08-29 01:36:59.462 [main] INFO  s.d.spring.web.scanners.ApiListingReferenceScanner Line:41 ----------------> Scanning for api listing references
2018-08-29 01:36:59.620 [main] INFO  com.redis.TransactionDemoTest Line:59 ----------------> Started TransactionDemoTest in 23.593 seconds (JVM running for 29.151)
2018-08-29 01:37:00.301 [main] INFO  TransactionDemo Line:64 ----------------> The value of the key[name] is :null
2018-08-29 01:37:00.307 [main] INFO  TransactionDemo Line:65 ----------------> transaction 执行完毕．．．．．．
2018-08-29 01:37:00.309 [main] INFO  TransactionDemo Line:79 ----------------> 执行　transaction1　.........
2018-08-29 01:37:00.322 [main] INFO  TransactionDemo Line:100 ----------------> The value of the key[name] is :null
2018-08-29 01:37:00.323 [main] INFO  TransactionDemo Line:101 ----------------> transaction 执行完毕．．．．．．
2018-08-29 01:37:00.357 [Thread-2] INFO  o.s.w.context.support.GenericWebApplicationContext Line:993 ----------------> Closing org.springframework.web.context.support.GenericWebApplicationContext@6aa648b9: startup date [Wed Aug 29 01:36:39 CST 2018]; root of context hierarchy
2018-08-29 01:37:00.397 [Thread-2] INFO  o.s.context.support.DefaultLifecycleProcessor Line:366 ----------------> Stopping beans in phase 2147483647
2018-08-29 01:38:30.949 [main] INFO  com.redis.TransactionDemoTest Line:50 ----------------> Starting TransactionDemoTest on lgj-Lenovo-G470 with PID 27751 (started by lgj in /home/lgj/aProject/Redis/Redis)
2018-08-29 01:38:30.953 [main] INFO  com.redis.TransactionDemoTest Line:659 ----------------> No active profile set, falling back to default profiles: default
2018-08-29 01:38:31.056 [main] INFO  o.s.w.context.support.GenericWebApplicationContext Line:590 ----------------> Refreshing org.springframework.web.context.support.GenericWebApplicationContext@5f574cc2: startup date [Wed Aug 29 01:38:31 CST 2018]; root of context hierarchy
2018-08-29 01:38:37.369 [main] WARN  org.mybatis.spring.mapper.ClassPathMapperScanner Line:166 ----------------> No MyBatis mapper was found in '[com]' package. Please check your configuration.
2018-08-29 01:38:37.433 [main] INFO  o.s.d.r.config.RepositoryConfigurationDelegate Line:163 ----------------> Multiple Spring Data modules found, entering strict repository configuration mode!
2018-08-29 01:38:38.919 [main] INFO  o.s.c.s.PostProcessorRegistrationDelegate$BeanPostProcessorChecker Line:328 ----------------> Bean 'org.springframework.transaction.annotation.ProxyTransactionManagementConfiguration' of type [org.springframework.transaction.annotation.ProxyTransactionManagementConfiguration$$EnhancerBySpringCGLIB$$c53e4273] is not eligible for getting processed by all BeanPostProcessors (for example: not eligible for auto-proxying)
2018-08-29 01:38:40.688 [main] INFO  o.s.w.s.m.m.a.RequestMappingHandlerMapping Line:547 ----------------> Mapped "{[/swagger-resources/configuration/security]}" onto public org.springframework.http.ResponseEntity<springfox.documentation.swagger.web.SecurityConfiguration> springfox.documentation.swagger.web.ApiResourceController.securityConfiguration()
2018-08-29 01:38:40.691 [main] INFO  o.s.w.s.m.m.a.RequestMappingHandlerMapping Line:547 ----------------> Mapped "{[/swagger-resources]}" onto public org.springframework.http.ResponseEntity<java.util.List<springfox.documentation.swagger.web.SwaggerResource>> springfox.documentation.swagger.web.ApiResourceController.swaggerResources()
2018-08-29 01:38:40.692 [main] INFO  o.s.w.s.m.m.a.RequestMappingHandlerMapping Line:547 ----------------> Mapped "{[/swagger-resources/configuration/ui]}" onto public org.springframework.http.ResponseEntity<springfox.documentation.swagger.web.UiConfiguration> springfox.documentation.swagger.web.ApiResourceController.uiConfiguration()
2018-08-29 01:38:40.707 [main] INFO  o.s.w.s.m.m.a.RequestMappingHandlerMapping Line:547 ----------------> Mapped "{[/error]}" onto public org.springframework.http.ResponseEntity<java.util.Map<java.lang.String, java.lang.Object>> org.springframework.boot.autoconfigure.web.servlet.error.BasicErrorController.error(javax.servlet.http.HttpServletRequest)
2018-08-29 01:38:40.713 [main] INFO  o.s.w.s.m.m.a.RequestMappingHandlerMapping Line:547 ----------------> Mapped "{[/error],produces=[text/html]}" onto public org.springframework.web.servlet.ModelAndView org.springframework.boot.autoconfigure.web.servlet.error.BasicErrorController.errorHtml(javax.servlet.http.HttpServletRequest,javax.servlet.http.HttpServletResponse)
2018-08-29 01:38:41.359 [main] INFO  s.d.s.w.PropertySourcedRequestMappingHandlerMapping Line:69 ----------------> Mapped URL path [/v2/api-docs] onto method [public org.springframework.http.ResponseEntity<springfox.documentation.spring.web.json.Json> springfox.documentation.swagger2.web.Swagger2Controller.getDocumentation(java.lang.String,javax.servlet.http.HttpServletRequest)]
2018-08-29 01:38:42.729 [main] INFO  o.s.web.servlet.handler.SimpleUrlHandlerMapping Line:373 ----------------> Mapped URL path [/**/favicon.ico] onto handler of type [class org.springframework.web.servlet.resource.ResourceHttpRequestHandler]
2018-08-29 01:38:43.605 [main] INFO  o.s.w.s.m.m.a.RequestMappingHandlerAdapter Line:574 ----------------> Looking for @ControllerAdvice: org.springframework.web.context.support.GenericWebApplicationContext@5f574cc2: startup date [Wed Aug 29 01:38:31 CST 2018]; root of context hierarchy
2018-08-29 01:38:43.858 [main] INFO  o.s.web.servlet.handler.SimpleUrlHandlerMapping Line:373 ----------------> Mapped URL path [/webjars/**] onto handler of type [class org.springframework.web.servlet.resource.ResourceHttpRequestHandler]
2018-08-29 01:38:43.859 [main] INFO  o.s.web.servlet.handler.SimpleUrlHandlerMapping Line:373 ----------------> Mapped URL path [/**] onto handler of type [class org.springframework.web.servlet.resource.ResourceHttpRequestHandler]
2018-08-29 01:38:46.801 [main] INFO  o.s.context.support.DefaultLifecycleProcessor Line:351 ----------------> Starting beans in phase 2147483647
2018-08-29 01:38:46.802 [main] INFO  s.d.s.web.plugins.DocumentationPluginsBootstrapper Line:160 ----------------> Context refreshed
2018-08-29 01:38:46.856 [main] INFO  s.d.s.web.plugins.DocumentationPluginsBootstrapper Line:163 ----------------> Found 1 custom documentation plugin(s)
2018-08-29 01:38:46.922 [main] INFO  s.d.spring.web.scanners.ApiListingReferenceScanner Line:41 ----------------> Scanning for api listing references
2018-08-29 01:38:46.985 [main] INFO  com.redis.TransactionDemoTest Line:59 ----------------> Started TransactionDemoTest in 17.356 seconds (JVM running for 21.837)
2018-08-29 01:38:47.195 [main] INFO  com.zaxxer.hikari.HikariDataSource Line:110 ----------------> mysqldatasource - Starting...
2018-08-29 01:38:49.598 [main] INFO  com.zaxxer.hikari.HikariDataSource Line:123 ----------------> mysqldatasource - Start completed.
2018-08-29 01:38:49.642 [main] INFO  TransactionDemo Line:81 ----------------> 执行　transaction1　.........
2018-08-29 01:38:50.245 [main] INFO  TransactionDemo Line:102 ----------------> The value of the key[name] is :init value
2018-08-29 01:38:50.247 [main] INFO  TransactionDemo Line:103 ----------------> transaction 执行完毕．．．．．．
2018-08-29 01:38:50.422 [Thread-2] INFO  o.s.w.context.support.GenericWebApplicationContext Line:993 ----------------> Closing org.springframework.web.context.support.GenericWebApplicationContext@5f574cc2: startup date [Wed Aug 29 01:38:31 CST 2018]; root of context hierarchy
2018-08-29 01:38:50.438 [Thread-2] INFO  o.s.context.support.DefaultLifecycleProcessor Line:366 ----------------> Stopping beans in phase 2147483647
2018-08-29 01:38:50.526 [Thread-2] INFO  com.zaxxer.hikari.HikariDataSource Line:381 ----------------> mysqldatasource - Shutdown initiated...
2018-08-29 01:38:50.672 [Thread-2] INFO  com.zaxxer.hikari.HikariDataSource Line:383 ----------------> mysqldatasource - Shutdown completed.
2018-08-29 01:39:38.942 [main] INFO  com.redis.TransactionDemoTest Line:50 ----------------> Starting TransactionDemoTest on lgj-Lenovo-G470 with PID 27902 (started by lgj in /home/lgj/aProject/Redis/Redis)
2018-08-29 01:39:38.948 [main] INFO  com.redis.TransactionDemoTest Line:659 ----------------> No active profile set, falling back to default profiles: default
2018-08-29 01:39:39.049 [main] INFO  o.s.w.context.support.GenericWebApplicationContext Line:590 ----------------> Refreshing org.springframework.web.context.support.GenericWebApplicationContext@5f574cc2: startup date [Wed Aug 29 01:39:39 CST 2018]; root of context hierarchy
2018-08-29 01:39:44.000 [main] WARN  org.mybatis.spring.mapper.ClassPathMapperScanner Line:166 ----------------> No MyBatis mapper was found in '[com]' package. Please check your configuration.
2018-08-29 01:39:44.121 [main] INFO  o.s.d.r.config.RepositoryConfigurationDelegate Line:163 ----------------> Multiple Spring Data modules found, entering strict repository configuration mode!
2018-08-29 01:39:45.805 [main] INFO  o.s.c.s.PostProcessorRegistrationDelegate$BeanPostProcessorChecker Line:328 ----------------> Bean 'org.springframework.transaction.annotation.ProxyTransactionManagementConfiguration' of type [org.springframework.transaction.annotation.ProxyTransactionManagementConfiguration$$EnhancerBySpringCGLIB$$f58e98f0] is not eligible for getting processed by all BeanPostProcessors (for example: not eligible for auto-proxying)
2018-08-29 01:39:48.290 [main] INFO  o.s.w.s.m.m.a.RequestMappingHandlerMapping Line:547 ----------------> Mapped "{[/swagger-resources/configuration/ui]}" onto public org.springframework.http.ResponseEntity<springfox.documentation.swagger.web.UiConfiguration> springfox.documentation.swagger.web.ApiResourceController.uiConfiguration()
2018-08-29 01:39:48.297 [main] INFO  o.s.w.s.m.m.a.RequestMappingHandlerMapping Line:547 ----------------> Mapped "{[/swagger-resources/configuration/security]}" onto public org.springframework.http.ResponseEntity<springfox.documentation.swagger.web.SecurityConfiguration> springfox.documentation.swagger.web.ApiResourceController.securityConfiguration()
2018-08-29 01:39:48.300 [main] INFO  o.s.w.s.m.m.a.RequestMappingHandlerMapping Line:547 ----------------> Mapped "{[/swagger-resources]}" onto public org.springframework.http.ResponseEntity<java.util.List<springfox.documentation.swagger.web.SwaggerResource>> springfox.documentation.swagger.web.ApiResourceController.swaggerResources()
2018-08-29 01:39:48.322 [main] INFO  o.s.w.s.m.m.a.RequestMappingHandlerMapping Line:547 ----------------> Mapped "{[/error]}" onto public org.springframework.http.ResponseEntity<java.util.Map<java.lang.String, java.lang.Object>> org.springframework.boot.autoconfigure.web.servlet.error.BasicErrorController.error(javax.servlet.http.HttpServletRequest)
2018-08-29 01:39:48.326 [main] INFO  o.s.w.s.m.m.a.RequestMappingHandlerMapping Line:547 ----------------> Mapped "{[/error],produces=[text/html]}" onto public org.springframework.web.servlet.ModelAndView org.springframework.boot.autoconfigure.web.servlet.error.BasicErrorController.errorHtml(javax.servlet.http.HttpServletRequest,javax.servlet.http.HttpServletResponse)
2018-08-29 01:39:48.734 [main] INFO  s.d.s.w.PropertySourcedRequestMappingHandlerMapping Line:69 ----------------> Mapped URL path [/v2/api-docs] onto method [public org.springframework.http.ResponseEntity<springfox.documentation.spring.web.json.Json> springfox.documentation.swagger2.web.Swagger2Controller.getDocumentation(java.lang.String,javax.servlet.http.HttpServletRequest)]
2018-08-29 01:39:49.476 [main] INFO  o.s.web.servlet.handler.SimpleUrlHandlerMapping Line:373 ----------------> Mapped URL path [/**/favicon.ico] onto handler of type [class org.springframework.web.servlet.resource.ResourceHttpRequestHandler]
2018-08-29 01:39:50.002 [main] INFO  o.s.w.s.m.m.a.RequestMappingHandlerAdapter Line:574 ----------------> Looking for @ControllerAdvice: org.springframework.web.context.support.GenericWebApplicationContext@5f574cc2: startup date [Wed Aug 29 01:39:39 CST 2018]; root of context hierarchy
2018-08-29 01:39:50.272 [main] INFO  o.s.web.servlet.handler.SimpleUrlHandlerMapping Line:373 ----------------> Mapped URL path [/webjars/**] onto handler of type [class org.springframework.web.servlet.resource.ResourceHttpRequestHandler]
2018-08-29 01:39:50.273 [main] INFO  o.s.web.servlet.handler.SimpleUrlHandlerMapping Line:373 ----------------> Mapped URL path [/**] onto handler of type [class org.springframework.web.servlet.resource.ResourceHttpRequestHandler]
2018-08-29 01:39:51.938 [main] INFO  o.s.context.support.DefaultLifecycleProcessor Line:351 ----------------> Starting beans in phase 2147483647
2018-08-29 01:39:51.939 [main] INFO  s.d.s.web.plugins.DocumentationPluginsBootstrapper Line:160 ----------------> Context refreshed
2018-08-29 01:39:51.985 [main] INFO  s.d.s.web.plugins.DocumentationPluginsBootstrapper Line:163 ----------------> Found 1 custom documentation plugin(s)
2018-08-29 01:39:52.057 [main] INFO  s.d.spring.web.scanners.ApiListingReferenceScanner Line:41 ----------------> Scanning for api listing references
2018-08-29 01:39:52.180 [main] INFO  com.redis.TransactionDemoTest Line:59 ----------------> Started TransactionDemoTest in 15.124 seconds (JVM running for 19.497)
2018-08-29 01:39:52.465 [main] INFO  com.zaxxer.hikari.HikariDataSource Line:110 ----------------> mysqldatasource - Starting...
2018-08-29 01:39:53.256 [main] INFO  com.zaxxer.hikari.HikariDataSource Line:123 ----------------> mysqldatasource - Start completed.
2018-08-29 01:39:53.288 [main] INFO  TransactionDemo Line:81 ----------------> 执行　transaction1　.........
2018-08-29 01:39:53.638 [main] INFO  TransactionDemo Line:102 ----------------> The value of the key[name] is :init value
2018-08-29 01:39:53.639 [main] INFO  TransactionDemo Line:103 ----------------> transaction 执行完毕．．．．．．
2018-08-29 01:39:53.685 [Thread-2] INFO  o.s.w.context.support.GenericWebApplicationContext Line:993 ----------------> Closing org.springframework.web.context.support.GenericWebApplicationContext@5f574cc2: startup date [Wed Aug 29 01:39:39 CST 2018]; root of context hierarchy
2018-08-29 01:39:53.707 [Thread-2] INFO  o.s.context.support.DefaultLifecycleProcessor Line:366 ----------------> Stopping beans in phase 2147483647
2018-08-29 01:39:53.797 [Thread-2] INFO  com.zaxxer.hikari.HikariDataSource Line:381 ----------------> mysqldatasource - Shutdown initiated...
2018-08-29 01:39:53.833 [Thread-2] INFO  com.zaxxer.hikari.HikariDataSource Line:383 ----------------> mysqldatasource - Shutdown completed.
2018-08-29 01:41:33.834 [main] INFO  com.redis.TransactionDemoTest Line:50 ----------------> Starting TransactionDemoTest on lgj-Lenovo-G470 with PID 27998 (started by lgj in /home/lgj/aProject/Redis/Redis)
2018-08-29 01:41:33.837 [main] INFO  com.redis.TransactionDemoTest Line:659 ----------------> No active profile set, falling back to default profiles: default
2018-08-29 01:41:33.907 [main] INFO  o.s.w.context.support.GenericWebApplicationContext Line:590 ----------------> Refreshing org.springframework.web.context.support.GenericWebApplicationContext@680bddf5: startup date [Wed Aug 29 01:41:33 CST 2018]; root of context hierarchy
2018-08-29 01:41:39.459 [main] WARN  org.mybatis.spring.mapper.ClassPathMapperScanner Line:166 ----------------> No MyBatis mapper was found in '[com]' package. Please check your configuration.
2018-08-29 01:41:39.540 [main] INFO  o.s.d.r.config.RepositoryConfigurationDelegate Line:163 ----------------> Multiple Spring Data modules found, entering strict repository configuration mode!
2018-08-29 01:41:41.052 [main] INFO  o.s.c.s.PostProcessorRegistrationDelegate$BeanPostProcessorChecker Line:328 ----------------> Bean 'org.springframework.transaction.annotation.ProxyTransactionManagementConfiguration' of type [org.springframework.transaction.annotation.ProxyTransactionManagementConfiguration$$EnhancerBySpringCGLIB$$826f3751] is not eligible for getting processed by all BeanPostProcessors (for example: not eligible for auto-proxying)
2018-08-29 01:41:42.497 [main] INFO  o.s.w.s.m.m.a.RequestMappingHandlerMapping Line:547 ----------------> Mapped "{[/swagger-resources/configuration/security]}" onto public org.springframework.http.ResponseEntity<springfox.documentation.swagger.web.SecurityConfiguration> springfox.documentation.swagger.web.ApiResourceController.securityConfiguration()
2018-08-29 01:41:42.499 [main] INFO  o.s.w.s.m.m.a.RequestMappingHandlerMapping Line:547 ----------------> Mapped "{[/swagger-resources]}" onto public org.springframework.http.ResponseEntity<java.util.List<springfox.documentation.swagger.web.SwaggerResource>> springfox.documentation.swagger.web.ApiResourceController.swaggerResources()
2018-08-29 01:41:42.503 [main] INFO  o.s.w.s.m.m.a.RequestMappingHandlerMapping Line:547 ----------------> Mapped "{[/swagger-resources/configuration/ui]}" onto public org.springframework.http.ResponseEntity<springfox.documentation.swagger.web.UiConfiguration> springfox.documentation.swagger.web.ApiResourceController.uiConfiguration()
2018-08-29 01:41:42.515 [main] INFO  o.s.w.s.m.m.a.RequestMappingHandlerMapping Line:547 ----------------> Mapped "{[/error]}" onto public org.springframework.http.ResponseEntity<java.util.Map<java.lang.String, java.lang.Object>> org.springframework.boot.autoconfigure.web.servlet.error.BasicErrorController.error(javax.servlet.http.HttpServletRequest)
2018-08-29 01:41:42.517 [main] INFO  o.s.w.s.m.m.a.RequestMappingHandlerMapping Line:547 ----------------> Mapped "{[/error],produces=[text/html]}" onto public org.springframework.web.servlet.ModelAndView org.springframework.boot.autoconfigure.web.servlet.error.BasicErrorController.errorHtml(javax.servlet.http.HttpServletRequest,javax.servlet.http.HttpServletResponse)
2018-08-29 01:41:42.860 [main] INFO  s.d.s.w.PropertySourcedRequestMappingHandlerMapping Line:69 ----------------> Mapped URL path [/v2/api-docs] onto method [public org.springframework.http.ResponseEntity<springfox.documentation.spring.web.json.Json> springfox.documentation.swagger2.web.Swagger2Controller.getDocumentation(java.lang.String,javax.servlet.http.HttpServletRequest)]
2018-08-29 01:41:43.341 [main] INFO  o.s.web.servlet.handler.SimpleUrlHandlerMapping Line:373 ----------------> Mapped URL path [/**/favicon.ico] onto handler of type [class org.springframework.web.servlet.resource.ResourceHttpRequestHandler]
2018-08-29 01:41:43.767 [main] INFO  o.s.w.s.m.m.a.RequestMappingHandlerAdapter Line:574 ----------------> Looking for @ControllerAdvice: org.springframework.web.context.support.GenericWebApplicationContext@680bddf5: startup date [Wed Aug 29 01:41:33 CST 2018]; root of context hierarchy
2018-08-29 01:41:43.910 [main] INFO  o.s.web.servlet.handler.SimpleUrlHandlerMapping Line:373 ----------------> Mapped URL path [/webjars/**] onto handler of type [class org.springframework.web.servlet.resource.ResourceHttpRequestHandler]
2018-08-29 01:41:43.911 [main] INFO  o.s.web.servlet.handler.SimpleUrlHandlerMapping Line:373 ----------------> Mapped URL path [/**] onto handler of type [class org.springframework.web.servlet.resource.ResourceHttpRequestHandler]
2018-08-29 01:41:45.308 [main] INFO  o.s.context.support.DefaultLifecycleProcessor Line:351 ----------------> Starting beans in phase 2147483647
2018-08-29 01:41:45.309 [main] INFO  s.d.s.web.plugins.DocumentationPluginsBootstrapper Line:160 ----------------> Context refreshed
2018-08-29 01:41:45.409 [main] INFO  s.d.s.web.plugins.DocumentationPluginsBootstrapper Line:163 ----------------> Found 1 custom documentation plugin(s)
2018-08-29 01:41:45.471 [main] INFO  s.d.spring.web.scanners.ApiListingReferenceScanner Line:41 ----------------> Scanning for api listing references
2018-08-29 01:41:45.536 [main] INFO  com.redis.TransactionDemoTest Line:59 ----------------> Started TransactionDemoTest in 12.883 seconds (JVM running for 15.98)
2018-08-29 01:41:45.710 [main] INFO  com.zaxxer.hikari.HikariDataSource Line:110 ----------------> mysqldatasource - Starting...
2018-08-29 01:41:46.081 [main] INFO  com.zaxxer.hikari.HikariDataSource Line:123 ----------------> mysqldatasource - Start completed.
2018-08-29 01:41:46.101 [main] INFO  TransactionDemo Line:81 ----------------> 执行　transaction1　.........
2018-08-29 01:41:46.343 [main] INFO  TransactionDemo Line:102 ----------------> The value of the key[name] is :init value
2018-08-29 01:41:46.343 [main] INFO  TransactionDemo Line:103 ----------------> transaction 执行完毕．．．．．．
2018-08-29 01:41:46.365 [Thread-2] INFO  o.s.w.context.support.GenericWebApplicationContext Line:993 ----------------> Closing org.springframework.web.context.support.GenericWebApplicationContext@680bddf5: startup date [Wed Aug 29 01:41:33 CST 2018]; root of context hierarchy
2018-08-29 01:41:46.369 [Thread-2] INFO  o.s.context.support.DefaultLifecycleProcessor Line:366 ----------------> Stopping beans in phase 2147483647
2018-08-29 01:41:46.402 [Thread-2] INFO  com.zaxxer.hikari.HikariDataSource Line:381 ----------------> mysqldatasource - Shutdown initiated...
2018-08-29 01:41:46.453 [Thread-2] INFO  com.zaxxer.hikari.HikariDataSource Line:383 ----------------> mysqldatasource - Shutdown completed.
2018-08-29 01:43:26.514 [main] INFO  com.redis.TransactionDemoTest Line:50 ----------------> Starting TransactionDemoTest on lgj-Lenovo-G470 with PID 28134 (started by lgj in /home/lgj/aProject/Redis/Redis)
2018-08-29 01:43:26.517 [main] INFO  com.redis.TransactionDemoTest Line:659 ----------------> No active profile set, falling back to default profiles: default
2018-08-29 01:43:26.571 [main] INFO  o.s.w.context.support.GenericWebApplicationContext Line:590 ----------------> Refreshing org.springframework.web.context.support.GenericWebApplicationContext@5f574cc2: startup date [Wed Aug 29 01:43:26 CST 2018]; root of context hierarchy
2018-08-29 01:43:30.858 [main] WARN  org.mybatis.spring.mapper.ClassPathMapperScanner Line:166 ----------------> No MyBatis mapper was found in '[com]' package. Please check your configuration.
2018-08-29 01:43:30.913 [main] INFO  o.s.d.r.config.RepositoryConfigurationDelegate Line:163 ----------------> Multiple Spring Data modules found, entering strict repository configuration mode!
2018-08-29 01:43:32.280 [main] INFO  o.s.c.s.PostProcessorRegistrationDelegate$BeanPostProcessorChecker Line:328 ----------------> Bean 'org.springframework.transaction.annotation.ProxyTransactionManagementConfiguration' of type [org.springframework.transaction.annotation.ProxyTransactionManagementConfiguration$$EnhancerBySpringCGLIB$$f58e98f0] is not eligible for getting processed by all BeanPostProcessors (for example: not eligible for auto-proxying)
2018-08-29 01:43:34.295 [main] INFO  o.s.w.s.m.m.a.RequestMappingHandlerMapping Line:547 ----------------> Mapped "{[/swagger-resources/configuration/security]}" onto public org.springframework.http.ResponseEntity<springfox.documentation.swagger.web.SecurityConfiguration> springfox.documentation.swagger.web.ApiResourceController.securityConfiguration()
2018-08-29 01:43:34.301 [main] INFO  o.s.w.s.m.m.a.RequestMappingHandlerMapping Line:547 ----------------> Mapped "{[/swagger-resources]}" onto public org.springframework.http.ResponseEntity<java.util.List<springfox.documentation.swagger.web.SwaggerResource>> springfox.documentation.swagger.web.ApiResourceController.swaggerResources()
2018-08-29 01:43:34.303 [main] INFO  o.s.w.s.m.m.a.RequestMappingHandlerMapping Line:547 ----------------> Mapped "{[/swagger-resources/configuration/ui]}" onto public org.springframework.http.ResponseEntity<springfox.documentation.swagger.web.UiConfiguration> springfox.documentation.swagger.web.ApiResourceController.uiConfiguration()
2018-08-29 01:43:34.319 [main] INFO  o.s.w.s.m.m.a.RequestMappingHandlerMapping Line:547 ----------------> Mapped "{[/error]}" onto public org.springframework.http.ResponseEntity<java.util.Map<java.lang.String, java.lang.Object>> org.springframework.boot.autoconfigure.web.servlet.error.BasicErrorController.error(javax.servlet.http.HttpServletRequest)
2018-08-29 01:43:34.322 [main] INFO  o.s.w.s.m.m.a.RequestMappingHandlerMapping Line:547 ----------------> Mapped "{[/error],produces=[text/html]}" onto public org.springframework.web.servlet.ModelAndView org.springframework.boot.autoconfigure.web.servlet.error.BasicErrorController.errorHtml(javax.servlet.http.HttpServletRequest,javax.servlet.http.HttpServletResponse)
2018-08-29 01:43:34.782 [main] INFO  s.d.s.w.PropertySourcedRequestMappingHandlerMapping Line:69 ----------------> Mapped URL path [/v2/api-docs] onto method [public org.springframework.http.ResponseEntity<springfox.documentation.spring.web.json.Json> springfox.documentation.swagger2.web.Swagger2Controller.getDocumentation(java.lang.String,javax.servlet.http.HttpServletRequest)]
2018-08-29 01:43:35.528 [main] INFO  o.s.web.servlet.handler.SimpleUrlHandlerMapping Line:373 ----------------> Mapped URL path [/**/favicon.ico] onto handler of type [class org.springframework.web.servlet.resource.ResourceHttpRequestHandler]
2018-08-29 01:43:36.052 [main] INFO  o.s.w.s.m.m.a.RequestMappingHandlerAdapter Line:574 ----------------> Looking for @ControllerAdvice: org.springframework.web.context.support.GenericWebApplicationContext@5f574cc2: startup date [Wed Aug 29 01:43:26 CST 2018]; root of context hierarchy
2018-08-29 01:43:36.161 [main] INFO  o.s.web.servlet.handler.SimpleUrlHandlerMapping Line:373 ----------------> Mapped URL path [/webjars/**] onto handler of type [class org.springframework.web.servlet.resource.ResourceHttpRequestHandler]
2018-08-29 01:43:36.161 [main] INFO  o.s.web.servlet.handler.SimpleUrlHandlerMapping Line:373 ----------------> Mapped URL path [/**] onto handler of type [class org.springframework.web.servlet.resource.ResourceHttpRequestHandler]
2018-08-29 01:43:37.551 [main] INFO  o.s.context.support.DefaultLifecycleProcessor Line:351 ----------------> Starting beans in phase 2147483647
2018-08-29 01:43:37.553 [main] INFO  s.d.s.web.plugins.DocumentationPluginsBootstrapper Line:160 ----------------> Context refreshed
2018-08-29 01:43:37.604 [main] INFO  s.d.s.web.plugins.DocumentationPluginsBootstrapper Line:163 ----------------> Found 1 custom documentation plugin(s)
2018-08-29 01:43:37.669 [main] INFO  s.d.spring.web.scanners.ApiListingReferenceScanner Line:41 ----------------> Scanning for api listing references
2018-08-29 01:43:37.733 [main] INFO  com.redis.TransactionDemoTest Line:59 ----------------> Started TransactionDemoTest in 12.457 seconds (JVM running for 16.394)
2018-08-29 01:43:37.896 [main] INFO  com.zaxxer.hikari.HikariDataSource Line:110 ----------------> mysqldatasource - Starting...
2018-08-29 01:43:38.440 [main] INFO  com.zaxxer.hikari.HikariDataSource Line:123 ----------------> mysqldatasource - Start completed.
2018-08-29 01:43:38.460 [main] INFO  TransactionDemo Line:81 ----------------> 执行　transaction1　.........
2018-08-29 01:43:38.709 [main] INFO  TransactionDemo Line:102 ----------------> The value of the key[name] is :init value
2018-08-29 01:43:38.710 [main] INFO  TransactionDemo Line:103 ----------------> transaction 执行完毕．．．．．．
2018-08-29 01:43:38.758 [Thread-2] INFO  o.s.w.context.support.GenericWebApplicationContext Line:993 ----------------> Closing org.springframework.web.context.support.GenericWebApplicationContext@5f574cc2: startup date [Wed Aug 29 01:43:26 CST 2018]; root of context hierarchy
2018-08-29 01:43:38.767 [Thread-2] INFO  o.s.context.support.DefaultLifecycleProcessor Line:366 ----------------> Stopping beans in phase 2147483647
2018-08-29 01:43:38.797 [Thread-2] INFO  com.zaxxer.hikari.HikariDataSource Line:381 ----------------> mysqldatasource - Shutdown initiated...
2018-08-29 01:43:38.840 [Thread-2] INFO  com.zaxxer.hikari.HikariDataSource Line:383 ----------------> mysqldatasource - Shutdown completed.
2018-08-29 01:44:26.522 [main] INFO  com.redis.TransactionDemoTest Line:50 ----------------> Starting TransactionDemoTest on lgj-Lenovo-G470 with PID 28239 (started by lgj in /home/lgj/aProject/Redis/Redis)
2018-08-29 01:44:26.526 [main] INFO  com.redis.TransactionDemoTest Line:659 ----------------> No active profile set, falling back to default profiles: default
2018-08-29 01:44:26.576 [main] INFO  o.s.w.context.support.GenericWebApplicationContext Line:590 ----------------> Refreshing org.springframework.web.context.support.GenericWebApplicationContext@680bddf5: startup date [Wed Aug 29 01:44:26 CST 2018]; root of context hierarchy
2018-08-29 01:44:32.199 [main] WARN  org.mybatis.spring.mapper.ClassPathMapperScanner Line:166 ----------------> No MyBatis mapper was found in '[com]' package. Please check your configuration.
2018-08-29 01:44:32.283 [main] INFO  o.s.d.r.config.RepositoryConfigurationDelegate Line:163 ----------------> Multiple Spring Data modules found, entering strict repository configuration mode!
2018-08-29 01:44:33.783 [main] INFO  o.s.c.s.PostProcessorRegistrationDelegate$BeanPostProcessorChecker Line:328 ----------------> Bean 'org.springframework.transaction.annotation.ProxyTransactionManagementConfiguration' of type [org.springframework.transaction.annotation.ProxyTransactionManagementConfiguration$$EnhancerBySpringCGLIB$$826f3751] is not eligible for getting processed by all BeanPostProcessors (for example: not eligible for auto-proxying)
2018-08-29 01:44:35.285 [main] INFO  o.s.w.s.m.m.a.RequestMappingHandlerMapping Line:547 ----------------> Mapped "{[/swagger-resources/configuration/security]}" onto public org.springframework.http.ResponseEntity<springfox.documentation.swagger.web.SecurityConfiguration> springfox.documentation.swagger.web.ApiResourceController.securityConfiguration()
2018-08-29 01:44:35.288 [main] INFO  o.s.w.s.m.m.a.RequestMappingHandlerMapping Line:547 ----------------> Mapped "{[/swagger-resources]}" onto public org.springframework.http.ResponseEntity<java.util.List<springfox.documentation.swagger.web.SwaggerResource>> springfox.documentation.swagger.web.ApiResourceController.swaggerResources()
2018-08-29 01:44:35.290 [main] INFO  o.s.w.s.m.m.a.RequestMappingHandlerMapping Line:547 ----------------> Mapped "{[/swagger-resources/configuration/ui]}" onto public org.springframework.http.ResponseEntity<springfox.documentation.swagger.web.UiConfiguration> springfox.documentation.swagger.web.ApiResourceController.uiConfiguration()
2018-08-29 01:44:35.353 [main] INFO  o.s.w.s.m.m.a.RequestMappingHandlerMapping Line:547 ----------------> Mapped "{[/error]}" onto public org.springframework.http.ResponseEntity<java.util.Map<java.lang.String, java.lang.Object>> org.springframework.boot.autoconfigure.web.servlet.error.BasicErrorController.error(javax.servlet.http.HttpServletRequest)
2018-08-29 01:44:35.356 [main] INFO  o.s.w.s.m.m.a.RequestMappingHandlerMapping Line:547 ----------------> Mapped "{[/error],produces=[text/html]}" onto public org.springframework.web.servlet.ModelAndView org.springframework.boot.autoconfigure.web.servlet.error.BasicErrorController.errorHtml(javax.servlet.http.HttpServletRequest,javax.servlet.http.HttpServletResponse)
2018-08-29 01:44:35.610 [main] INFO  s.d.s.w.PropertySourcedRequestMappingHandlerMapping Line:69 ----------------> Mapped URL path [/v2/api-docs] onto method [public org.springframework.http.ResponseEntity<springfox.documentation.spring.web.json.Json> springfox.documentation.swagger2.web.Swagger2Controller.getDocumentation(java.lang.String,javax.servlet.http.HttpServletRequest)]
2018-08-29 01:44:36.039 [main] INFO  o.s.web.servlet.handler.SimpleUrlHandlerMapping Line:373 ----------------> Mapped URL path [/**/favicon.ico] onto handler of type [class org.springframework.web.servlet.resource.ResourceHttpRequestHandler]
2018-08-29 01:44:36.536 [main] INFO  o.s.w.s.m.m.a.RequestMappingHandlerAdapter Line:574 ----------------> Looking for @ControllerAdvice: org.springframework.web.context.support.GenericWebApplicationContext@680bddf5: startup date [Wed Aug 29 01:44:26 CST 2018]; root of context hierarchy
2018-08-29 01:44:36.675 [main] INFO  o.s.web.servlet.handler.SimpleUrlHandlerMapping Line:373 ----------------> Mapped URL path [/webjars/**] onto handler of type [class org.springframework.web.servlet.resource.ResourceHttpRequestHandler]
2018-08-29 01:44:36.676 [main] INFO  o.s.web.servlet.handler.SimpleUrlHandlerMapping Line:373 ----------------> Mapped URL path [/**] onto handler of type [class org.springframework.web.servlet.resource.ResourceHttpRequestHandler]
2018-08-29 01:44:38.614 [main] INFO  o.s.context.support.DefaultLifecycleProcessor Line:351 ----------------> Starting beans in phase 2147483647
2018-08-29 01:44:38.616 [main] INFO  s.d.s.web.plugins.DocumentationPluginsBootstrapper Line:160 ----------------> Context refreshed
2018-08-29 01:44:38.737 [main] INFO  s.d.s.web.plugins.DocumentationPluginsBootstrapper Line:163 ----------------> Found 1 custom documentation plugin(s)
2018-08-29 01:44:38.824 [main] INFO  s.d.spring.web.scanners.ApiListingReferenceScanner Line:41 ----------------> Scanning for api listing references
2018-08-29 01:44:38.899 [main] INFO  com.redis.TransactionDemoTest Line:59 ----------------> Started TransactionDemoTest in 13.567 seconds (JVM running for 16.495)
2018-08-29 01:44:39.136 [main] INFO  com.zaxxer.hikari.HikariDataSource Line:110 ----------------> mysqldatasource - Starting...
2018-08-29 01:44:39.794 [main] INFO  com.zaxxer.hikari.HikariDataSource Line:123 ----------------> mysqldatasource - Start completed.
2018-08-29 01:44:39.830 [main] INFO  TransactionDemo Line:81 ----------------> 执行　transaction1　.........
2018-08-29 01:44:40.180 [main] INFO  TransactionDemo Line:102 ----------------> The value of the key[name] is :init value
2018-08-29 01:44:40.185 [main] INFO  TransactionDemo Line:103 ----------------> transaction 执行完毕．．．．．．
2018-08-29 01:44:40.213 [Thread-2] INFO  o.s.w.context.support.GenericWebApplicationContext Line:993 ----------------> Closing org.springframework.web.context.support.GenericWebApplicationContext@680bddf5: startup date [Wed Aug 29 01:44:26 CST 2018]; root of context hierarchy
2018-08-29 01:44:40.219 [Thread-2] INFO  o.s.context.support.DefaultLifecycleProcessor Line:366 ----------------> Stopping beans in phase 2147483647
2018-08-29 01:44:40.291 [Thread-2] INFO  com.zaxxer.hikari.HikariDataSource Line:381 ----------------> mysqldatasource - Shutdown initiated...
2018-08-29 01:44:40.324 [Thread-2] INFO  com.zaxxer.hikari.HikariDataSource Line:383 ----------------> mysqldatasource - Shutdown completed.
2018-08-29 01:45:26.982 [main] INFO  com.redis.TransactionDemoTest Line:50 ----------------> Starting TransactionDemoTest on lgj-Lenovo-G470 with PID 28323 (started by lgj in /home/lgj/aProject/Redis/Redis)
2018-08-29 01:45:26.989 [main] INFO  com.redis.TransactionDemoTest Line:659 ----------------> No active profile set, falling back to default profiles: default
2018-08-29 01:45:27.110 [main] INFO  o.s.w.context.support.GenericWebApplicationContext Line:590 ----------------> Refreshing org.springframework.web.context.support.GenericWebApplicationContext@48d7ad8b: startup date [Wed Aug 29 01:45:27 CST 2018]; root of context hierarchy
2018-08-29 01:45:32.230 [main] WARN  org.mybatis.spring.mapper.ClassPathMapperScanner Line:166 ----------------> No MyBatis mapper was found in '[com]' package. Please check your configuration.
2018-08-29 01:45:32.312 [main] INFO  o.s.d.r.config.RepositoryConfigurationDelegate Line:163 ----------------> Multiple Spring Data modules found, entering strict repository configuration mode!
2018-08-29 01:45:33.958 [main] INFO  o.s.c.s.PostProcessorRegistrationDelegate$BeanPostProcessorChecker Line:328 ----------------> Bean 'org.springframework.transaction.annotation.ProxyTransactionManagementConfiguration' of type [org.springframework.transaction.annotation.ProxyTransactionManagementConfiguration$$EnhancerBySpringCGLIB$$814bf82c] is not eligible for getting processed by all BeanPostProcessors (for example: not eligible for auto-proxying)
2018-08-29 01:45:35.896 [main] INFO  o.s.w.s.m.m.a.RequestMappingHandlerMapping Line:547 ----------------> Mapped "{[/swagger-resources/configuration/security]}" onto public org.springframework.http.ResponseEntity<springfox.documentation.swagger.web.SecurityConfiguration> springfox.documentation.swagger.web.ApiResourceController.securityConfiguration()
2018-08-29 01:45:35.912 [main] INFO  o.s.w.s.m.m.a.RequestMappingHandlerMapping Line:547 ----------------> Mapped "{[/swagger-resources]}" onto public org.springframework.http.ResponseEntity<java.util.List<springfox.documentation.swagger.web.SwaggerResource>> springfox.documentation.swagger.web.ApiResourceController.swaggerResources()
2018-08-29 01:45:35.913 [main] INFO  o.s.w.s.m.m.a.RequestMappingHandlerMapping Line:547 ----------------> Mapped "{[/swagger-resources/configuration/ui]}" onto public org.springframework.http.ResponseEntity<springfox.documentation.swagger.web.UiConfiguration> springfox.documentation.swagger.web.ApiResourceController.uiConfiguration()
2018-08-29 01:45:35.928 [main] INFO  o.s.w.s.m.m.a.RequestMappingHandlerMapping Line:547 ----------------> Mapped "{[/error]}" onto public org.springframework.http.ResponseEntity<java.util.Map<java.lang.String, java.lang.Object>> org.springframework.boot.autoconfigure.web.servlet.error.BasicErrorController.error(javax.servlet.http.HttpServletRequest)
2018-08-29 01:45:35.932 [main] INFO  o.s.w.s.m.m.a.RequestMappingHandlerMapping Line:547 ----------------> Mapped "{[/error],produces=[text/html]}" onto public org.springframework.web.servlet.ModelAndView org.springframework.boot.autoconfigure.web.servlet.error.BasicErrorController.errorHtml(javax.servlet.http.HttpServletRequest,javax.servlet.http.HttpServletResponse)
2018-08-29 01:45:36.346 [main] INFO  s.d.s.w.PropertySourcedRequestMappingHandlerMapping Line:69 ----------------> Mapped URL path [/v2/api-docs] onto method [public org.springframework.http.ResponseEntity<springfox.documentation.spring.web.json.Json> springfox.documentation.swagger2.web.Swagger2Controller.getDocumentation(java.lang.String,javax.servlet.http.HttpServletRequest)]
2018-08-29 01:45:36.737 [main] INFO  o.s.web.servlet.handler.SimpleUrlHandlerMapping Line:373 ----------------> Mapped URL path [/**/favicon.ico] onto handler of type [class org.springframework.web.servlet.resource.ResourceHttpRequestHandler]
2018-08-29 01:45:37.062 [main] INFO  o.s.w.s.m.m.a.RequestMappingHandlerAdapter Line:574 ----------------> Looking for @ControllerAdvice: org.springframework.web.context.support.GenericWebApplicationContext@48d7ad8b: startup date [Wed Aug 29 01:45:27 CST 2018]; root of context hierarchy
2018-08-29 01:45:37.181 [main] INFO  o.s.web.servlet.handler.SimpleUrlHandlerMapping Line:373 ----------------> Mapped URL path [/webjars/**] onto handler of type [class org.springframework.web.servlet.resource.ResourceHttpRequestHandler]
2018-08-29 01:45:37.182 [main] INFO  o.s.web.servlet.handler.SimpleUrlHandlerMapping Line:373 ----------------> Mapped URL path [/**] onto handler of type [class org.springframework.web.servlet.resource.ResourceHttpRequestHandler]
2018-08-29 01:45:38.682 [main] INFO  o.s.context.support.DefaultLifecycleProcessor Line:351 ----------------> Starting beans in phase 2147483647
2018-08-29 01:45:38.683 [main] INFO  s.d.s.web.plugins.DocumentationPluginsBootstrapper Line:160 ----------------> Context refreshed
2018-08-29 01:45:38.774 [main] INFO  s.d.s.web.plugins.DocumentationPluginsBootstrapper Line:163 ----------------> Found 1 custom documentation plugin(s)
2018-08-29 01:45:38.824 [main] INFO  s.d.spring.web.scanners.ApiListingReferenceScanner Line:41 ----------------> Scanning for api listing references
2018-08-29 01:45:38.885 [main] INFO  com.redis.TransactionDemoTest Line:59 ----------------> Started TransactionDemoTest in 13.709 seconds (JVM running for 16.927)
2018-08-29 01:45:39.068 [main] INFO  com.zaxxer.hikari.HikariDataSource Line:110 ----------------> mysqldatasource - Starting...
2018-08-29 01:45:39.511 [main] INFO  com.zaxxer.hikari.HikariDataSource Line:123 ----------------> mysqldatasource - Start completed.
2018-08-29 01:45:39.530 [main] INFO  TransactionDemo Line:81 ----------------> 执行　transaction1　.........
2018-08-29 01:45:39.713 [main] INFO  TransactionDemo Line:102 ----------------> The value of the key[name] is :init value
2018-08-29 01:45:39.714 [main] INFO  TransactionDemo Line:103 ----------------> transaction 执行完毕．．．．．．
2018-08-29 01:45:39.740 [Thread-2] INFO  o.s.w.context.support.GenericWebApplicationContext Line:993 ----------------> Closing org.springframework.web.context.support.GenericWebApplicationContext@48d7ad8b: startup date [Wed Aug 29 01:45:27 CST 2018]; root of context hierarchy
2018-08-29 01:45:39.758 [Thread-2] INFO  o.s.context.support.DefaultLifecycleProcessor Line:366 ----------------> Stopping beans in phase 2147483647
2018-08-29 01:45:39.779 [Thread-2] INFO  com.zaxxer.hikari.HikariDataSource Line:381 ----------------> mysqldatasource - Shutdown initiated...
2018-08-29 01:45:39.843 [Thread-2] INFO  com.zaxxer.hikari.HikariDataSource Line:383 ----------------> mysqldatasource - Shutdown completed.
2018-08-29 02:07:57.979 [main] INFO  com.redis.TransactionDemoTest Line:50 ----------------> Starting TransactionDemoTest on lgj-Lenovo-G470 with PID 29197 (started by lgj in /home/lgj/aProject/Redis/Redis)
2018-08-29 02:07:57.996 [main] INFO  com.redis.TransactionDemoTest Line:659 ----------------> No active profile set, falling back to default profiles: default
2018-08-29 02:07:58.094 [main] INFO  o.s.w.context.support.GenericWebApplicationContext Line:590 ----------------> Refreshing org.springframework.web.context.support.GenericWebApplicationContext@680bddf5: startup date [Wed Aug 29 02:07:58 CST 2018]; root of context hierarchy
2018-08-29 02:08:03.822 [main] WARN  org.mybatis.spring.mapper.ClassPathMapperScanner Line:166 ----------------> No MyBatis mapper was found in '[com]' package. Please check your configuration.
2018-08-29 02:08:03.896 [main] INFO  o.s.d.r.config.RepositoryConfigurationDelegate Line:163 ----------------> Multiple Spring Data modules found, entering strict repository configuration mode!
2018-08-29 02:08:05.165 [main] INFO  o.s.c.s.PostProcessorRegistrationDelegate$BeanPostProcessorChecker Line:328 ----------------> Bean 'org.springframework.transaction.annotation.ProxyTransactionManagementConfiguration' of type [org.springframework.transaction.annotation.ProxyTransactionManagementConfiguration$$EnhancerBySpringCGLIB$$c53e4273] is not eligible for getting processed by all BeanPostProcessors (for example: not eligible for auto-proxying)
2018-08-29 02:08:06.449 [main] INFO  o.s.w.s.m.m.a.RequestMappingHandlerMapping Line:547 ----------------> Mapped "{[/swagger-resources/configuration/security]}" onto public org.springframework.http.ResponseEntity<springfox.documentation.swagger.web.SecurityConfiguration> springfox.documentation.swagger.web.ApiResourceController.securityConfiguration()
2018-08-29 02:08:06.452 [main] INFO  o.s.w.s.m.m.a.RequestMappingHandlerMapping Line:547 ----------------> Mapped "{[/swagger-resources]}" onto public org.springframework.http.ResponseEntity<java.util.List<springfox.documentation.swagger.web.SwaggerResource>> springfox.documentation.swagger.web.ApiResourceController.swaggerResources()
2018-08-29 02:08:06.453 [main] INFO  o.s.w.s.m.m.a.RequestMappingHandlerMapping Line:547 ----------------> Mapped "{[/swagger-resources/configuration/ui]}" onto public org.springframework.http.ResponseEntity<springfox.documentation.swagger.web.UiConfiguration> springfox.documentation.swagger.web.ApiResourceController.uiConfiguration()
2018-08-29 02:08:06.468 [main] INFO  o.s.w.s.m.m.a.RequestMappingHandlerMapping Line:547 ----------------> Mapped "{[/error]}" onto public org.springframework.http.ResponseEntity<java.util.Map<java.lang.String, java.lang.Object>> org.springframework.boot.autoconfigure.web.servlet.error.BasicErrorController.error(javax.servlet.http.HttpServletRequest)
2018-08-29 02:08:06.471 [main] INFO  o.s.w.s.m.m.a.RequestMappingHandlerMapping Line:547 ----------------> Mapped "{[/error],produces=[text/html]}" onto public org.springframework.web.servlet.ModelAndView org.springframework.boot.autoconfigure.web.servlet.error.BasicErrorController.errorHtml(javax.servlet.http.HttpServletRequest,javax.servlet.http.HttpServletResponse)
2018-08-29 02:08:06.808 [main] INFO  s.d.s.w.PropertySourcedRequestMappingHandlerMapping Line:69 ----------------> Mapped URL path [/v2/api-docs] onto method [public org.springframework.http.ResponseEntity<springfox.documentation.spring.web.json.Json> springfox.documentation.swagger2.web.Swagger2Controller.getDocumentation(java.lang.String,javax.servlet.http.HttpServletRequest)]
2018-08-29 02:08:07.267 [main] INFO  o.s.web.servlet.handler.SimpleUrlHandlerMapping Line:373 ----------------> Mapped URL path [/**/favicon.ico] onto handler of type [class org.springframework.web.servlet.resource.ResourceHttpRequestHandler]
2018-08-29 02:08:07.616 [main] INFO  o.s.w.s.m.m.a.RequestMappingHandlerAdapter Line:574 ----------------> Looking for @ControllerAdvice: org.springframework.web.context.support.GenericWebApplicationContext@680bddf5: startup date [Wed Aug 29 02:07:58 CST 2018]; root of context hierarchy
2018-08-29 02:08:07.709 [main] INFO  o.s.web.servlet.handler.SimpleUrlHandlerMapping Line:373 ----------------> Mapped URL path [/webjars/**] onto handler of type [class org.springframework.web.servlet.resource.ResourceHttpRequestHandler]
2018-08-29 02:08:07.710 [main] INFO  o.s.web.servlet.handler.SimpleUrlHandlerMapping Line:373 ----------------> Mapped URL path [/**] onto handler of type [class org.springframework.web.servlet.resource.ResourceHttpRequestHandler]
2018-08-29 02:08:09.137 [main] INFO  o.s.context.support.DefaultLifecycleProcessor Line:351 ----------------> Starting beans in phase 2147483647
2018-08-29 02:08:09.138 [main] INFO  s.d.s.web.plugins.DocumentationPluginsBootstrapper Line:160 ----------------> Context refreshed
2018-08-29 02:08:09.198 [main] INFO  s.d.s.web.plugins.DocumentationPluginsBootstrapper Line:163 ----------------> Found 1 custom documentation plugin(s)
2018-08-29 02:08:09.272 [main] INFO  s.d.spring.web.scanners.ApiListingReferenceScanner Line:41 ----------------> Scanning for api listing references
2018-08-29 02:08:09.340 [main] INFO  com.redis.TransactionDemoTest Line:59 ----------------> Started TransactionDemoTest in 13.148 seconds (JVM running for 16.275)
2018-08-29 02:08:09.605 [main] INFO  com.zaxxer.hikari.HikariDataSource Line:110 ----------------> mysqldatasource - Starting...
2018-08-29 02:08:10.127 [main] INFO  com.zaxxer.hikari.HikariDataSource Line:123 ----------------> mysqldatasource - Start completed.
2018-08-29 02:08:10.145 [main] INFO  TransactionDemo Line:81 ----------------> 执行　transaction1　.........
2018-08-29 02:08:10.320 [main] INFO  TransactionDemo Line:105 ----------------> The value of the key[name] is :init value
2018-08-29 02:08:10.321 [main] INFO  TransactionDemo Line:106 ----------------> transaction 执行完毕．．．．．．
2018-08-29 02:08:10.357 [Thread-2] INFO  o.s.w.context.support.GenericWebApplicationContext Line:993 ----------------> Closing org.springframework.web.context.support.GenericWebApplicationContext@680bddf5: startup date [Wed Aug 29 02:07:58 CST 2018]; root of context hierarchy
2018-08-29 02:08:10.363 [Thread-2] INFO  o.s.context.support.DefaultLifecycleProcessor Line:366 ----------------> Stopping beans in phase 2147483647
2018-08-29 02:08:10.431 [Thread-2] INFO  com.zaxxer.hikari.HikariDataSource Line:381 ----------------> mysqldatasource - Shutdown initiated...
2018-08-29 02:08:10.467 [Thread-2] INFO  com.zaxxer.hikari.HikariDataSource Line:383 ----------------> mysqldatasource - Shutdown completed.
2018-08-29 02:09:08.960 [main] INFO  com.redis.TransactionDemoTest Line:50 ----------------> Starting TransactionDemoTest on lgj-Lenovo-G470 with PID 29304 (started by lgj in /home/lgj/aProject/Redis/Redis)
2018-08-29 02:09:08.965 [main] INFO  com.redis.TransactionDemoTest Line:659 ----------------> No active profile set, falling back to default profiles: default
2018-08-29 02:09:09.062 [main] INFO  o.s.w.context.support.GenericWebApplicationContext Line:590 ----------------> Refreshing org.springframework.web.context.support.GenericWebApplicationContext@48d7ad8b: startup date [Wed Aug 29 02:09:09 CST 2018]; root of context hierarchy
2018-08-29 02:09:13.919 [main] WARN  org.mybatis.spring.mapper.ClassPathMapperScanner Line:166 ----------------> No MyBatis mapper was found in '[com]' package. Please check your configuration.
2018-08-29 02:09:14.012 [main] INFO  o.s.d.r.config.RepositoryConfigurationDelegate Line:163 ----------------> Multiple Spring Data modules found, entering strict repository configuration mode!
2018-08-29 02:09:15.894 [main] INFO  o.s.c.s.PostProcessorRegistrationDelegate$BeanPostProcessorChecker Line:328 ----------------> Bean 'org.springframework.transaction.annotation.ProxyTransactionManagementConfiguration' of type [org.springframework.transaction.annotation.ProxyTransactionManagementConfiguration$$EnhancerBySpringCGLIB$$7c9d313c] is not eligible for getting processed by all BeanPostProcessors (for example: not eligible for auto-proxying)
2018-08-29 02:09:17.962 [main] INFO  o.s.w.s.m.m.a.RequestMappingHandlerMapping Line:547 ----------------> Mapped "{[/swagger-resources/configuration/security]}" onto public org.springframework.http.ResponseEntity<springfox.documentation.swagger.web.SecurityConfiguration> springfox.documentation.swagger.web.ApiResourceController.securityConfiguration()
2018-08-29 02:09:17.966 [main] INFO  o.s.w.s.m.m.a.RequestMappingHandlerMapping Line:547 ----------------> Mapped "{[/swagger-resources]}" onto public org.springframework.http.ResponseEntity<java.util.List<springfox.documentation.swagger.web.SwaggerResource>> springfox.documentation.swagger.web.ApiResourceController.swaggerResources()
2018-08-29 02:09:17.967 [main] INFO  o.s.w.s.m.m.a.RequestMappingHandlerMapping Line:547 ----------------> Mapped "{[/swagger-resources/configuration/ui]}" onto public org.springframework.http.ResponseEntity<springfox.documentation.swagger.web.UiConfiguration> springfox.documentation.swagger.web.ApiResourceController.uiConfiguration()
2018-08-29 02:09:17.980 [main] INFO  o.s.w.s.m.m.a.RequestMappingHandlerMapping Line:547 ----------------> Mapped "{[/error]}" onto public org.springframework.http.ResponseEntity<java.util.Map<java.lang.String, java.lang.Object>> org.springframework.boot.autoconfigure.web.servlet.error.BasicErrorController.error(javax.servlet.http.HttpServletRequest)
2018-08-29 02:09:17.985 [main] INFO  o.s.w.s.m.m.a.RequestMappingHandlerMapping Line:547 ----------------> Mapped "{[/error],produces=[text/html]}" onto public org.springframework.web.servlet.ModelAndView org.springframework.boot.autoconfigure.web.servlet.error.BasicErrorController.errorHtml(javax.servlet.http.HttpServletRequest,javax.servlet.http.HttpServletResponse)
2018-08-29 02:09:18.387 [main] INFO  s.d.s.w.PropertySourcedRequestMappingHandlerMapping Line:69 ----------------> Mapped URL path [/v2/api-docs] onto method [public org.springframework.http.ResponseEntity<springfox.documentation.spring.web.json.Json> springfox.documentation.swagger2.web.Swagger2Controller.getDocumentation(java.lang.String,javax.servlet.http.HttpServletRequest)]
2018-08-29 02:09:18.806 [main] INFO  o.s.web.servlet.handler.SimpleUrlHandlerMapping Line:373 ----------------> Mapped URL path [/**/favicon.ico] onto handler of type [class org.springframework.web.servlet.resource.ResourceHttpRequestHandler]
2018-08-29 02:09:19.213 [main] INFO  o.s.w.s.m.m.a.RequestMappingHandlerAdapter Line:574 ----------------> Looking for @ControllerAdvice: org.springframework.web.context.support.GenericWebApplicationContext@48d7ad8b: startup date [Wed Aug 29 02:09:09 CST 2018]; root of context hierarchy
2018-08-29 02:09:19.332 [main] INFO  o.s.web.servlet.handler.SimpleUrlHandlerMapping Line:373 ----------------> Mapped URL path [/webjars/**] onto handler of type [class org.springframework.web.servlet.resource.ResourceHttpRequestHandler]
2018-08-29 02:09:19.333 [main] INFO  o.s.web.servlet.handler.SimpleUrlHandlerMapping Line:373 ----------------> Mapped URL path [/**] onto handler of type [class org.springframework.web.servlet.resource.ResourceHttpRequestHandler]
2018-08-29 02:09:20.786 [main] INFO  o.s.context.support.DefaultLifecycleProcessor Line:351 ----------------> Starting beans in phase 2147483647
2018-08-29 02:09:20.788 [main] INFO  s.d.s.web.plugins.DocumentationPluginsBootstrapper Line:160 ----------------> Context refreshed
2018-08-29 02:09:20.841 [main] INFO  s.d.s.web.plugins.DocumentationPluginsBootstrapper Line:163 ----------------> Found 1 custom documentation plugin(s)
2018-08-29 02:09:20.912 [main] INFO  s.d.spring.web.scanners.ApiListingReferenceScanner Line:41 ----------------> Scanning for api listing references
2018-08-29 02:09:20.978 [main] INFO  com.redis.TransactionDemoTest Line:59 ----------------> Started TransactionDemoTest in 14.328 seconds (JVM running for 17.672)
2018-08-29 02:09:21.239 [main] INFO  com.zaxxer.hikari.HikariDataSource Line:110 ----------------> mysqldatasource - Starting...
2018-08-29 02:09:21.992 [main] INFO  com.zaxxer.hikari.HikariDataSource Line:123 ----------------> mysqldatasource - Start completed.
2018-08-29 02:09:22.028 [main] INFO  TransactionDemo Line:81 ----------------> 执行　transaction1　.........
2018-08-29 02:09:22.354 [main] INFO  TransactionDemo Line:106 ----------------> The value of the key[name] is :init value
2018-08-29 02:09:22.355 [main] INFO  TransactionDemo Line:107 ----------------> transaction 执行完毕．．．．．．
2018-08-29 02:09:22.427 [Thread-2] INFO  o.s.w.context.support.GenericWebApplicationContext Line:993 ----------------> Closing org.springframework.web.context.support.GenericWebApplicationContext@48d7ad8b: startup date [Wed Aug 29 02:09:09 CST 2018]; root of context hierarchy
2018-08-29 02:09:22.434 [Thread-2] INFO  o.s.context.support.DefaultLifecycleProcessor Line:366 ----------------> Stopping beans in phase 2147483647
2018-08-29 02:09:22.452 [Thread-2] INFO  com.zaxxer.hikari.HikariDataSource Line:381 ----------------> mysqldatasource - Shutdown initiated...
2018-08-29 02:09:22.536 [Thread-2] INFO  com.zaxxer.hikari.HikariDataSource Line:383 ----------------> mysqldatasource - Shutdown completed.
