#
# There is insufficient memory for the Java Runtime Environment to continue.
# Native memory allocation (mmap) failed to map 165675008 bytes for committing reserved memory.
# Possible reasons:
#   The system is out of physical RAM or swap space
#   The process is running with CompressedOops enabled, and the Java Heap may be blocking the growth of the native heap
# Possible solutions:
#   Reduce memory load on the system
#   Increase physical memory or swap space
#   Check if swap backing store is full
#   Decrease Java heap size (-Xmx/-Xms)
#   Decrease number of Java threads
#   Decrease Java thread stack sizes (-Xss)
#   Set larger code cache with -XX:ReservedCodeCacheSize=
#   JVM is running with Unscaled Compressed Oops mode in which the Java heap is
#     placed in the first 4GB address space. The Java Heap base address is the
#     maximum limit for the native heap growth. Please use -XX:HeapBaseMinAddress
#     to set the Java Heap base and to place the Java Heap above 4GB virtual address.
# This output file may be truncated or incomplete.
#
#  Out of Memory Error (os_linux.cpp:2647), pid=31621, tid=31639
#
# JRE version: Java(TM) SE Runtime Environment (9.0+11) (build 9.0.1+11)
# Java VM: Java HotSpot(TM) 64-Bit Server VM (9.0.1+11, mixed mode, tiered, compressed oops, g1 gc, linux-amd64)
# Core dump will be written. Default location: Core dumps may be processed with "/usr/share/apport/apport %p %s %c %d %P" (or dumping to /home/lgj/aProject/SpringBootStudy/ch4/core.31621)
#

---------------  S U M M A R Y ------------

Command Line: -ea -Didea.test.cyclic.buffer.size=1048576 -javaagent:/home/lgj/Downloads/idea-IU-181.5281.24/lib/idea_rt.jar=44404:/home/lgj/Downloads/idea-IU-181.5281.24/bin -Dfile.encoding=UTF-8 com.intellij.rt.execution.junit.JUnitStarter -ideVersion5 -junit4 com.controller.MvcMethodParamControllerTest

Host: Intel(R) Core(TM) i5-2450M CPU @ 2.50GHz, 4 cores, 3G, Ubuntu 16.04.3 LTS
Time: Sat Jun 30 11:30:46 2018 CST elapsed time: 111 seconds (0d 0h 1m 51s)

---------------  T H R E A D  ---------------

Current thread (0x00007f854c134000):  VMThread "VM Thread" [stack: 0x00007f8550334000,0x00007f8550434000] [id=31639]

Stack: [0x00007f8550334000,0x00007f8550434000],  sp=0x00007f8550432070,  free space=1016k
Native frames: (J=compiled Java code, A=aot compiled Java code, j=interpreted, Vv=VM code, C=native code)
V  [libjvm.so+0xd4c1e2]  VMError::report_and_die(int, char const*, char const*, __va_list_tag*, Thread*, unsigned char*, void*, void*, char const*, int, unsigned long)+0x162
V  [libjvm.so+0xd4ce4b]  VMError::report_and_die(Thread*, char const*, int, unsigned long, VMErrorType, char const*, __va_list_tag*)+0x2b
V  [libjvm.so+0x6548f8]  report_vm_out_of_memory(char const*, int, unsigned long, VMErrorType, char const*, ...)+0xd8
V  [libjvm.so+0xb67f21]  os::pd_commit_memory_or_exit(char*, unsigned long, unsigned long, bool, char const*)+0x101
V  [libjvm.so+0xb625ad]  os::commit_memory_or_exit(char*, unsigned long, unsigned long, bool, char const*)+0x1d
V  [libjvm.so+0x7632a2]  G1PageBasedVirtualSpace::commit_preferred_pages(unsigned long, unsigned long)+0x62
V  [libjvm.so+0x7635be]  G1PageBasedVirtualSpace::commit(unsigned long, unsigned long)+0x11e
V  [libjvm.so+0x766523]  G1RegionsLargerThanCommitSizeMapper::commit_regions(unsigned int, unsigned long, WorkGang*)+0x43
V  [libjvm.so+0x7f741c]  HeapRegionManager::commit_regions(unsigned int, unsigned long, WorkGang*)+0x7c
V  [libjvm.so+0x7f7fe4]  HeapRegionManager::make_regions_available(unsigned int, unsigned int, WorkGang*)+0x34
V  [libjvm.so+0x7f8501]  HeapRegionManager::expand_by(unsigned int, WorkGang*)+0x71
V  [libjvm.so+0x729897]  G1CollectedHeap::expand(unsigned long, WorkGang*, double*)+0xd7
V  [libjvm.so+0x7307da]  G1CollectedHeap::do_collection_pause_at_safepoint(double)+0x104a
V  [libjvm.so+0xd5dfe2]  VM_G1IncCollectionPause::doit()+0x82
V  [libjvm.so+0xd5d019]  VM_Operation::evaluate()+0x59
V  [libjvm.so+0xd5ad63]  VMThread::evaluate_operation(VM_Operation*)+0xc3
V  [libjvm.so+0xd5b2d0]  VMThread::loop()+0x210
V  [libjvm.so+0xd5b7e2]  VMThread::run()+0x72
V  [libjvm.so+0xb6de12]  thread_native_entry(Thread*)+0xf2

VM_Operation (0x00007f8555a8c160): G1IncCollectionPause, mode: safepoint, requested by thread 0x00007f854c014800


---------------  P R O C E S S  ---------------

Java Threads: ( => current thread )
  0x00007f854cc04000 JavaThread "Abandoned connection cleanup thread" daemon [_thread_blocked, id=31665, stack(0x00007f84d3aff000,0x00007f84d3c00000)]
  0x00007f854c270800 JavaThread "Service Thread" daemon [_thread_blocked, id=31649, stack(0x00007f8508512000,0x00007f8508613000)]
  0x00007f854c1f4800 JavaThread "Monitor Ctrl-Break" daemon [_thread_in_native, id=31648, stack(0x00007f8508613000,0x00007f8508714000)]
  0x00007f854c1cd800 JavaThread "Common-Cleaner" daemon [_thread_blocked, id=31647, stack(0x00007f8508714000,0x00007f8508815000)]
  0x00007f854c169000 JavaThread "Sweeper thread" daemon [_thread_blocked, id=31646, stack(0x00007f8530001000,0x00007f8530102000)]
  0x00007f854c167000 JavaThread "C1 CompilerThread2" daemon [_thread_blocked, id=31645, stack(0x00007f8530102000,0x00007f8530203000)]
  0x00007f854c165000 JavaThread "C2 CompilerThread1" daemon [_thread_blocked, id=31644, stack(0x00007f8530203000,0x00007f8530304000)]
  0x00007f854c163000 JavaThread "C2 CompilerThread0" daemon [_thread_blocked, id=31643, stack(0x00007f8530304000,0x00007f8530405000)]
  0x00007f854c161000 JavaThread "Signal Dispatcher" daemon [_thread_blocked, id=31642, stack(0x00007f8550030000,0x00007f8550131000)]
  0x00007f854c146000 JavaThread "Finalizer" daemon [_thread_blocked, id=31641, stack(0x00007f8550131000,0x00007f8550232000)]
  0x00007f854c13e000 JavaThread "Reference Handler" daemon [_thread_blocked, id=31640, stack(0x00007f8550232000,0x00007f8550333000)]
  0x00007f854c014800 JavaThread "main" [_thread_blocked, id=31624, stack(0x00007f8555993000,0x00007f8555a93000)]

Other Threads:
=>0x00007f854c134000 VMThread "VM Thread" [stack: 0x00007f8550334000,0x00007f8550434000] [id=31639]
  0x00007f854c273000 WatcherThread [stack: 0x00007f8508412000,0x00007f8508512000] [id=31650]
  0x00007f854c02c000 GCTaskThread "GC Thread#0" [stack: 0x00007f8551e59000,0x00007f8551f59000] [id=31627]
  0x00007f854c02d800 GCTaskThread "GC Thread#1" [stack: 0x00007f8551d58000,0x00007f8551e58000] [id=31628]
  0x00007f854c02f000 GCTaskThread "GC Thread#2" [stack: 0x00007f8551c57000,0x00007f8551d57000] [id=31629]
  0x00007f854c031000 GCTaskThread "GC Thread#3" [stack: 0x00007f8551b56000,0x00007f8551c56000] [id=31630]
  0x00007f854c06f800 ConcurrentGCThread "G1 Main Marker" [stack: 0x00007f85509b0000,0x00007f8550ab0000] [id=31637]
  0x00007f854c071800 ConcurrentGCThread "G1 Marker#0" [stack: 0x00007f85508af000,0x00007f85509af000] [id=31638]
  0x00007f854c038800 ConcurrentGCThread "G1 Refine#0" [stack: 0x00007f855134e000,0x00007f855144e000] [id=31635]
  0x00007f854c036800 ConcurrentGCThread "G1 Refine#1" [stack: 0x00007f855144f000,0x00007f855154f000] [id=31634]
  0x00007f854c034800 ConcurrentGCThread "G1 Refine#2" [stack: 0x00007f8551550000,0x00007f8551650000] [id=31633]
  0x00007f854c033000 ConcurrentGCThread "G1 Refine#3" [stack: 0x00007f8551651000,0x00007f8551751000] [id=31632]
  0x00007f854c03a000 ConcurrentGCThread "G1 Young RemSet Sampling" [stack: 0x00007f855124d000,0x00007f855134d000] [id=31636]

Threads with active compile tasks:

VM state:at safepoint (normal execution)

VM Mutex/Monitor currently owned by a thread:  ([mutex/lock_event])
[0x00007f854c010f90] Threads_lock - owner thread: 0x00007f854c134000
[0x00007f854c011530] Heap_lock - owner thread: 0x00007f854c014800

Heap address: 0x00000000c3200000, size: 974 MB, Compressed Oops mode: 32-bit
Narrow klass base: 0x0000000000000000, Narrow klass shift: 3
Compressed class space size: 1073741824 Address: 0x0000000100000000

Heap:
 garbage-first heap   total 352256K, used 30042K [0x00000000c3200000, 0x00000000c3300ac0, 0x0000000100000000)
  region size 1024K, 2 young (2048K), 2 survivors (2048K)
 Metaspace       used 41303K, capacity 43516K, committed 43696K, reserved 1087488K
  class space    used 4824K, capacity 5182K, committed 5296K, reserved 1048576K
Heap Regions: E=young(eden), S=young(survivor), O=old, HS=humongous(starts), HC=humongous(continues), CS=collection set, F=free, A=archive, TS=gc time stamp, AC=allocation context, TAMS=top-at-mark-start (previous, next)
|   0|0x00000000c3200000, 0x00000000c3300000, 0x00000000c3300000|100%| O|  |TS  0|AC  0|TAMS 0x00000000c3300000, 0x00000000c3300000|
|   1|0x00000000c3300000, 0x00000000c3400000, 0x00000000c3400000|100%| O|  |TS  0|AC  0|TAMS 0x00000000c3400000, 0x00000000c3400000|
|   2|0x00000000c3400000, 0x00000000c3500000, 0x00000000c3500000|100%| O|  |TS  0|AC  0|TAMS 0x00000000c3500000, 0x00000000c3500000|
|   3|0x00000000c3500000, 0x00000000c3600000, 0x00000000c3600000|100%| O|  |TS  0|AC  0|TAMS 0x00000000c3600000, 0x00000000c3600000|
|   4|0x00000000c3600000, 0x00000000c3700000, 0x00000000c3700000|100%| O|  |TS  0|AC  0|TAMS 0x00000000c3700000, 0x00000000c3700000|
|   5|0x00000000c3700000, 0x00000000c3800000, 0x00000000c3800000|100%| O|  |TS  0|AC  0|TAMS 0x00000000c3800000, 0x00000000c3800000|
|   6|0x00000000c3800000, 0x00000000c3900000, 0x00000000c3900000|100%| O|  |TS  0|AC  0|TAMS 0x00000000c3900000, 0x00000000c3900000|
|   7|0x00000000c3900000, 0x00000000c3a00000, 0x00000000c3a00000|100%| O|  |TS  0|AC  0|TAMS 0x00000000c3a00000, 0x00000000c3a00000|
|   8|0x00000000c3a00000, 0x00000000c3b00000, 0x00000000c3b00000|100%| O|  |TS  3|AC  0|TAMS 0x00000000c3a00000, 0x00000000c3a00000|
|   9|0x00000000c3b00000, 0x00000000c3c00000, 0x00000000c3c00000|100%| O|  |TS  3|AC  0|TAMS 0x00000000c3b00000, 0x00000000c3b00000|
|  10|0x00000000c3c00000, 0x00000000c3d00000, 0x00000000c3d00000|100%| O|  |TS  3|AC  0|TAMS 0x00000000c3c00000, 0x00000000c3c00000|
|  11|0x00000000c3d00000, 0x00000000c3e00000, 0x00000000c3e00000|100%| O|  |TS  3|AC  0|TAMS 0x00000000c3d00000, 0x00000000c3d00000|
|  12|0x00000000c3e00000, 0x00000000c3f00000, 0x00000000c3f00000|100%| O|  |TS  3|AC  0|TAMS 0x00000000c3e00000, 0x00000000c3e00000|
|  13|0x00000000c3f00000, 0x00000000c4000000, 0x00000000c4000000|100%| O|  |TS  3|AC  0|TAMS 0x00000000c3f00000, 0x00000000c3f00000|
|  14|0x00000000c4000000, 0x00000000c4100000, 0x00000000c4100000|100%| O|  |TS 13|AC  0|TAMS 0x00000000c4000000, 0x00000000c4000000|
|  15|0x00000000c4100000, 0x00000000c4109e00, 0x00000000c4200000|  3%| O|  |TS 15|AC  0|TAMS 0x00000000c4100000, 0x00000000c4100000|
|  16|0x00000000c4200000, 0x00000000c4200000, 0x00000000c4300000|  0%| F|  |TS  0|AC  0|TAMS 0x00000000c4200000, 0x00000000c4200000|
|  17|0x00000000c4300000, 0x00000000c4300000, 0x00000000c4400000|  0%| F|  |TS  0|AC  0|TAMS 0x00000000c4300000, 0x00000000c4300000|
|  18|0x00000000c4400000, 0x00000000c4500000, 0x00000000c4500000|100%| O|  |TS  0|AC  0|TAMS 0x00000000c4500000, 0x00000000c4500000|
|  19|0x00000000c4500000, 0x00000000c4600000, 0x00000000c4600000|100%| O|  |TS  0|AC  0|TAMS 0x00000000c4600000, 0x00000000c4600000|
|  20|0x00000000c4600000, 0x00000000c4700000, 0x00000000c4700000|100%| O|  |TS  0|AC  0|TAMS 0x00000000c4700000, 0x00000000c4700000|
|  21|0x00000000c4700000, 0x00000000c4800000, 0x00000000c4800000|100%| O|  |TS  0|AC  0|TAMS 0x00000000c4800000, 0x00000000c4800000|
|  22|0x00000000c4800000, 0x00000000c4900000, 0x00000000c4900000|100%| O|  |TS  0|AC  0|TAMS 0x00000000c4900000, 0x00000000c4900000|
|  23|0x00000000c4900000, 0x00000000c4a00000, 0x00000000c4a00000|100%| O|  |TS  0|AC  0|TAMS 0x00000000c4a00000, 0x00000000c4a00000|
|  24|0x00000000c4a00000, 0x00000000c4b00000, 0x00000000c4b00000|100%| O|  |TS  0|AC  0|TAMS 0x00000000c4b00000, 0x00000000c4b00000|
|  25|0x00000000c4b00000, 0x00000000c4c00000, 0x00000000c4c00000|100%| O|  |TS  0|AC  0|TAMS 0x00000000c4c00000, 0x00000000c4c00000|
|  26|0x00000000c4c00000, 0x00000000c4d00000, 0x00000000c4d00000|100%| O|  |TS  0|AC  0|TAMS 0x00000000c4d00000, 0x00000000c4d00000|
|  27|0x00000000c4d00000, 0x00000000c4e00000, 0x00000000c4e00000|100%| O|  |TS  0|AC  0|TAMS 0x00000000c4e00000, 0x00000000c4e00000|
|  28|0x00000000c4e00000, 0x00000000c4f00000, 0x00000000c4f00000|100%| O|  |TS  0|AC  0|TAMS 0x00000000c4f00000, 0x00000000c4f00000|
|  29|0x00000000c4f00000, 0x00000000c5000000, 0x00000000c5000000|100%| O|  |TS  0|AC  0|TAMS 0x00000000c5000000, 0x00000000c5000000|
|  30|0x00000000c5000000, 0x00000000c5100000, 0x00000000c5100000|100%| O|  |TS  3|AC  0|TAMS 0x00000000c50afc00, 0x00000000c50afc00|
|  31|0x00000000c5100000, 0x00000000c5100000, 0x00000000c5200000|  0%| F|  |TS  0|AC  0|TAMS 0x00000000c5100000, 0x00000000c5100000|
|  32|0x00000000c5200000, 0x00000000c5200000, 0x00000000c5300000|  0%| F|  |TS  0|AC  0|TAMS 0x00000000c5200000, 0x00000000c5200000|
|  33|0x00000000c5300000, 0x00000000c5300000, 0x00000000c5400000|  0%| F|  |TS  0|AC  0|TAMS 0x00000000c5300000, 0x00000000c5300000|
|  34|0x00000000c5400000, 0x00000000c5400000, 0x00000000c5500000|  0%| F|  |TS  0|AC  0|TAMS 0x00000000c5400000, 0x00000000c5400000|
|  35|0x00000000c5500000, 0x00000000c5500000, 0x00000000c5600000|  0%| F|  |TS  0|AC  0|TAMS 0x00000000c5500000, 0x00000000c5500000|
|  36|0x00000000c5600000, 0x00000000c5600000, 0x00000000c5700000|  0%| F|  |TS  0|AC  0|TAMS 0x00000000c5600000, 0x00000000c5600000|
|  37|0x00000000c5700000, 0x00000000c5700000, 0x00000000c5800000|  0%| F|  |TS  0|AC  0|TAMS 0x00000000c5700000, 0x00000000c5700000|
|  38|0x00000000c5800000, 0x00000000c5800000, 0x00000000c5900000|  0%| F|  |TS  0|AC  0|TAMS 0x00000000c5800000, 0x00000000c5800000|
|  39|0x00000000c5900000, 0x00000000c5900000, 0x00000000c5a00000|  0%| F|  |TS  0|AC  0|TAMS 0x00000000c5900000, 0x00000000c5900000|
|  40|0x00000000c5a00000, 0x00000000c5a00000, 0x00000000c5b00000|  0%| F|  |TS  0|AC  0|TAMS 0x00000000c5a00000, 0x00000000c5a00000|
|  41|0x00000000c5b00000, 0x00000000c5b00000, 0x00000000c5c00000|  0%| F|  |TS  0|AC  0|TAMS 0x00000000c5b00000, 0x00000000c5b00000|
|  42|0x00000000c5c00000, 0x00000000c5c00000, 0x00000000c5d00000|  0%| F|  |TS  0|AC  0|TAMS 0x00000000c5c00000, 0x00000000c5c00000|
|  43|0x00000000c5d00000, 0x00000000c5d00000, 0x00000000c5e00000|  0%| F|  |TS  0|AC  0|TAMS 0x00000000c5d00000, 0x00000000c5d00000|
|  44|0x00000000c5e00000, 0x00000000c5e00000, 0x00000000c5f00000|  0%| F|  |TS  0|AC  0|TAMS 0x00000000c5e00000, 0x00000000c5e00000|
|  45|0x00000000c5f00000, 0x00000000c5f00000, 0x00000000c6000000|  0%| F|  |TS  0|AC  0|TAMS 0x00000000c5f00000, 0x00000000c5f00000|
|  46|0x00000000c6000000, 0x00000000c6000000, 0x00000000c6100000|  0%| F|  |TS  0|AC  0|TAMS 0x00000000c6000000, 0x00000000c6000000|
|  47|0x00000000c6100000, 0x00000000c6100000, 0x00000000c6200000|  0%| F|  |TS  0|AC  0|TAMS 0x00000000c6100000, 0x00000000c6100000|
|  48|0x00000000c6200000, 0x00000000c6200000, 0x00000000c6300000|  0%| F|  |TS  0|AC  0|TAMS 0x00000000c6200000, 0x00000000c6200000|
|  49|0x00000000c6300000, 0x00000000c6300000, 0x00000000c6400000|  0%| F|  |TS  0|AC  0|TAMS 0x00000000c6300000, 0x00000000c6300000|
|  50|0x00000000c6400000, 0x00000000c6400000, 0x00000000c6500000|  0%| F|  |TS  0|AC  0|TAMS 0x00000000c6400000, 0x00000000c6400000|
|  51|0x00000000c6500000, 0x00000000c6500000, 0x00000000c6600000|  0%| F|  |TS  0|AC  0|TAMS 0x00000000c6500000, 0x00000000c6500000|
|  52|0x00000000c6600000, 0x00000000c6600000, 0x00000000c6700000|  0%| F|  |TS  0|AC  0|TAMS 0x00000000c6600000, 0x00000000c6600000|
|  53|0x00000000c6700000, 0x00000000c6700000, 0x00000000c6800000|  0%| F|  |TS  0|AC  0|TAMS 0x00000000c6700000, 0x00000000c6700000|
|  54|0x00000000c6800000, 0x00000000c6800000, 0x00000000c6900000|  0%| F|  |TS  0|AC  0|TAMS 0x00000000c6800000, 0x00000000c6800000|
|  55|0x00000000c6900000, 0x00000000c6900000, 0x00000000c6a00000|  0%| F|  |TS  0|AC  0|TAMS 0x00000000c6900000, 0x00000000c6900000|
|  56|0x00000000c6a00000, 0x00000000c6a00000, 0x00000000c6b00000|  0%| F|  |TS  0|AC  0|TAMS 0x00000000c6a00000, 0x00000000c6a00000|
|  57|0x00000000c6b00000, 0x00000000c6b00000, 0x00000000c6c00000|  0%| F|  |TS  0|AC  0|TAMS 0x00000000c6b00000, 0x00000000c6b00000|
|  58|0x00000000c6c00000, 0x00000000c6c00000, 0x00000000c6d00000|  0%| F|  |TS  0|AC  0|TAMS 0x00000000c6c00000, 0x00000000c6c00000|
|  59|0x00000000c6d00000, 0x00000000c6d00000, 0x00000000c6e00000|  0%| F|  |TS  0|AC  0|TAMS 0x00000000c6d00000, 0x00000000c6d00000|
|  60|0x00000000c6e00000, 0x00000000c6e00000, 0x00000000c6f00000|  0%| F|  |TS  0|AC  0|TAMS 0x00000000c6e00000, 0x00000000c6e00000|
|  61|0x00000000c6f00000, 0x00000000c6f00000, 0x00000000c7000000|  0%| F|  |TS  0|AC  0|TAMS 0x00000000c6f00000, 0x00000000c6f00000|
|  62|0x00000000c7000000, 0x00000000c7000000, 0x00000000c7100000|  0%| F|  |TS  0|AC  0|TAMS 0x00000000c7000000, 0x00000000c7000000|
|  63|0x00000000c7100000, 0x00000000c7100000, 0x00000000c7200000|  0%| F|  |TS  0|AC  0|TAMS 0x00000000c7100000, 0x00000000c7100000|
|  64|0x00000000c7200000, 0x00000000c7200000, 0x00000000c7300000|  0%| F|  |TS  0|AC  0|TAMS 0x00000000c7200000, 0x00000000c7200000|
|  65|0x00000000c7300000, 0x00000000c7300000, 0x00000000c7400000|  0%| F|  |TS  0|AC  0|TAMS 0x00000000c7300000, 0x00000000c7300000|
|  66|0x00000000c7400000, 0x00000000c7400000, 0x00000000c7500000|  0%| F|  |TS  0|AC  0|TAMS 0x00000000c7400000, 0x00000000c7400000|
|  67|0x00000000c7500000, 0x00000000c7500000, 0x00000000c7600000|  0%| F|  |TS  0|AC  0|TAMS 0x00000000c7500000, 0x00000000c7500000|
|  68|0x00000000c7600000, 0x00000000c7600000, 0x00000000c7700000|  0%| F|  |TS  0|AC  0|TAMS 0x00000000c7600000, 0x00000000c7600000|
|  69|0x00000000c7700000, 0x00000000c7700000, 0x00000000c7800000|  0%| F|  |TS  0|AC  0|TAMS 0x00000000c7700000, 0x00000000c7700000|
|  70|0x00000000c7800000, 0x00000000c7800000, 0x00000000c7900000|  0%| F|  |TS  0|AC  0|TAMS 0x00000000c7800000, 0x00000000c7800000|
|  71|0x00000000c7900000, 0x00000000c7900000, 0x00000000c7a00000|  0%| F|  |TS  0|AC  0|TAMS 0x00000000c7900000, 0x00000000c7900000|
|  72|0x00000000c7a00000, 0x00000000c7a00000, 0x00000000c7b00000|  0%| F|  |TS  0|AC  0|TAMS 0x00000000c7a00000, 0x00000000c7a00000|
|  73|0x00000000c7b00000, 0x00000000c7b00000, 0x00000000c7c00000|  0%| F|  |TS  0|AC  0|TAMS 0x00000000c7b00000, 0x00000000c7b00000|
|  74|0x00000000c7c00000, 0x00000000c7c00000, 0x00000000c7d00000|  0%| F|  |TS  0|AC  0|TAMS 0x00000000c7c00000, 0x00000000c7c00000|
|  75|0x00000000c7d00000, 0x00000000c7d00000, 0x00000000c7e00000|  0%| F|  |TS  0|AC  0|TAMS 0x00000000c7d00000, 0x00000000c7d00000|
|  76|0x00000000c7e00000, 0x00000000c7e00000, 0x00000000c7f00000|  0%| F|  |TS  0|AC  0|TAMS 0x00000000c7e00000, 0x00000000c7e00000|
|  77|0x00000000c7f00000, 0x00000000c7f00000, 0x00000000c8000000|  0%| F|  |TS  0|AC  0|TAMS 0x00000000c7f00000, 0x00000000c7f00000|
|  78|0x00000000c8000000, 0x00000000c8000000, 0x00000000c8100000|  0%| F|  |TS  0|AC  0|TAMS 0x00000000c8000000, 0x00000000c8000000|
|  79|0x00000000c8100000, 0x00000000c8100000, 0x00000000c8200000|  0%| F|  |TS  3|AC  0|TAMS 0x00000000c8100000, 0x00000000c8100000|
|  80|0x00000000c8200000, 0x00000000c8200000, 0x00000000c8300000|  0%| F|  |TS  3|AC  0|TAMS 0x00000000c8200000, 0x00000000c8200000|
|  81|0x00000000c8300000, 0x00000000c8300000, 0x00000000c8400000|  0%| F|  |TS  3|AC  0|TAMS 0x00000000c8300000, 0x00000000c8300000|
|  82|0x00000000c8400000, 0x00000000c8400000, 0x00000000c8500000|  0%| F|  |TS  3|AC  0|TAMS 0x00000000c8400000, 0x00000000c8400000|
|  83|0x00000000c8500000, 0x00000000c8500000, 0x00000000c8600000|  0%| F|  |TS  3|AC  0|TAMS 0x00000000c8500000, 0x00000000c8500000|
|  84|0x00000000c8600000, 0x00000000c8600000, 0x00000000c8700000|  0%| F|  |TS  3|AC  0|TAMS 0x00000000c8600000, 0x00000000c8600000|
|  85|0x00000000c8700000, 0x00000000c8700000, 0x00000000c8800000|  0%| F|  |TS  3|AC  0|TAMS 0x00000000c8700000, 0x00000000c8700000|
|  86|0x00000000c8800000, 0x00000000c8800000, 0x00000000c8900000|  0%| F|  |TS  3|AC  0|TAMS 0x00000000c8800000, 0x00000000c8800000|
|  87|0x00000000c8900000, 0x00000000c8900000, 0x00000000c8a00000|  0%| F|  |TS  3|AC  0|TAMS 0x00000000c8900000, 0x00000000c8900000|
|  88|0x00000000c8a00000, 0x00000000c8a00000, 0x00000000c8b00000|  0%| F|  |TS  3|AC  0|TAMS 0x00000000c8a00000, 0x00000000c8a00000|
|  89|0x00000000c8b00000, 0x00000000c8b00000, 0x00000000c8c00000|  0%| F|  |TS  1|AC  0|TAMS 0x00000000c8b00000, 0x00000000c8b00000|
|  90|0x00000000c8c00000, 0x00000000c8c00000, 0x00000000c8d00000|  0%| F|  |TS  1|AC  0|TAMS 0x00000000c8c00000, 0x00000000c8c00000|
|  91|0x00000000c8d00000, 0x00000000c8d00000, 0x00000000c8e00000|  0%| F|  |TS  1|AC  0|TAMS 0x00000000c8d00000, 0x00000000c8d00000|
|  92|0x00000000c8e00000, 0x00000000c8e00000, 0x00000000c8f00000|  0%| F|  |TS  1|AC  0|TAMS 0x00000000c8e00000, 0x00000000c8e00000|
|  93|0x00000000c8f00000, 0x00000000c8f00000, 0x00000000c9000000|  0%| F|  |TS  1|AC  0|TAMS 0x00000000c8f00000, 0x00000000c8f00000|
|  94|0x00000000c9000000, 0x00000000c9000000, 0x00000000c9100000|  0%| F|  |TS  1|AC  0|TAMS 0x00000000c9000000, 0x00000000c9000000|
|  95|0x00000000c9100000, 0x00000000c9100000, 0x00000000c9200000|  0%| F|  |TS  1|AC  0|TAMS 0x00000000c9100000, 0x00000000c9100000|
|  96|0x00000000c9200000, 0x00000000c9200000, 0x00000000c9300000|  0%| F|  |TS  1|AC  0|TAMS 0x00000000c9200000, 0x00000000c9200000|
|  97|0x00000000c9300000, 0x00000000c9300000, 0x00000000c9400000|  0%| F|  |TS  1|AC  0|TAMS 0x00000000c9300000, 0x00000000c9300000|
|  98|0x00000000c9400000, 0x00000000c9400000, 0x00000000c9500000|  0%| F|  |TS  1|AC  0|TAMS 0x00000000c9400000, 0x00000000c9400000|
|  99|0x00000000c9500000, 0x00000000c9500000, 0x00000000c9600000|  0%| F|  |TS  1|AC  0|TAMS 0x00000000c9500000, 0x00000000c9500000|
| 100|0x00000000c9600000, 0x00000000c9600000, 0x00000000c9700000|  0%| F|  |TS  1|AC  0|TAMS 0x00000000c9600000, 0x00000000c9600000|
| 101|0x00000000c9700000, 0x00000000c9700000, 0x00000000c9800000|  0%| F|  |TS  1|AC  0|TAMS 0x00000000c9700000, 0x00000000c9700000|
| 102|0x00000000c9800000, 0x00000000c9800000, 0x00000000c9900000|  0%| F|  |TS  1|AC  0|TAMS 0x00000000c9800000, 0x00000000c9800000|
| 103|0x00000000c9900000, 0x00000000c9900000, 0x00000000c9a00000|  0%| F|  |TS  1|AC  0|TAMS 0x00000000c9900000, 0x00000000c9900000|
| 104|0x00000000c9a00000, 0x00000000c9a00000, 0x00000000c9b00000|  0%| F|  |TS  1|AC  0|TAMS 0x00000000c9a00000, 0x00000000c9a00000|
| 105|0x00000000c9b00000, 0x00000000c9b00000, 0x00000000c9c00000|  0%| F|  |TS  1|AC  0|TAMS 0x00000000c9b00000, 0x00000000c9b00000|
| 106|0x00000000c9c00000, 0x00000000c9c00000, 0x00000000c9d00000|  0%| F|  |TS  1|AC  0|TAMS 0x00000000c9c00000, 0x00000000c9c00000|
| 107|0x00000000c9d00000, 0x00000000c9d00000, 0x00000000c9e00000|  0%| F|  |TS  1|AC  0|TAMS 0x00000000c9d00000, 0x00000000c9d00000|
| 108|0x00000000c9e00000, 0x00000000c9e00000, 0x00000000c9f00000|  0%| F|  |TS  1|AC  0|TAMS 0x00000000c9e00000, 0x00000000c9e00000|
| 109|0x00000000c9f00000, 0x00000000c9f00000, 0x00000000ca000000|  0%| F|  |TS  1|AC  0|TAMS 0x00000000c9f00000, 0x00000000c9f00000|
| 110|0x00000000ca000000, 0x00000000ca000000, 0x00000000ca100000|  0%| F|  |TS  1|AC  0|TAMS 0x00000000ca000000, 0x00000000ca000000|
| 111|0x00000000ca100000, 0x00000000ca100000, 0x00000000ca200000|  0%| F|  |TS  1|AC  0|TAMS 0x00000000ca100000, 0x00000000ca100000|
| 112|0x00000000ca200000, 0x00000000ca200000, 0x00000000ca300000|  0%| F|  |TS  1|AC  0|TAMS 0x00000000ca200000, 0x00000000ca200000|
| 113|0x00000000ca300000, 0x00000000ca300000, 0x00000000ca400000|  0%| F|  |TS  1|AC  0|TAMS 0x00000000ca300000, 0x00000000ca300000|
| 114|0x00000000ca400000, 0x00000000ca400000, 0x00000000ca500000|  0%| F|  |TS  1|AC  0|TAMS 0x00000000ca400000, 0x00000000ca400000|
| 115|0x00000000ca500000, 0x00000000ca500000, 0x00000000ca600000|  0%| F|  |TS  1|AC  0|TAMS 0x00000000ca500000, 0x00000000ca500000|
| 116|0x00000000ca600000, 0x00000000ca600000, 0x00000000ca700000|  0%| F|  |TS  1|AC  0|TAMS 0x00000000ca600000, 0x00000000ca600000|
| 117|0x00000000ca700000, 0x00000000ca700000, 0x00000000ca800000|  0%| F|  |TS  1|AC  0|TAMS 0x00000000ca700000, 0x00000000ca700000|
| 118|0x00000000ca800000, 0x00000000ca800000, 0x00000000ca900000|  0%| F|  |TS  1|AC  0|TAMS 0x00000000ca800000, 0x00000000ca800000|
| 119|0x00000000ca900000, 0x00000000ca900000, 0x00000000caa00000|  0%| F|  |TS  1|AC  0|TAMS 0x00000000ca900000, 0x00000000ca900000|
| 120|0x00000000caa00000, 0x00000000caa00000, 0x00000000cab00000|  0%| F|  |TS  1|AC  0|TAMS 0x00000000caa00000, 0x00000000caa00000|
| 121|0x00000000cab00000, 0x00000000cab00000, 0x00000000cac00000|  0%| F|  |TS  1|AC  0|TAMS 0x00000000cab00000, 0x00000000cab00000|
| 122|0x00000000cac00000, 0x00000000cac00000, 0x00000000cad00000|  0%| F|  |TS  1|AC  0|TAMS 0x00000000cac00000, 0x00000000cac00000|
| 123|0x00000000cad00000, 0x00000000cad00000, 0x00000000cae00000|  0%| F|  |TS  1|AC  0|TAMS 0x00000000cad00000, 0x00000000cad00000|
| 124|0x00000000cae00000, 0x00000000cae00000, 0x00000000caf00000|  0%| F|  |TS  1|AC  0|TAMS 0x00000000cae00000, 0x00000000cae00000|
| 125|0x00000000caf00000, 0x00000000caf00000, 0x00000000cb000000|  0%| F|  |TS  1|AC  0|TAMS 0x00000000caf00000, 0x00000000caf00000|
| 126|0x00000000cb000000, 0x00000000cb000000, 0x00000000cb100000|  0%| F|  |TS  1|AC  0|TAMS 0x00000000cb000000, 0x00000000cb000000|
| 127|0x00000000cb100000, 0x00000000cb100000, 0x00000000cb200000|  0%| F|  |TS  1|AC  0|TAMS 0x00000000cb100000, 0x00000000cb100000|
| 128|0x00000000cb200000, 0x00000000cb200000, 0x00000000cb300000|  0%| F|  |TS  1|AC  0|TAMS 0x00000000cb200000, 0x00000000cb200000|
| 129|0x00000000cb300000, 0x00000000cb300000, 0x00000000cb400000|  0%| F|  |TS  1|AC  0|TAMS 0x00000000cb300000, 0x00000000cb300000|
| 130|0x00000000cb400000, 0x00000000cb400000, 0x00000000cb500000|  0%| F|  |TS  1|AC  0|TAMS 0x00000000cb400000, 0x00000000cb400000|
| 131|0x00000000cb500000, 0x00000000cb500000, 0x00000000cb600000|  0%| F|  |TS  1|AC  0|TAMS 0x00000000cb500000, 0x00000000cb500000|
| 132|0x00000000cb600000, 0x00000000cb600000, 0x00000000cb700000|  0%| F|  |TS  1|AC  0|TAMS 0x00000000cb600000, 0x00000000cb600000|
| 133|0x00000000cb700000, 0x00000000cb700000, 0x00000000cb800000|  0%| F|  |TS  1|AC  0|TAMS 0x00000000cb700000, 0x00000000cb700000|
| 134|0x00000000cb800000, 0x00000000cb800000, 0x00000000cb900000|  0%| F|  |TS  1|AC  0|TAMS 0x00000000cb800000, 0x00000000cb800000|
| 135|0x00000000cb900000, 0x00000000cb900000, 0x00000000cba00000|  0%| F|  |TS  1|AC  0|TAMS 0x00000000cb900000, 0x00000000cb900000|
| 136|0x00000000cba00000, 0x00000000cba00000, 0x00000000cbb00000|  0%| F|  |TS  1|AC  0|TAMS 0x00000000cba00000, 0x00000000cba00000|
| 137|0x00000000cbb00000, 0x00000000cbb00000, 0x00000000cbc00000|  0%| F|  |TS  1|AC  0|TAMS 0x00000000cbb00000, 0x00000000cbb00000|
| 138|0x00000000cbc00000, 0x00000000cbc00000, 0x00000000cbd00000|  0%| F|  |TS  1|AC  0|TAMS 0x00000000cbc00000, 0x00000000cbc00000|
| 139|0x00000000cbd00000, 0x00000000cbd00000, 0x00000000cbe00000|  0%| F|  |TS  1|AC  0|TAMS 0x00000000cbd00000, 0x00000000cbd00000|
| 140|0x00000000cbe00000, 0x00000000cbe00000, 0x00000000cbf00000|  0%| F|  |TS  1|AC  0|TAMS 0x00000000cbe00000, 0x00000000cbe00000|
| 141|0x00000000cbf00000, 0x00000000cbf00000, 0x00000000cc000000|  0%| F|  |TS  1|AC  0|TAMS 0x00000000cbf00000, 0x00000000cbf00000|
| 142|0x00000000cc000000, 0x00000000cc000000, 0x00000000cc100000|  0%| F|  |TS  1|AC  0|TAMS 0x00000000cc000000, 0x00000000cc000000|
| 143|0x00000000cc100000, 0x00000000cc100000, 0x00000000cc200000|  0%| F|  |TS  1|AC  0|TAMS 0x00000000cc100000, 0x00000000cc100000|
| 144|0x00000000cc200000, 0x00000000cc200000, 0x00000000cc300000|  0%| F|  |TS  1|AC  0|TAMS 0x00000000cc200000, 0x00000000cc200000|
| 145|0x00000000cc300000, 0x00000000cc300000, 0x00000000cc400000|  0%| F|  |TS  1|AC  0|TAMS 0x00000000cc300000, 0x00000000cc300000|
| 146|0x00000000cc400000, 0x00000000cc400000, 0x00000000cc500000|  0%| F|  |TS  1|AC  0|TAMS 0x00000000cc400000, 0x00000000cc400000|
| 147|0x00000000cc500000, 0x00000000cc500000, 0x00000000cc600000|  0%| F|  |TS  1|AC  0|TAMS 0x00000000cc500000, 0x00000000cc500000|
| 148|0x00000000cc600000, 0x00000000cc600000, 0x00000000cc700000|  0%| F|  |TS  1|AC  0|TAMS 0x00000000cc600000, 0x00000000cc600000|
| 149|0x00000000cc700000, 0x00000000cc700000, 0x00000000cc800000|  0%| F|  |TS  1|AC  0|TAMS 0x00000000cc700000, 0x00000000cc700000|
| 150|0x00000000cc800000, 0x00000000cc800000, 0x00000000cc900000|  0%| F|  |TS  1|AC  0|TAMS 0x00000000cc800000, 0x00000000cc800000|
| 151|0x00000000cc900000, 0x00000000cc900000, 0x00000000cca00000|  0%| F|  |TS  1|AC  0|TAMS 0x00000000cc900000, 0x00000000cc900000|
| 152|0x00000000cca00000, 0x00000000cca00000, 0x00000000ccb00000|  0%| F|  |TS  1|AC  0|TAMS 0x00000000cca00000, 0x00000000cca00000|
| 153|0x00000000ccb00000, 0x00000000ccb00000, 0x00000000ccc00000|  0%| F|  |TS  1|AC  0|TAMS 0x00000000ccb00000, 0x00000000ccb00000|
| 154|0x00000000ccc00000, 0x00000000ccc00000, 0x00000000ccd00000|  0%| F|  |TS  1|AC  0|TAMS 0x00000000ccc00000, 0x00000000ccc00000|
| 155|0x00000000ccd00000, 0x00000000ccd00000, 0x00000000cce00000|  0%| F|  |TS  1|AC  0|TAMS 0x00000000ccd00000, 0x00000000ccd00000|
| 156|0x00000000cce00000, 0x00000000cce00000, 0x00000000ccf00000|  0%| F|  |TS  1|AC  0|TAMS 0x00000000cce00000, 0x00000000cce00000|
| 157|0x00000000ccf00000, 0x00000000ccf00000, 0x00000000cd000000|  0%| F|  |TS  1|AC  0|TAMS 0x00000000ccf00000, 0x00000000ccf00000|
| 158|0x00000000cd000000, 0x00000000cd000000, 0x00000000cd100000|  0%| F|  |TS  1|AC  0|TAMS 0x00000000cd000000, 0x00000000cd000000|
| 159|0x00000000cd100000, 0x00000000cd100000, 0x00000000cd200000|  0%| F|  |TS  1|AC  0|TAMS 0x00000000cd100000, 0x00000000cd100000|
| 160|0x00000000cd200000, 0x00000000cd200000, 0x00000000cd300000|  0%| F|  |TS  1|AC  0|TAMS 0x00000000cd200000, 0x00000000cd200000|
| 161|0x00000000cd300000, 0x00000000cd300000, 0x00000000cd400000|  0%| F|  |TS  1|AC  0|TAMS 0x00000000cd300000, 0x00000000cd300000|
| 162|0x00000000cd400000, 0x00000000cd400000, 0x00000000cd500000|  0%| F|  |TS  1|AC  0|TAMS 0x00000000cd400000, 0x00000000cd400000|
| 163|0x00000000cd500000, 0x00000000cd500000, 0x00000000cd600000|  0%| F|  |TS  1|AC  0|TAMS 0x00000000cd500000, 0x00000000cd500000|
| 164|0x00000000cd600000, 0x00000000cd600000, 0x00000000cd700000|  0%| F|  |TS  1|AC  0|TAMS 0x00000000cd600000, 0x00000000cd600000|
| 165|0x00000000cd700000, 0x00000000cd700000, 0x00000000cd800000|  0%| F|  |TS  1|AC  0|TAMS 0x00000000cd700000, 0x00000000cd700000|
| 166|0x00000000cd800000, 0x00000000cd800000, 0x00000000cd900000|  0%| F|  |TS  1|AC  0|TAMS 0x00000000cd800000, 0x00000000cd800000|
| 167|0x00000000cd900000, 0x00000000cd900000, 0x00000000cda00000|  0%| F|  |TS  1|AC  0|TAMS 0x00000000cd900000, 0x00000000cd900000|
| 168|0x00000000cda00000, 0x00000000cda00000, 0x00000000cdb00000|  0%| F|  |TS  1|AC  0|TAMS 0x00000000cda00000, 0x00000000cda00000|
| 169|0x00000000cdb00000, 0x00000000cdb00000, 0x00000000cdc00000|  0%| F|  |TS  1|AC  0|TAMS 0x00000000cdb00000, 0x00000000cdb00000|
| 170|0x00000000cdc00000, 0x00000000cdc00000, 0x00000000cdd00000|  0%| F|  |TS  1|AC  0|TAMS 0x00000000cdc00000, 0x00000000cdc00000|
| 171|0x00000000cdd00000, 0x00000000cdd00000, 0x00000000cde00000|  0%| F|  |TS  1|AC  0|TAMS 0x00000000cdd00000, 0x00000000cdd00000|
| 172|0x00000000cde00000, 0x00000000cde00000, 0x00000000cdf00000|  0%| F|  |TS  1|AC  0|TAMS 0x00000000cde00000, 0x00000000cde00000|
| 173|0x00000000cdf00000, 0x00000000cdf00000, 0x00000000ce000000|  0%| F|  |TS  1|AC  0|TAMS 0x00000000cdf00000, 0x00000000cdf00000|
| 174|0x00000000ce000000, 0x00000000ce000000, 0x00000000ce100000|  0%| F|  |TS  1|AC  0|TAMS 0x00000000ce000000, 0x00000000ce000000|
| 175|0x00000000ce100000, 0x00000000ce100000, 0x00000000ce200000|  0%| F|  |TS 15|AC  0|TAMS 0x00000000ce100000, 0x00000000ce100000|
| 176|0x00000000ce200000, 0x00000000ce200000, 0x00000000ce300000|  0%| F|  |TS 15|AC  0|TAMS 0x00000000ce200000, 0x00000000ce200000|
| 177|0x00000000ce300000, 0x00000000ce34ca10, 0x00000000ce400000| 29%| S|CS|TS 15|AC  0|TAMS 0x00000000ce300000, 0x00000000ce300000|
| 178|0x00000000ce400000, 0x00000000ce500000, 0x00000000ce500000|100%| S|CS|TS 15|AC  0|TAMS 0x00000000ce400000, 0x00000000ce400000|
| 179|0x00000000ce500000, 0x00000000ce500000, 0x00000000ce600000|  0%| F|  |TS 15|AC  0|TAMS 0x00000000ce500000, 0x00000000ce500000|
| 180|0x00000000ce600000, 0x00000000ce600000, 0x00000000ce700000|  0%| F|  |TS 15|AC  0|TAMS 0x00000000ce600000, 0x00000000ce600000|
| 181|0x00000000ce700000, 0x00000000ce700000, 0x00000000ce800000|  0%| F|  |TS 15|AC  0|TAMS 0x00000000ce700000, 0x00000000ce700000|
| 182|0x00000000ce800000, 0x00000000ce800000, 0x00000000ce900000|  0%| F|  |TS 15|AC  0|TAMS 0x00000000ce800000, 0x00000000ce800000|
| 183|0x00000000ce900000, 0x00000000ce900000, 0x00000000cea00000|  0%| F|  |TS 15|AC  0|TAMS 0x00000000ce900000, 0x00000000ce900000|
| 184|0x00000000cea00000, 0x00000000cea00000, 0x00000000ceb00000|  0%| F|  |TS 15|AC  0|TAMS 0x00000000cea00000, 0x00000000cea00000|
| 185|0x00000000ceb00000, 0x00000000ceb00000, 0x00000000cec00000|  0%| F|  |TS 15|AC  0|TAMS 0x00000000ceb00000, 0x00000000ceb00000|

Card table byte_map: [0x00007f8550c97000,0x00007f8550e7e000] byte_map_base: 0x00007f855067e000

Marking Bits (Prev, Next): (CMBitMap*) 0x00007f854c06ea80, (CMBitMap*) 0x00007f854c06eab8
 Prev Bits: [0x00007f8530c05000, 0x00007f8531b3d000)
 Next Bits: [0x00007f850b0c8000, 0x00007f850c000000)

Polling page: 0x00007f8555ab5000

CodeHeap 'non-profiled nmethods': size=120032Kb used=4224Kb max_used=4224Kb free=115808Kb
 bounds [0x00007f8539605000, 0x00007f8539a25000, 0x00007f8540b3d000]
CodeHeap 'profiled nmethods': size=120032Kb used=12843Kb max_used=12843Kb free=107188Kb
 bounds [0x00007f85320cd000, 0x00007f8532d5d000, 0x00007f8539605000]
CodeHeap 'non-nmethods': size=5696Kb used=1286Kb max_used=1377Kb free=4409Kb
 bounds [0x00007f8531b3d000, 0x00007f8531dad000, 0x00007f85320cd000]
 total_blobs=7034 nmethods=5041 adapters=411
 compilation: enabled

Compilation events (10 events):
Event: 109.244 Thread 0x00007f854c167000 nmethod 5091 0x00007f8532d54e10 code [0x00007f8532d55020, 0x00007f8532d55810]
Event: 109.244 Thread 0x00007f854c167000 5092       3       java.util.Hashtable$EntrySet::iterator (9 bytes)
Event: 109.245 Thread 0x00007f854c167000 nmethod 5092 0x00007f8532d55a90 code [0x00007f8532d55c60, 0x00007f8532d55fe8]
Event: 109.246 Thread 0x00007f854c167000 5093       3       org.springframework.aop.framework.autoproxy.AbstractAutoProxyCreator::isInfrastructureClass (96 bytes)
Event: 109.249 Thread 0x00007f854c167000 nmethod 5093 0x00007f8532d56110 code [0x00007f8532d56400, 0x00007f8532d57668]
Event: 109.249 Thread 0x00007f854c167000 5094       1       org.springframework.cglib.core.Block::getCodeEmitter (5 bytes)
Event: 109.249 Thread 0x00007f854c167000 nmethod 5094 0x00007f8539a24490 code [0x00007f8539a24640, 0x00007f8539a24750]
Event: 109.249 Thread 0x00007f854c167000 5095       3       org.springframework.asm.ClassVisitor::visitSource (17 bytes)
Event: 109.250 Thread 0x00007f854c167000 nmethod 5095 0x00007f8532d57a90 code [0x00007f8532d57c40, 0x00007f8532d57e88]
Event: 109.345 Thread 0x00007f854c163000 nmethod 5088 0x00007f8539a24810 code [0x00007f8539a249c0, 0x00007f8539a24eb8]

GC Heap History (10 events):
Event: 75.643 GC heap after
{Heap after GC invocations=14 (full 0):
 garbage-first heap   total 190464K, used 29084K [0x00000000c3200000, 0x00000000c33005d0, 0x0000000100000000)
  region size 1024K, 1 young (1024K), 1 survivors (1024K)
 Metaspace       used 40603K, capacity 42696K, committed 43056K, reserved 1087488K
  class space    used 4737K, capacity 5088K, committed 5168K, reserved 1048576K
}
Event: 82.693 GC heap before
{Heap before GC invocations=14 (full 0):
 garbage-first heap   total 190464K, used 37276K [0x00000000c3200000, 0x00000000c33005d0, 0x0000000100000000)
  region size 1024K, 9 young (9216K), 1 survivors (1024K)
 Metaspace       used 40870K, capacity 43084K, committed 43312K, reserved 1087488K
  class space    used 4766K, capacity 5110K, committed 5168K, reserved 1048576K
}
Event: 82.695 GC heap after
{Heap after GC invocations=15 (full 0):
 garbage-first heap   total 190464K, used 28851K [0x00000000c3200000, 0x00000000c33005d0, 0x0000000100000000)
  region size 1024K, 1 young (1024K), 1 survivors (1024K)
 Metaspace       used 40870K, capacity 43084K, committed 43312K, reserved 1087488K
  class space    used 4766K, capacity 5110K, committed 5168K, reserved 1048576K
}
Event: 87.193 GC heap before
{Heap before GC invocations=15 (full 0):
 garbage-first heap   total 190464K, used 37043K [0x00000000c3200000, 0x00000000c33005d0, 0x0000000100000000)
  region size 1024K, 9 young (9216K), 1 survivors (1024K)
 Metaspace       used 41008K, capacity 43188K, committed 43312K, reserved 1087488K
  class space    used 4783K, capacity 5144K, committed 5168K, reserved 1048576K
}
Event: 87.248 GC heap after
{Heap after GC invocations=16 (full 0):
 garbage-first heap   total 190464K, used 29353K [0x00000000c3200000, 0x00000000c33005d0, 0x0000000100000000)
  region size 1024K, 2 young (2048K), 2 survivors (2048K)
 Metaspace       used 41008K, capacity 43188K, committed 43312K, reserved 1087488K
  class space    used 4783K, capacity 5144K, committed 5168K, reserved 1048576K
}
Event: 98.531 GC heap before
{Heap before GC invocations=16 (full 0):
 garbage-first heap   total 190464K, used 36521K [0x00000000c3200000, 0x00000000c33005d0, 0x0000000100000000)
  region size 1024K, 9 young (9216K), 2 survivors (2048K)
 Metaspace       used 41191K, capacity 43404K, committed 43568K, reserved 1087488K
  class space    used 4812K, capacity 5148K, committed 5168K, reserved 1048576K
}
Event: 99.173 GC heap after
{Heap after GC invocations=17 (full 0):
 garbage-first heap   total 190464K, used 29748K [0x00000000c3200000, 0x00000000c33005d0, 0x0000000100000000)
  region size 1024K, 2 young (2048K), 2 survivors (2048K)
 Metaspace       used 41191K, capacity 43404K, committed 43568K, reserved 1087488K
  class space    used 4812K, capacity 5148K, committed 5168K, reserved 1048576K
}
Event: 105.775 GC heap before
{Heap before GC invocations=17 (full 0):
 garbage-first heap   total 190464K, used 36916K [0x00000000c3200000, 0x00000000c33005d0, 0x0000000100000000)
  region size 1024K, 9 young (9216K), 2 survivors (2048K)
 Metaspace       used 41231K, capacity 43436K, committed 43696K, reserved 1087488K
  class space    used 4815K, capacity 5180K, committed 5296K, reserved 1048576K
}
Event: 107.210 GC heap after
{Heap after GC invocations=18 (full 0):
 garbage-first heap   total 190464K, used 29796K [0x00000000c3200000, 0x00000000c33005d0, 0x0000000100000000)
  region size 1024K, 2 young (2048K), 2 survivors (2048K)
 Metaspace       used 41231K, capacity 43436K, committed 43696K, reserved 1087488K
  class space    used 4815K, capacity 5180K, committed 5296K, reserved 1048576K
}
Event: 110.472 GC heap before
{Heap before GC invocations=18 (full 0):
 garbage-first heap   total 190464K, used 36964K [0x00000000c3200000, 0x00000000c33005d0, 0x0000000100000000)
  region size 1024K, 9 young (9216K), 2 survivors (2048K)
 Metaspace       used 41303K, capacity 43516K, committed 43696K, reserved 1087488K
  class space    used 4824K, capacity 5182K, committed 5296K, reserved 1048576K
}

Deoptimization events (10 events):
Event: 24.390 Thread 0x00007f854c014800 Uncommon trap: reason=unstable_if action=reinterpret pc=0x00007f853980c924 method=org.springframework.util.StringUtils.collectionToDelimitedString(Ljava/util/Collection;Ljava/lang/String;Ljava/lang/String;Ljava/lang/String;)Ljava/lang/String; @ 4 c2
Event: 27.330 Thread 0x00007f854c014800 Uncommon trap: reason=unstable_if action=reinterpret pc=0x00007f853991a008 method=org.springframework.asm.Frame.merge(Lorg/springframework/asm/ClassWriter;I[II)Z @ 80 c2
Event: 27.330 Thread 0x00007f854c014800 Uncommon trap: reason=unstable_if action=reinterpret pc=0x00007f85398b5a78 method=org.springframework.asm.Frame.merge(Lorg/springframework/asm/ClassWriter;I[II)Z @ 80 c2
Event: 27.619 Thread 0x00007f854c014800 Uncommon trap: reason=unstable_if action=reinterpret pc=0x00007f853989bb50 method=org.springframework.asm.Type.getDescriptor(Ljava/lang/StringBuilder;Ljava/lang/Class;)V @ 39 c2
Event: 31.954 Thread 0x00007f854c014800 Uncommon trap: reason=unstable_if action=reinterpret pc=0x00007f8539926248 method=org.springframework.core.annotation.AnnotatedElementUtils.searchWithFindSemantics(Ljava/lang/reflect/AnnotatedElement;Ljava/lang/Class;Ljava/lang/String;Ljava/lang/Class;Lor
Event: 50.484 Thread 0x00007f854c014800 Uncommon trap: reason=unstable_if action=reinterpret pc=0x00007f853985277c method=java.lang.Class.getComponentType()Ljava/lang/Class; @ 4 c2
Event: 50.846 Thread 0x00007f854c014800 Uncommon trap: reason=unstable_if action=reinterpret pc=0x00007f85396c16b4 method=java.util.concurrent.ConcurrentHashMap.transfer([Ljava/util/concurrent/ConcurrentHashMap$Node;[Ljava/util/concurrent/ConcurrentHashMap$Node;)V @ 352 c2
Event: 57.986 Thread 0x00007f854c146000 Uncommon trap: reason=unstable_if action=reinterpret pc=0x00007f85397c635c method=java.util.WeakHashMap.remove(Ljava/lang/Object;)Ljava/lang/Object; @ 67 c2
Event: 73.179 Thread 0x00007f854c014800 Uncommon trap: reason=predicate action=maybe_recompile pc=0x00007f85399842e8 method=org.springframework.util.ReflectionUtils.doWithMethods(Ljava/lang/Class;Lorg/springframework/util/ReflectionUtils$MethodCallback;Lorg/springframework/util/ReflectionUtils$
Event: 78.998 Thread 0x00007f854c014800 Uncommon trap: reason=unstable_if action=reinterpret pc=0x00007f853990d524 method=org.springframework.beans.factory.support.AbstractBeanFactory.isTypeMatch(Ljava/lang/String;Lorg/springframework/core/ResolvableType;)Z @ 493 c2

Classes redefined (0 events):
No events

Internal exceptions (10 events):
Event: 109.228 Thread 0x00007f854c014800 Exception <a 'java/lang/ClassNotFoundException'{0x00000000ce639350}: java/lang/ObjectCustomizer> (0x00000000ce639350) thrown at [/scratch/opt/mach5/mesos/work_dir/slaves/e72b529e-af37-4c00-b29e-141f3b57348c-S1075/frameworks/1735e8a2-a1db-478c-8104-60c8b0a
Event: 109.229 Thread 0x00007f854c014800 Exception <a 'java/lang/ClassNotFoundException'{0x00000000ce658040}: org/springframework/boot/autoconfigure/info/ProjectInfoAutoConfigurationCustomizer> (0x00000000ce658040) thrown at [/scratch/opt/mach5/mesos/work_dir/slaves/e72b529e-af37-4c00-b29e-141f3
Event: 109.230 Thread 0x00007f854c014800 Exception <a 'java/lang/ClassNotFoundException'{0x00000000ce67e8e8}: org/springframework/boot/autoconfigure/info/ProjectInfoAutoConfiguration$$EnhancerBySpringCGLIB$$f4bf9315Customizer> (0x00000000ce67e8e8) thrown at [/scratch/opt/mach5/mesos/work_dir/sla
Event: 109.231 Thread 0x00007f854c014800 Exception <a 'java/lang/ClassNotFoundException'{0x00000000ce6a49c8}: org/springframework/context/annotation/ConfigurationClassEnhancer$EnhancedConfigurationCustomizer> (0x00000000ce6a49c8) thrown at [/scratch/opt/mach5/mesos/work_dir/slaves/e72b529e-af37-
Event: 109.236 Thread 0x00007f854c014800 Exception <a 'java/lang/ClassNotFoundException'{0x00000000ce6c7828}: java/lang/ObjectCustomizer> (0x00000000ce6c7828) thrown at [/scratch/opt/mach5/mesos/work_dir/slaves/e72b529e-af37-4c00-b29e-141f3b57348c-S1075/frameworks/1735e8a2-a1db-478c-8104-60c8b0a
Event: 109.237 Thread 0x00007f854c014800 Exception <a 'java/lang/ClassNotFoundException'{0x00000000ce6e3740}: org/springframework/boot/autoconfigure/jdbc/JdbcPropertiesCustomizer> (0x00000000ce6e3740) thrown at [/scratch/opt/mach5/mesos/work_dir/slaves/e72b529e-af37-4c00-b29e-141f3b57348c-S1075/
Event: 109.240 Thread 0x00007f854c014800 Exception <a 'java/lang/ClassNotFoundException'{0x00000000ce6f3058}: java/lang/ObjectCustomizer> (0x00000000ce6f3058) thrown at [/scratch/opt/mach5/mesos/work_dir/slaves/e72b529e-af37-4c00-b29e-141f3b57348c-S1075/frameworks/1735e8a2-a1db-478c-8104-60c8b0a
Event: 109.241 Thread 0x00007f854c014800 Exception <a 'java/lang/ClassNotFoundException'{0x00000000ce5195b8}: org/springframework/boot/autoconfigure/jdbc/JdbcTemplateAutoConfiguration$JdbcTemplateConfigurationCustomizer> (0x00000000ce5195b8) thrown at [/scratch/opt/mach5/mesos/work_dir/slaves/e7
Event: 109.242 Thread 0x00007f854c014800 Exception <a 'java/lang/ClassNotFoundException'{0x00000000ce5465b0}: org/springframework/boot/autoconfigure/jdbc/JdbcTemplateAutoConfiguration$JdbcTemplateConfiguration$$EnhancerBySpringCGLIB$$d150b469Customizer> (0x00000000ce5465b0) thrown at [/scratch/o
Event: 109.244 Thread 0x00007f854c014800 Exception <a 'java/lang/ClassNotFoundException'{0x00000000ce56be98}: org/springframework/context/annotation/ConfigurationClassEnhancer$EnhancedConfigurationCustomizer> (0x00000000ce56be98) thrown at [/scratch/opt/mach5/mesos/work_dir/slaves/e72b529e-af37-

Events (10 events):
Event: 110.163 loading class org/springframework/jdbc/core/RowMapper done
Event: 110.163 loading class org/springframework/jdbc/core/PreparedStatementSetter
Event: 110.163 loading class org/springframework/jdbc/core/PreparedStatementSetter done
Event: 110.246 loading class org/springframework/jdbc/SQLWarningException
Event: 110.246 loading class org/springframework/jdbc/SQLWarningException done
Event: 110.432 loading class org/springframework/jdbc/UncategorizedSQLException
Event: 110.432 loading class org/springframework/jdbc/UncategorizedSQLException done
Event: 110.471 loading class org/springframework/jdbc/core/ResultSetExtractor
Event: 110.471 loading class org/springframework/jdbc/core/ResultSetExtractor done
Event: 110.472 Executing VM operation: G1IncCollectionPause


Dynamic libraries:
00400000-00401000 r-xp 00000000 08:1b 423717                             /home/lgj/java/jdk-9.0.1/bin/java
00600000-00601000 rw-p 00000000 08:1b 423717                             /home/lgj/java/jdk-9.0.1/bin/java
00fdd000-00ffe000 rw-p 00000000 00:00 0                                  [heap]
c3200000-cec00000 rw-p 00000000 00:00 0 
d8a00000-100000000 ---p 00000000 00:00 0 
100000000-10052c000 rw-p 00000000 00:00 0 
10052c000-140000000 ---p 00000000 00:00 0 
7f84c8000000-7f84c8311000 rw-p 00000000 00:00 0 
7f84c8311000-7f84cc000000 ---p 00000000 00:00 0 
7f84cc000000-7f84cc021000 rw-p 00000000 00:00 0 
7f84cc021000-7f84d0000000 ---p 00000000 00:00 0 
7f84d20f6000-7f84d2276000 rw-p 00000000 00:00 0 
7f84d2276000-7f84d22f6000 ---p 00000000 00:00 0 
7f84d22f6000-7f84d24f6000 rw-p 00000000 00:00 0 
7f84d24f6000-7f84d26f6000 rw-p 00000000 00:00 0 
7f84d26f6000-7f84d28f6000 rw-p 00000000 00:00 0 
7f84d28f6000-7f84d2af6000 rw-p 00000000 00:00 0 
7f84d2af6000-7f84d2cf6000 rw-p 00000000 00:00 0 
7f84d2cf6000-7f84d2ef6000 rw-p 00000000 00:00 0 
7f84d2ef6000-7f84d30f6000 rw-p 00000000 00:00 0 
7f84d30f6000-7f84d32f6000 rw-p 00000000 00:00 0 
7f84d32f6000-7f84d32fb000 r-xp 00000000 08:1b 532383                     /home/lgj/java/jdk-9.0.1/lib/libmanagement_ext.so
7f84d32fb000-7f84d34fa000 ---p 00005000 08:1b 532383                     /home/lgj/java/jdk-9.0.1/lib/libmanagement_ext.so
7f84d34fa000-7f84d34fb000 rw-p 00004000 08:1b 532383                     /home/lgj/java/jdk-9.0.1/lib/libmanagement_ext.so
7f84d34fb000-7f84d34ff000 r-xp 00000000 08:1b 532384                     /home/lgj/java/jdk-9.0.1/lib/libmanagement.so
7f84d34ff000-7f84d36fe000 ---p 00004000 08:1b 532384                     /home/lgj/java/jdk-9.0.1/lib/libmanagement.so
7f84d36fe000-7f84d36ff000 rw-p 00003000 08:1b 532384                     /home/lgj/java/jdk-9.0.1/lib/libmanagement.so
7f84d36ff000-7f84d38ff000 rw-p 00000000 00:00 0 
7f84d38ff000-7f84d3aff000 rw-p 00000000 00:00 0 
7f84d3aff000-7f84d3b03000 ---p 00000000 00:00 0 
7f84d3b03000-7f84d3e00000 rw-p 00000000 00:00 0 
7f84d3e00000-7f84d4000000 rw-p 00000000 00:00 0 
7f84d4000000-7f84d4021000 rw-p 00000000 00:00 0 
7f84d4021000-7f84d8000000 ---p 00000000 00:00 0 
7f84d8000000-7f84d8021000 rw-p 00000000 00:00 0 
7f84d8021000-7f84dc000000 ---p 00000000 00:00 0 
7f84dc000000-7f84dc021000 rw-p 00000000 00:00 0 
7f84dc021000-7f84e0000000 ---p 00000000 00:00 0 
7f84e0000000-7f84e0021000 rw-p 00000000 00:00 0 
7f84e0021000-7f84e4000000 ---p 00000000 00:00 0 
7f84e4000000-7f84e69f1000 rw-p 00000000 00:00 0 
7f84e69f1000-7f84e8000000 ---p 00000000 00:00 0 
7f84e8000000-7f84e8776000 rw-p 00000000 00:00 0 
7f84e8776000-7f84ec000000 ---p 00000000 00:00 0 
7f84ec000000-7f84ec021000 rw-p 00000000 00:00 0 
7f84ec021000-7f84f0000000 ---p 00000000 00:00 0 
7f84f0000000-7f84f200b000 rw-p 00000000 00:00 0 
7f84f200b000-7f84f4000000 ---p 00000000 00:00 0 
7f84f4000000-7f84f4021000 rw-p 00000000 00:00 0 
7f84f4021000-7f84f8000000 ---p 00000000 00:00 0 
7f84f8000000-7f84f8021000 rw-p 00000000 00:00 0 
7f84f8021000-7f84fc000000 ---p 00000000 00:00 0 
7f84fc000000-7f84fc021000 rw-p 00000000 00:00 0 
7f84fc021000-7f8500000000 ---p 00000000 00:00 0 
7f8500000000-7f85003a1000 rw-p 00000000 00:00 0 
7f85003a1000-7f8504000000 ---p 00000000 00:00 0 
7f8504000000-7f8504021000 rw-p 00000000 00:00 0 
7f8504021000-7f8508000000 ---p 00000000 00:00 0 
7f8508011000-7f8508211000 rw-p 00000000 00:00 0 
7f8508211000-7f8508411000 rw-p 00000000 00:00 0 
7f8508411000-7f8508412000 ---p 00000000 00:00 0 
7f8508412000-7f8508512000 rw-p 00000000 00:00 0 
7f8508512000-7f8508516000 ---p 00000000 00:00 0 
7f8508516000-7f8508613000 rw-p 00000000 00:00 0 
7f8508613000-7f8508617000 ---p 00000000 00:00 0 
7f8508617000-7f8508714000 rw-p 00000000 00:00 0 
7f8508714000-7f8508718000 ---p 00000000 00:00 0 
7f8508718000-7f8508815000 rw-p 00000000 00:00 0 
7f8508815000-7f850882b000 r-xp 00000000 08:1b 532348                     /home/lgj/java/jdk-9.0.1/lib/libnet.so
7f850882b000-7f8508a2b000 ---p 00016000 08:1b 532348                     /home/lgj/java/jdk-9.0.1/lib/libnet.so
7f8508a2b000-7f8508a2c000 rw-p 00016000 08:1b 532348                     /home/lgj/java/jdk-9.0.1/lib/libnet.so
7f8508a2c000-7f8508a3c000 r-xp 00000000 08:1b 532345                     /home/lgj/java/jdk-9.0.1/lib/libnio.so
7f8508a3c000-7f8508c3c000 ---p 00010000 08:1b 532345                     /home/lgj/java/jdk-9.0.1/lib/libnio.so
7f8508c3c000-7f8508c3d000 rw-p 00010000 08:1b 532345                     /home/lgj/java/jdk-9.0.1/lib/libnio.so
7f8508c3d000-7f85090c8000 r--p 00000000 08:1a 304                        /usr/lib/locale/locale-archive
7f85090c8000-7f850b0c8000 rwxp 00000000 00:00 0 
7f850b0c8000-7f850b3b0000 rw-p 00000000 00:00 0 
7f850b3b0000-7f850c000000 ---p 00000000 00:00 0 
7f850c000000-7f850c021000 rw-p 00000000 00:00 0 
7f850c021000-7f8510000000 ---p 00000000 00:00 0 
7f8510000000-7f8510021000 rw-p 00000000 00:00 0 
7f8510021000-7f8514000000 ---p 00000000 00:00 0 
7f8514000000-7f8514021000 rw-p 00000000 00:00 0 
7f8514021000-7f8518000000 ---p 00000000 00:00 0 
7f8518000000-7f8518021000 rw-p 00000000 00:00 0 
7f8518021000-7f851c000000 ---p 00000000 00:00 0 
7f851c000000-7f851c021000 rw-p 00000000 00:00 0 
7f851c021000-7f8520000000 ---p 00000000 00:00 0 
7f8520000000-7f8520021000 rw-p 00000000 00:00 0 
7f8520021000-7f8524000000 ---p 00000000 00:00 0 
7f8524000000-7f852402b000 rw-p 00000000 00:00 0 
7f852402b000-7f8528000000 ---p 00000000 00:00 0 
7f8528000000-7f852802d000 rw-p 00000000 00:00 0 
7f852802d000-7f852c000000 ---p 00000000 00:00 0 
7f852c000000-7f852c02e000 rw-p 00000000 00:00 0 
7f852c02e000-7f8530000000 ---p 00000000 00:00 0 
7f8530001000-7f8530005000 ---p 00000000 00:00 0 
7f8530005000-7f8530102000 rw-p 00000000 00:00 0 
7f8530102000-7f8530106000 ---p 00000000 00:00 0 
7f8530106000-7f8530203000 rw-p 00000000 00:00 0 
7f8530203000-7f8530207000 ---p 00000000 00:00 0 
7f8530207000-7f8530304000 rw-p 00000000 00:00 0 
7f8530304000-7f8530308000 ---p 00000000 00:00 0 
7f8530308000-7f8530eed000 rw-p 00000000 00:00 0 
7f8530eed000-7f8531b3d000 ---p 00000000 00:00 0 
7f8531b3d000-7f8531dad000 rwxp 00000000 00:00 0 
7f8531dad000-7f85320cd000 ---p 00000000 00:00 0 
7f85320cd000-7f8532d5d000 rwxp 00000000 00:00 0 
7f8532d5d000-7f8539605000 ---p 00000000 00:00 0 
7f8539605000-7f8539a25000 rwxp 00000000 00:00 0 
7f8539a25000-7f8540b3d000 ---p 00000000 00:00 0 
7f8540b3d000-7f854c000000 r--s 00000000 08:1b 529700                     /home/lgj/java/jdk-9.0.1/lib/modules
7f854c000000-7f854cd8f000 rw-p 00000000 00:00 0 
7f854cd8f000-7f8550000000 ---p 00000000 00:00 0 
7f8550030000-7f8550034000 ---p 00000000 00:00 0 
7f8550034000-7f8550131000 rw-p 00000000 00:00 0 
7f8550131000-7f8550135000 ---p 00000000 00:00 0 
7f8550135000-7f8550232000 rw-p 00000000 00:00 0 
7f8550232000-7f8550236000 ---p 00000000 00:00 0 
7f8550236000-7f8550333000 rw-p 00000000 00:00 0 
7f8550333000-7f8550334000 ---p 00000000 00:00 0 
7f8550334000-7f85508ae000 rw-p 00000000 00:00 0 
7f85508ae000-7f85508af000 ---p 00000000 00:00 0 
7f85508af000-7f85509af000 rw-p 00000000 00:00 0 
7f85509af000-7f85509b0000 ---p 00000000 00:00 0 
7f85509b0000-7f8550b0d000 rw-p 00000000 00:00 0 
7f8550b0d000-7f8550c97000 ---p 00000000 00:00 0 
7f8550c97000-7f8550cf4000 rw-p 00000000 00:00 0 
7f8550cf4000-7f8551065000 ---p 00000000 00:00 0 
7f8551065000-7f85510c2000 rw-p 00000000 00:00 0 
7f85510c2000-7f855124c000 ---p 00000000 00:00 0 
7f855124c000-7f855124d000 ---p 00000000 00:00 0 
7f855124d000-7f855134d000 rw-p 00000000 00:00 0 
7f855134d000-7f855134e000 ---p 00000000 00:00 0 
7f855134e000-7f855144e000 rw-p 00000000 00:00 0 
7f855144e000-7f855144f000 ---p 00000000 00:00 0 
7f855144f000-7f855154f000 rw-p 00000000 00:00 0 
7f855154f000-7f8551550000 ---p 00000000 00:00 0 
7f8551550000-7f8551650000 rw-p 00000000 00:00 0 
7f8551650000-7f8551651000 ---p 00000000 00:00 0 
7f8551651000-7f8551b55000 rw-p 00000000 00:00 0 
7f8551b55000-7f8551b56000 ---p 00000000 00:00 0 
7f8551b56000-7f8551c56000 rw-p 00000000 00:00 0 
7f8551c56000-7f8551c57000 ---p 00000000 00:00 0 
7f8551c57000-7f8551d57000 rw-p 00000000 00:00 0 
7f8551d57000-7f8551d58000 ---p 00000000 00:00 0 
7f8551d58000-7f8551e58000 rw-p 00000000 00:00 0 
7f8551e58000-7f8551e59000 ---p 00000000 00:00 0 
7f8551e59000-7f8551f62000 rw-p 00000000 00:00 0 
7f8551f62000-7f8552044000 ---p 00000000 00:00 0 
7f8552044000-7f855205e000 rw-p 00000000 00:00 0 
7f855205e000-7f855212f000 ---p 00000000 00:00 0 
7f855212f000-7f8552149000 r-xp 00000000 08:1b 532350                     /home/lgj/java/jdk-9.0.1/lib/libjimage.so
7f8552149000-7f8552348000 ---p 0001a000 08:1b 532350                     /home/lgj/java/jdk-9.0.1/lib/libjimage.so
7f8552348000-7f855234a000 rw-p 00019000 08:1b 532350                     /home/lgj/java/jdk-9.0.1/lib/libjimage.so
7f855234a000-7f855235c000 rw-p 00000000 00:00 0 
7f855235c000-7f8552363000 r-xp 00000000 08:1b 532395                     /home/lgj/java/jdk-9.0.1/lib/libzip.so
7f8552363000-7f8552562000 ---p 00007000 08:1b 532395                     /home/lgj/java/jdk-9.0.1/lib/libzip.so
7f8552562000-7f8552563000 rw-p 00006000 08:1b 532395                     /home/lgj/java/jdk-9.0.1/lib/libzip.so
7f8552563000-7f855256e000 r-xp 00000000 08:1a 693601                     /lib/x86_64-linux-gnu/libnss_files-2.23.so
7f855256e000-7f855276d000 ---p 0000b000 08:1a 693601                     /lib/x86_64-linux-gnu/libnss_files-2.23.so
7f855276d000-7f855276e000 r--p 0000a000 08:1a 693601                     /lib/x86_64-linux-gnu/libnss_files-2.23.so
7f855276e000-7f855276f000 rw-p 0000b000 08:1a 693601                     /lib/x86_64-linux-gnu/libnss_files-2.23.so
7f855276f000-7f8552775000 rw-p 00000000 00:00 0 
7f8552775000-7f8552780000 r-xp 00000000 08:1a 693605                     /lib/x86_64-linux-gnu/libnss_nis-2.23.so
7f8552780000-7f855297f000 ---p 0000b000 08:1a 693605                     /lib/x86_64-linux-gnu/libnss_nis-2.23.so
7f855297f000-7f8552980000 r--p 0000a000 08:1a 693605                     /lib/x86_64-linux-gnu/libnss_nis-2.23.so
7f8552980000-7f8552981000 rw-p 0000b000 08:1a 693605                     /lib/x86_64-linux-gnu/libnss_nis-2.23.so
7f8552981000-7f8552997000 r-xp 00000000 08:1a 693585                     /lib/x86_64-linux-gnu/libnsl-2.23.so
7f8552997000-7f8552b96000 ---p 00016000 08:1a 693585                     /lib/x86_64-linux-gnu/libnsl-2.23.so
7f8552b96000-7f8552b97000 r--p 00015000 08:1a 693585                     /lib/x86_64-linux-gnu/libnsl-2.23.so
7f8552b97000-7f8552b98000 rw-p 00016000 08:1a 693585                     /lib/x86_64-linux-gnu/libnsl-2.23.so
7f8552b98000-7f8552b9a000 rw-p 00000000 00:00 0 
7f8552b9a000-7f8552ba2000 r-xp 00000000 08:1a 693596                     /lib/x86_64-linux-gnu/libnss_compat-2.23.so
7f8552ba2000-7f8552da1000 ---p 00008000 08:1a 693596                     /lib/x86_64-linux-gnu/libnss_compat-2.23.so
7f8552da1000-7f8552da2000 r--p 00007000 08:1a 693596                     /lib/x86_64-linux-gnu/libnss_compat-2.23.so
7f8552da2000-7f8552da3000 rw-p 00008000 08:1a 693596                     /lib/x86_64-linux-gnu/libnss_compat-2.23.so
7f8552da3000-7f8552dad000 r-xp 00000000 08:1b 532336                     /home/lgj/java/jdk-9.0.1/lib/libinstrument.so
7f8552dad000-7f8552fac000 ---p 0000a000 08:1b 532336                     /home/lgj/java/jdk-9.0.1/lib/libinstrument.so
7f8552fac000-7f8552fad000 rw-p 00009000 08:1b 532336                     /home/lgj/java/jdk-9.0.1/lib/libinstrument.so
7f8552fad000-7f8552fd8000 r-xp 00000000 08:1b 532316                     /home/lgj/java/jdk-9.0.1/lib/libjava.so
7f8552fd8000-7f85531d7000 ---p 0002b000 08:1b 532316                     /home/lgj/java/jdk-9.0.1/lib/libjava.so
7f85531d7000-7f85531d9000 rw-p 0002a000 08:1b 532316                     /home/lgj/java/jdk-9.0.1/lib/libjava.so
7f85531d9000-7f85531e6000 r-xp 00000000 08:1b 529714                     /home/lgj/java/jdk-9.0.1/lib/libverify.so
7f85531e6000-7f85533e5000 ---p 0000d000 08:1b 529714                     /home/lgj/java/jdk-9.0.1/lib/libverify.so
7f85533e5000-7f85533e7000 rw-p 0000c000 08:1b 529714                     /home/lgj/java/jdk-9.0.1/lib/libverify.so
7f85533e7000-7f85533ee000 r-xp 00000000 08:1a 693606                     /lib/x86_64-linux-gnu/librt-2.23.so
7f85533ee000-7f85535ed000 ---p 00007000 08:1a 693606                     /lib/x86_64-linux-gnu/librt-2.23.so
7f85535ed000-7f85535ee000 r--p 00006000 08:1a 693606                     /lib/x86_64-linux-gnu/librt-2.23.so
7f85535ee000-7f85535ef000 rw-p 00007000 08:1a 693606                     /lib/x86_64-linux-gnu/librt-2.23.so
7f85535ef000-7f85536f7000 r-xp 00000000 08:1a 663105                     /lib/x86_64-linux-gnu/libm-2.23.so
7f85536f7000-7f85538f6000 ---p 00108000 08:1a 663105                     /lib/x86_64-linux-gnu/libm-2.23.so
7f85538f6000-7f85538f7000 r--p 00107000 08:1a 663105                     /lib/x86_64-linux-gnu/libm-2.23.so
7f85538f7000-7f85538f8000 rw-p 00108000 08:1a 663105                     /lib/x86_64-linux-gnu/libm-2.23.so
7f85538f8000-7f855490c000 r-xp 00000000 08:1b 532390                     /home/lgj/java/jdk-9.0.1/lib/server/libjvm.so
7f855490c000-7f8554b0c000 ---p 01014000 08:1b 532390                     /home/lgj/java/jdk-9.0.1/lib/server/libjvm.so
7f8554b0c000-7f8554bdd000 r--p 01014000 08:1b 532390                     /home/lgj/java/jdk-9.0.1/lib/server/libjvm.so
7f8554bdd000-7f8554c14000 rw-p 010e5000 08:1b 532390                     /home/lgj/java/jdk-9.0.1/lib/server/libjvm.so
7f8554c14000-7f8554c7d000 rw-p 00000000 00:00 0 
7f8554c7d000-7f8554e3d000 r-xp 00000000 08:1a 693588                     /lib/x86_64-linux-gnu/libc-2.23.so
7f8554e3d000-7f855503d000 ---p 001c0000 08:1a 693588                     /lib/x86_64-linux-gnu/libc-2.23.so
7f855503d000-7f8555041000 r--p 001c0000 08:1a 693588                     /lib/x86_64-linux-gnu/libc-2.23.so
7f8555041000-7f8555043000 rw-p 001c4000 08:1a 693588                     /lib/x86_64-linux-gnu/libc-2.23.so
7f8555043000-7f8555047000 rw-p 00000000 00:00 0 
7f8555047000-7f855504a000 r-xp 00000000 08:1a 693590                     /lib/x86_64-linux-gnu/libdl-2.23.so
7f855504a000-7f8555249000 ---p 00003000 08:1a 693590                     /lib/x86_64-linux-gnu/libdl-2.23.so
7f8555249000-7f855524a000 r--p 00002000 08:1a 693590                     /lib/x86_64-linux-gnu/libdl-2.23.so
7f855524a000-7f855524b000 rw-p 00003000 08:1a 693590                     /lib/x86_64-linux-gnu/libdl-2.23.so
7f855524b000-7f8555259000 r-xp 00000000 08:1b 658899                     /home/lgj/java/jdk-9.0.1/lib/jli/libjli.so
7f8555259000-7f8555459000 ---p 0000e000 08:1b 658899                     /home/lgj/java/jdk-9.0.1/lib/jli/libjli.so
7f8555459000-7f855545a000 rw-p 0000e000 08:1b 658899                     /home/lgj/java/jdk-9.0.1/lib/jli/libjli.so
7f855545a000-7f8555472000 r-xp 00000000 08:1a 693587                     /lib/x86_64-linux-gnu/libpthread-2.23.so
7f8555472000-7f8555671000 ---p 00018000 08:1a 693587                     /lib/x86_64-linux-gnu/libpthread-2.23.so
7f8555671000-7f8555672000 r--p 00017000 08:1a 693587                     /lib/x86_64-linux-gnu/libpthread-2.23.so
7f8555672000-7f8555673000 rw-p 00018000 08:1a 693587                     /lib/x86_64-linux-gnu/libpthread-2.23.so
7f8555673000-7f8555677000 rw-p 00000000 00:00 0 
7f8555677000-7f8555690000 r-xp 00000000 08:1a 660153                     /lib/x86_64-linux-gnu/libz.so.1.2.8
7f8555690000-7f855588f000 ---p 00019000 08:1a 660153                     /lib/x86_64-linux-gnu/libz.so.1.2.8
7f855588f000-7f8555890000 r--p 00018000 08:1a 660153                     /lib/x86_64-linux-gnu/libz.so.1.2.8
7f8555890000-7f8555891000 rw-p 00019000 08:1a 660153                     /lib/x86_64-linux-gnu/libz.so.1.2.8
7f8555891000-7f85558b7000 r-xp 00000000 08:1a 693586                     /lib/x86_64-linux-gnu/ld-2.23.so
7f85558fa000-7f8555992000 rw-p 00000000 00:00 0 
7f8555992000-7f8555997000 ---p 00000000 00:00 0 
7f8555997000-7f8555a98000 rw-p 00000000 00:00 0 
7f8555a9f000-7f8555aa5000 rw-p 00000000 00:00 0 
7f8555aa5000-7f8555aac000 ---p 00000000 00:00 0 
7f8555aac000-7f8555ab4000 rw-s 00000000 08:19 345                        /tmp/hsperfdata_lgj/31621
7f8555ab4000-7f8555ab5000 rw-p 00000000 00:00 0 
7f8555ab5000-7f8555ab6000 ---p 00000000 00:00 0 
7f8555ab6000-7f8555ab7000 r--p 00025000 08:1a 693586                     /lib/x86_64-linux-gnu/ld-2.23.so
7f8555ab7000-7f8555ab8000 rw-p 00026000 08:1a 693586                     /lib/x86_64-linux-gnu/ld-2.23.so
7f8555ab8000-7f8555ab9000 rw-p 00000000 00:00 0 
7fff6a41d000-7fff6a440000 rw-p 00000000 00:00 0                          [stack]
7fff6a4b5000-7fff6a4b8000 r--p 00000000 00:00 0                          [vvar]
7fff6a4b8000-7fff6a4ba000 r-xp 00000000 00:00 0                          [vdso]
ffffffffff600000-ffffffffff601000 r-xp 00000000 00:00 0                  [vsyscall]

VM Arguments:
jvm_args: -ea -Didea.test.cyclic.buffer.size=1048576 -javaagent:/home/lgj/Downloads/idea-IU-181.5281.24/lib/idea_rt.jar=44404:/home/lgj/Downloads/idea-IU-181.5281.24/bin -Dfile.encoding=UTF-8 
java_command: com.intellij.rt.execution.junit.JUnitStarter -ideVersion5 -junit4 com.controller.MvcMethodParamControllerTest
java_class_path (initial): /home/lgj/Downloads/idea-IU-181.5281.24/lib/idea_rt.jar:/home/lgj/Downloads/idea-IU-181.5281.24/plugins/junit/lib/junit-rt.jar:/home/lgj/Downloads/idea-IU-181.5281.24/plugins/junit/lib/junit5-rt.jar:/home/lgj/aProject/SpringBootStudy/ch4/target/test-classes:/home/lgj/aProject/SpringBootStudy/ch4/target/classes:/home/lgj/.m2/repository/org/springframework/boot/spring-boot-starter-web/2.0.3.RELEASE/spring-boot-starter-web-2.0.3.RELEASE.jar:/home/lgj/.m2/repository/org/springframework/boot/spring-boot-starter/2.0.3.RELEASE/spring-boot-starter-2.0.3.RELEASE.jar:/home/lgj/.m2/repository/org/springframework/boot/spring-boot-starter-logging/2.0.3.RELEASE/spring-boot-starter-logging-2.0.3.RELEASE.jar:/home/lgj/.m2/repository/ch/qos/logback/logback-classic/1.2.3/logback-classic-1.2.3.jar:/home/lgj/.m2/repository/ch/qos/logback/logback-core/1.2.3/logback-core-1.2.3.jar:/home/lgj/.m2/repository/org/apache/logging/log4j/log4j-to-slf4j/2.10.0/log4j-to-slf4j-2.10.0.jar:/home/lgj/.m2/repository/org/apache/logging/log4j/log4j-api/2.10.0/log4j-api-2.10.0.jar:/home/lgj/.m2/repository/org/slf4j/jul-to-slf4j/1.7.25/jul-to-slf4j-1.7.25.jar:/home/lgj/.m2/repository/javax/annotation/javax.annotation-api/1.3.2/javax.annotation-api-1.3.2.jar:/home/lgj/.m2/repository/org/yaml/snakeyaml/1.19/snakeyaml-1.19.jar:/home/lgj/.m2/repository/org/springframework/boot/spring-boot-starter-json/2.0.3.RELEASE/spring-boot-starter-json-2.0.3.RELEASE.jar:/home/lgj/.m2/repository/com/fasterxml/jackson/core/jackson-databind/2.9.6/jackson-databind-2.9.6.jar:/home/lgj/.m2/repository/com/fasterxml/jackson/core/jackson-annotations/2.9.0/jackson-annotations-2.9.0.jar:/home/lgj/.m2/repository/com/fasterxml/jackson/core/jackson-core/2.9.6/jackson-core-2.9.6.jar:/home/lgj/.m2/repository/com/fasterxml/jackson/datatype/jackson-datatype-jdk8/2.9.6/jackson-datatype-jdk8-2.9.6.jar:/home/lgj/.m2/repository/com/fasterxml/jackson/datatype/jackson-datatype-jsr310/2.9.6/jackson-datatype-jsr310-2.9.
Launcher Type: SUN_STANDARD

Logging:
Log output configuration:
#0: stdout all=warning uptime,level,tags
#1: stderr all=off uptime,level,tags

Environment Variables:
JAVA_HOME=/home/lgj/java/jdk-9.0.1
JRE_HOME=/home/lgj/java/jdk-9.0.1/jre
CLASSPATH=/home/lgj/Downloads/idea-IU-181.5281.24/lib/bootstrap.jar:/home/lgj/Downloads/idea-IU-181.5281.24/lib/extensions.jar:/home/lgj/Downloads/idea-IU-181.5281.24/lib/util.jar:/home/lgj/Downloads/idea-IU-181.5281.24/lib/jdom.jar:/home/lgj/Downloads/idea-IU-181.5281.24/lib/log4j.jar:/home/lgj/Downloads/idea-IU-181.5281.24/lib/trove4j.jar:/home/lgj/Downloads/idea-IU-181.5281.24/lib/jna.jar:/home/lgj/Downloads/idea-IU-181.5281.24/jre64/lib/tools.jar
PATH=/home/lgj/bin:/home/lgj/java/jdk-9.0.1/bin:/usr/local/sbin:/usr/local/bin:/usr/sbin:/usr/bin:/sbin:/bin:/usr/games:/usr/local/games:/bin/:/home/lgj/java/redis-4.0.9/scr:/home/lgj/java/spring-2.1.0.BUILD-SNAPSHOT/bin
SHELL=/bin/bash
DISPLAY=:0

Signal Handlers:
SIGSEGV: [libjvm.so+0xd4ce90], sa_mask[0]=11111111011111111101111111111110, sa_flags=SA_RESTART|SA_SIGINFO
SIGBUS: [libjvm.so+0xd4ce90], sa_mask[0]=11111111011111111101111111111110, sa_flags=SA_RESTART|SA_SIGINFO
SIGFPE: [libjvm.so+0xd4ce90], sa_mask[0]=11111111011111111101111111111110, sa_flags=SA_RESTART|SA_SIGINFO
SIGPIPE: [libjvm.so+0xb64460], sa_mask[0]=11111111011111111101111111111110, sa_flags=SA_RESTART|SA_SIGINFO
SIGXFSZ: [libjvm.so+0xb64460], sa_mask[0]=11111111011111111101111111111110, sa_flags=SA_RESTART|SA_SIGINFO
SIGILL: [libjvm.so+0xd4ce90], sa_mask[0]=11111111011111111101111111111110, sa_flags=SA_RESTART|SA_SIGINFO
SIGUSR2: [libjvm.so+0xb64320], sa_mask[0]=00100000000000000000000000000000, sa_flags=SA_RESTART|SA_SIGINFO
SIGHUP: [libjvm.so+0xb64530], sa_mask[0]=11111111011111111101111111111110, sa_flags=SA_RESTART|SA_SIGINFO
SIGINT: [libjvm.so+0xb64530], sa_mask[0]=11111111011111111101111111111110, sa_flags=SA_RESTART|SA_SIGINFO
SIGTERM: [libjvm.so+0xb64530], sa_mask[0]=11111111011111111101111111111110, sa_flags=SA_RESTART|SA_SIGINFO
SIGQUIT: [libjvm.so+0xb64530], sa_mask[0]=11111111011111111101111111111110, sa_flags=SA_RESTART|SA_SIGINFO


---------------  S Y S T E M  ---------------

OS:DISTRIB_ID=Ubuntu
DISTRIB_RELEASE=16.04
DISTRIB_CODENAME=xenial
DISTRIB_DESCRIPTION="Ubuntu 16.04.3 LTS"
uname:Linux 4.4.0-128-generic #154-Ubuntu SMP Fri May 25 14:15:18 UTC 2018 x86_64
libc:glibc 2.23 NPTL 2.23 
rlimit: STACK 8192k, CORE 0k, NPROC 15418, NOFILE 1048576, AS infinity
load average:9.79 5.68 4.04

/proc/meminfo:
MemTotal:        3988020 kB
MemFree:          112684 kB
MemAvailable:      40388 kB
Buffers:            2280 kB
Cached:           362124 kB
SwapCached:         3604 kB
Active:          2621124 kB
Inactive:        1000684 kB
Active(anon):    2596132 kB
Inactive(anon):   973044 kB
Active(file):      24992 kB
Inactive(file):    27640 kB
Unevictable:          52 kB
Mlocked:              52 kB
SwapTotal:       1998844 kB
SwapFree:             16 kB
Dirty:               288 kB
Writeback:             0 kB
AnonPages:       3256080 kB
Mapped:           162732 kB
Shmem:            310896 kB
Slab:             100536 kB
SReclaimable:      43088 kB
SUnreclaim:        57448 kB
KernelStack:       14336 kB
PageTables:        67492 kB
NFS_Unstable:          0 kB
Bounce:                0 kB
WritebackTmp:          0 kB
CommitLimit:     3992852 kB
Committed_AS:   11454108 kB
VmallocTotal:   34359738367 kB
VmallocUsed:           0 kB
VmallocChunk:          0 kB
HardwareCorrupted:     0 kB
AnonHugePages:         0 kB
CmaTotal:              0 kB
CmaFree:               0 kB
HugePages_Total:       0
HugePages_Free:        0
HugePages_Rsvd:        0
HugePages_Surp:        0
Hugepagesize:       2048 kB
DirectMap4k:      219392 kB
DirectMap2M:     3917824 kB


CPU:total 4 (initial active 4) (2 cores per cpu, 2 threads per core) family 6 model 42 stepping 7, cmov, cx8, fxsr, mmx, sse, sse2, sse3, ssse3, sse4.1, sse4.2, popcnt, avx, aes, clmul, ht, tsc, tscinvbit
CPU Model and flags from /proc/cpuinfo:
model name	: Intel(R) Core(TM) i5-2450M CPU @ 2.50GHz
flags		: fpu vme de pse tsc msr pae mce cx8 apic sep mtrr pge mca cmov pat pse36 clflush dts acpi mmx fxsr sse sse2 ss ht tm pbe syscall nx rdtscp lm constant_tsc arch_perfmon pebs bts rep_good nopl xtopology nonstop_tsc aperfmperf eagerfpu pni pclmulqdq dtes64 monitor ds_cpl vmx est tm2 ssse3 cx16 xtpr pdcm pcid sse4_1 sse4_2 x2apic popcnt tsc_deadline_timer aes xsave avx lahf_lm epb ibrs ibpb stibp kaiser tpr_shadow vnmi flexpriority ept vpid xsaveopt dtherm ida arat pln pts

Memory: 4k page, physical 3988020k(112684k free), swap 1998844k(16k free)

vm_info: Java HotSpot(TM) 64-Bit Server VM (9.0.1+11) for linux-amd64 JRE (9.0.1+11), built on Sep 27 2017 20:48:27 by "mach5one" with gcc 4.9.2

END.
